**** The Simulator log: stage 2
0.0,OOP_Ex0_Elevator_Simulator
0.0,Simulated Building, ex0.simulator.Builging_A [-2,10]
0) ex0.simulator.Elevator_A, Elev_0, speed: 1.0, open/close: 2.0,  start/stop: 3.0
1) ex0.simulator.Elevator_A, Elev_1, speed: 1.0, open/close: 2.0,  start/stop: 3.0
0.0,Simulated Period starTime,0.0,  endTime,1000.0,  dt,1.0
0.0,Simulated  calls,Elevetor log, size: 100
0.0,**** Simulation starts!! ****
0.0, elevID,0,  pos,-2,  cmd, goto,4
0.0, elevID,1,  pos,-2,  cmd, goto,-2
0.0, elevID,1,  pos,-2,  cmd, goto,5
5.0,Elevator call,4.374727290393253,0,-1,1,1, got allocated to elevator, 1
16.0, elevID,0,  pos,4,  cmd, goto,3
17.0,Elevator call,16.957882888088932,-1,0,1,0, got allocated to elevator, 0
17.0, elevID,1,  pos,5,  cmd, goto,6
23.0,Elevator call,22.094056301593582,0,-1,1,0, got allocated to elevator, 0
27.0, elevID,0,  pos,3,  cmd, goto,2
28.0, elevID,1,  pos,6,  cmd, goto,7
38.0, elevID,0,  pos,2,  cmd, goto,1
39.0, elevID,1,  pos,7,  cmd, goto,8
49.0, elevID,0,  pos,1,  cmd, goto,0
50.0, elevID,1,  pos,8,  cmd, goto,9
60.0,Elev,0,  arrived at src, 0, Elevator call,22.094056301593582,0,-1,2,0
60.0, elevID,0,  pos,0,  cmd, goto,-1
61.0, elevID,1,  pos,9,  cmd, goto,10
71.0,Elev,0,  arrived at src, -1, Elevator call,16.957882888088932,-1,0,2,0
71.0,Elev,0,  arrived at dest, -1, this call is done!, Elevator call,22.094056301593582,0,-1,3,0, Done, dt, 48.90594369840642
71.0, elevID,0,  pos,-1,  cmd, goto,-2
72.0, elevID,1,  pos,10,  cmd, goto,-2
82.0, elevID,0,  pos,-2,  cmd, goto,10
86.0,Elevator call,85.5209666204754,3,2,1,1, got allocated to elevator, 1
92.0,Elevator call,91.21019413453945,-1,-2,1,1, got allocated to elevator, 1
94.0, elevID,1,  pos,-2,  cmd, goto,-1
104.0, elevID,0,  pos,10,  cmd, goto,9
105.0,Elevator call,104.13701241869234,0,4,1,1, got allocated to elevator, 1
105.0,Elev,1,  arrived at src, -1, Elevator call,91.21019413453945,-1,-2,2,1
105.0, elevID,1,  pos,-1,  cmd, goto,0
110.0,Elevator call,109.21352909346587,-1,0,1,1, got allocated to elevator, 1
115.0,Elevator call,114.39235096774041,3,0,1,1, got allocated to elevator, 1
115.0, elevID,0,  pos,9,  cmd, goto,8
116.0,Elev,1,  arrived at src, 0, Elevator call,4.374727290393253,0,-1,2,1
116.0,Elev,1,  arrived at src, 0, Elevator call,104.13701241869234,0,4,2,1
116.0, elevID,1,  pos,0,  cmd, goto,1
125.0,Elevator call,124.42557095980362,0,9,1,0, got allocated to elevator, 0
126.0, elevID,0,  pos,8,  cmd, goto,7
127.0, elevID,1,  pos,1,  cmd, goto,2
131.0,Elevator call,130.02495678190564,8,10,1,0, got allocated to elevator, 0
131.0,Elevator call,130.224911275492,-1,1,1,0, got allocated to elevator, 0
137.0, elevID,0,  pos,7,  cmd, goto,6
138.0,Elevator call,137.9515274326701,0,4,1,0, got allocated to elevator, 0
138.0, elevID,1,  pos,2,  cmd, goto,3
144.0,Elevator call,143.91335838799415,0,6,1,0, got allocated to elevator, 0
148.0, elevID,0,  pos,6,  cmd, goto,5
149.0,Elev,1,  arrived at src, 3, Elevator call,85.5209666204754,3,2,2,1
149.0,Elev,1,  arrived at src, 3, Elevator call,114.39235096774041,3,0,2,1
149.0, elevID,1,  pos,3,  cmd, goto,4
159.0, elevID,0,  pos,5,  cmd, goto,4
160.0,Elev,1,  arrived at dest, 4, this call is done!, Elevator call,104.13701241869234,0,4,3,1, Done, dt, 55.862987581307664
160.0, elevID,1,  pos,4,  cmd, goto,5
170.0,Elevator call,169.78458339380109,-1,0,1,0, got allocated to elevator, 0
170.0, elevID,0,  pos,4,  cmd, goto,3
171.0,Elevator call,170.0099620835246,0,6,1,0, got allocated to elevator, 0
171.0, elevID,1,  pos,5,  cmd, goto,6
172.0,Elevator call,171.21173315221364,-1,8,1,0, got allocated to elevator, 0
175.0,Elevator call,174.84385152106802,0,-1,1,0, got allocated to elevator, 0
181.0, elevID,0,  pos,3,  cmd, goto,2
182.0, elevID,1,  pos,6,  cmd, goto,7
188.0,Elevator call,187.11678617348463,-1,-2,1,0, got allocated to elevator, 0
188.0,Elevator call,187.7299317966884,-1,-2,1,0, got allocated to elevator, 0
192.0, elevID,0,  pos,2,  cmd, goto,1
193.0, elevID,1,  pos,7,  cmd, goto,8
196.0,Elevator call,195.90869649656992,0,7,1,0, got allocated to elevator, 0
198.0,Elevator call,197.5359191292572,-1,1,1,0, got allocated to elevator, 0
203.0, elevID,0,  pos,1,  cmd, goto,0
204.0, elevID,1,  pos,8,  cmd, goto,9
206.0,Elevator call,205.9895199338651,-1,0,1,0, got allocated to elevator, 0
214.0,Elev,0,  arrived at dest, 0, this call is done!, Elevator call,16.957882888088932,-1,0,3,0, Done, dt, 197.04211711191107
214.0,Elev,0,  arrived at src, 0, Elevator call,124.42557095980362,0,9,2,0
214.0,Elev,0,  arrived at src, 0, Elevator call,137.9515274326701,0,4,2,0
214.0,Elev,0,  arrived at src, 0, Elevator call,143.91335838799415,0,6,2,0
214.0,Elev,0,  arrived at src, 0, Elevator call,170.0099620835246,0,6,2,0
214.0,Elev,0,  arrived at src, 0, Elevator call,174.84385152106802,0,-1,2,0
214.0,Elev,0,  arrived at src, 0, Elevator call,195.90869649656992,0,7,2,0
214.0, elevID,0,  pos,0,  cmd, goto,-1
215.0, elevID,1,  pos,9,  cmd, goto,10
225.0,Elev,0,  arrived at src, -1, Elevator call,130.224911275492,-1,1,2,0
225.0,Elev,0,  arrived at src, -1, Elevator call,169.78458339380109,-1,0,2,0
225.0,Elev,0,  arrived at src, -1, Elevator call,171.21173315221364,-1,8,2,0
225.0,Elev,0,  arrived at dest, -1, this call is done!, Elevator call,174.84385152106802,0,-1,3,0, Done, dt, 50.15614847893198
225.0,Elev,0,  arrived at src, -1, Elevator call,187.11678617348463,-1,-2,2,0
225.0,Elev,0,  arrived at src, -1, Elevator call,187.7299317966884,-1,-2,2,0
225.0,Elev,0,  arrived at src, -1, Elevator call,197.5359191292572,-1,1,2,0
225.0,Elev,0,  arrived at src, -1, Elevator call,205.9895199338651,-1,0,2,0
225.0, elevID,0,  pos,-1,  cmd, goto,-2
226.0, elevID,1,  pos,10,  cmd, goto,-2
228.0,Elevator call,227.0798304557929,-1,5,1,0, got allocated to elevator, 0
232.0,Elevator call,231.51578817426258,-1,0,1,1, got allocated to elevator, 1
233.0,Elevator call,232.95043623946805,0,-1,1,1, got allocated to elevator, 1
236.0,Elev,0,  arrived at dest, -2, this call is done!, Elevator call,187.11678617348463,-1,-2,3,0, Done, dt, 48.88321382651537
236.0,Elev,0,  arrived at dest, -2, this call is done!, Elevator call,187.7299317966884,-1,-2,3,0, Done, dt, 48.27006820331161
236.0, elevID,0,  pos,-2,  cmd, goto,10
248.0,Elev,1,  arrived at dest, -2, this call is done!, Elevator call,91.21019413453945,-1,-2,3,1, Done, dt, 156.78980586546055
248.0, elevID,1,  pos,-2,  cmd, goto,-1
252.0,Elevator call,251.10444690749756,-1,-2,1,1, got allocated to elevator, 1
252.0,Elevator call,251.23593354161653,0,9,1,1, got allocated to elevator, 1
255.0,Elevator call,254.69771525200505,3,4,1,1, got allocated to elevator, 1
258.0,Elevator call,257.7974435335086,-1,0,1,1, got allocated to elevator, 1
258.0, elevID,0,  pos,10,  cmd, goto,9
259.0,Elev,1,  arrived at dest, -1, this call is done!, Elevator call,4.374727290393253,0,-1,3,1, Done, dt, 254.62527270960675
259.0,Elev,1,  arrived at src, -1, Elevator call,109.21352909346587,-1,0,2,1
259.0,Elev,1,  arrived at src, -1, Elevator call,231.51578817426258,-1,0,2,1
259.0,Elev,1,  arrived at src, -1, Elevator call,251.10444690749756,-1,-2,2,1
259.0,Elev,1,  arrived at src, -1, Elevator call,257.7974435335086,-1,0,2,1
259.0, elevID,1,  pos,-1,  cmd, goto,0
269.0,Elev,0,  arrived at dest, 9, this call is done!, Elevator call,124.42557095980362,0,9,3,0, Done, dt, 144.57442904019638
269.0, elevID,0,  pos,9,  cmd, goto,8
270.0,Elev,1,  arrived at dest, 0, this call is done!, Elevator call,109.21352909346587,-1,0,3,1, Done, dt, 160.78647090653413
270.0,Elev,1,  arrived at dest, 0, this call is done!, Elevator call,114.39235096774041,3,0,3,1, Done, dt, 155.6076490322596
270.0,Elev,1,  arrived at dest, 0, this call is done!, Elevator call,231.51578817426258,-1,0,3,1, Done, dt, 38.48421182573742
270.0,Elev,1,  arrived at src, 0, Elevator call,232.95043623946805,0,-1,2,1
270.0,Elev,1,  arrived at src, 0, Elevator call,251.23593354161653,0,9,2,1
270.0,Elev,1,  arrived at dest, 0, this call is done!, Elevator call,257.7974435335086,-1,0,3,1, Done, dt, 12.202556466491387
270.0, elevID,1,  pos,0,  cmd, goto,1
280.0,Elev,0,  arrived at src, 8, Elevator call,130.02495678190564,8,10,2,0
280.0,Elev,0,  arrived at dest, 8, this call is done!, Elevator call,171.21173315221364,-1,8,3,0, Done, dt, 108.78826684778636
280.0, elevID,0,  pos,8,  cmd, goto,7
281.0, elevID,1,  pos,1,  cmd, goto,2
291.0,Elev,0,  arrived at dest, 7, this call is done!, Elevator call,195.90869649656992,0,7,3,0, Done, dt, 95.09130350343008
291.0, elevID,0,  pos,7,  cmd, goto,6
292.0,Elev,1,  arrived at dest, 2, this call is done!, Elevator call,85.5209666204754,3,2,3,1, Done, dt, 206.4790333795246
292.0, elevID,1,  pos,2,  cmd, goto,3
296.0,Elevator call,295.7943356681491,0,1,1,0, got allocated to elevator, 0
302.0,Elev,0,  arrived at dest, 6, this call is done!, Elevator call,143.91335838799415,0,6,3,0, Done, dt, 158.08664161200585
302.0,Elev,0,  arrived at dest, 6, this call is done!, Elevator call,170.0099620835246,0,6,3,0, Done, dt, 131.9900379164754
302.0, elevID,0,  pos,6,  cmd, goto,5
303.0,Elev,1,  arrived at src, 3, Elevator call,254.69771525200505,3,4,2,1
303.0, elevID,1,  pos,3,  cmd, goto,4
305.0,Elevator call,304.99843880775313,6,0,1,0, got allocated to elevator, 0
310.0,Elevator call,309.30053828560517,0,-1,1,0, got allocated to elevator, 0
313.0,Elevator call,312.30185564398687,0,-1,1,0, got allocated to elevator, 0
313.0, elevID,0,  pos,5,  cmd, goto,4
314.0,Elev,1,  arrived at dest, 4, this call is done!, Elevator call,254.69771525200505,3,4,3,1, Done, dt, 59.302284747994946
314.0, elevID,1,  pos,4,  cmd, goto,5
317.0,Elevator call,316.03237827404377,0,-1,1,0, got allocated to elevator, 0
320.0,Elevator call,319.90520204415634,6,5,1,1, got allocated to elevator, 1
321.0,Elevator call,320.97607492210807,-1,0,1,0, got allocated to elevator, 0
322.0,Elevator call,321.37040904796595,7,-1,1,1, got allocated to elevator, 1
324.0,Elev,0,  arrived at dest, 4, this call is done!, Elevator call,137.9515274326701,0,4,3,0, Done, dt, 186.0484725673299
324.0, elevID,0,  pos,4,  cmd, goto,3
325.0, elevID,1,  pos,5,  cmd, goto,6
333.0,Elevator call,332.4267319393355,0,10,1,0, got allocated to elevator, 0
335.0, elevID,0,  pos,3,  cmd, goto,2
336.0,Elev,1,  arrived at src, 6, Elevator call,319.90520204415634,6,5,2,1
336.0, elevID,1,  pos,6,  cmd, goto,7
337.0,Elevator call,336.93043046159545,-1,0,1,0, got allocated to elevator, 0
346.0, elevID,0,  pos,2,  cmd, goto,1
347.0,Elev,1,  arrived at src, 7, Elevator call,321.37040904796595,7,-1,2,1
347.0, elevID,1,  pos,7,  cmd, goto,8
357.0,Elev,0,  arrived at dest, 1, this call is done!, Elevator call,130.224911275492,-1,1,3,0, Done, dt, 226.775088724508
357.0,Elev,0,  arrived at dest, 1, this call is done!, Elevator call,197.5359191292572,-1,1,3,0, Done, dt, 159.4640808707428
357.0, elevID,0,  pos,1,  cmd, goto,0
358.0, elevID,1,  pos,8,  cmd, goto,9
368.0,Elev,0,  arrived at dest, 0, this call is done!, Elevator call,169.78458339380109,-1,0,3,0, Done, dt, 198.21541660619891
368.0,Elev,0,  arrived at dest, 0, this call is done!, Elevator call,205.9895199338651,-1,0,3,0, Done, dt, 162.0104800661349
368.0,Elev,0,  arrived at src, 0, Elevator call,295.7943356681491,0,1,2,0
368.0,Elev,0,  arrived at src, 0, Elevator call,309.30053828560517,0,-1,2,0
368.0,Elev,0,  arrived at src, 0, Elevator call,312.30185564398687,0,-1,2,0
368.0,Elev,0,  arrived at src, 0, Elevator call,316.03237827404377,0,-1,2,0
368.0,Elev,0,  arrived at src, 0, Elevator call,332.4267319393355,0,10,2,0
368.0, elevID,0,  pos,0,  cmd, goto,-1
369.0,Elev,1,  arrived at dest, 9, this call is done!, Elevator call,251.23593354161653,0,9,3,1, Done, dt, 117.76406645838347
369.0, elevID,1,  pos,9,  cmd, goto,10
376.0,Elevator call,375.49048095381363,1,0,1,1, got allocated to elevator, 1
379.0,Elev,0,  arrived at src, -1, Elevator call,227.0798304557929,-1,5,2,0
379.0,Elev,0,  arrived at dest, -1, this call is done!, Elevator call,309.30053828560517,0,-1,3,0, Done, dt, 69.69946171439483
379.0,Elev,0,  arrived at dest, -1, this call is done!, Elevator call,312.30185564398687,0,-1,3,0, Done, dt, 66.69814435601313
379.0,Elev,0,  arrived at dest, -1, this call is done!, Elevator call,316.03237827404377,0,-1,3,0, Done, dt, 62.967621725956235
379.0,Elev,0,  arrived at src, -1, Elevator call,320.97607492210807,-1,0,2,0
379.0,Elev,0,  arrived at src, -1, Elevator call,336.93043046159545,-1,0,2,0
379.0, elevID,0,  pos,-1,  cmd, goto,-2
380.0, elevID,1,  pos,10,  cmd, goto,-2
390.0, elevID,0,  pos,-2,  cmd, goto,10
393.0,Elevator call,392.5160764870397,0,5,1,1, got allocated to elevator, 1
402.0,Elev,1,  arrived at dest, -2, this call is done!, Elevator call,251.10444690749756,-1,-2,3,1, Done, dt, 150.89555309250244
402.0, elevID,1,  pos,-2,  cmd, goto,-1
406.0,Elevator call,405.1821140884023,-1,10,1,1, got allocated to elevator, 1
412.0,Elev,0,  arrived at dest, 10, this call is done!, Elevator call,130.02495678190564,8,10,3,0, Done, dt, 281.97504321809436
412.0,Elev,0,  arrived at dest, 10, this call is done!, Elevator call,332.4267319393355,0,10,3,0, Done, dt, 79.57326806066447
412.0, elevID,0,  pos,10,  cmd, goto,9
413.0,Elev,1,  arrived at dest, -1, this call is done!, Elevator call,232.95043623946805,0,-1,3,1, Done, dt, 180.04956376053195
413.0,Elev,1,  arrived at dest, -1, this call is done!, Elevator call,321.37040904796595,7,-1,3,1, Done, dt, 91.62959095203405
413.0,Elev,1,  arrived at src, -1, Elevator call,405.1821140884023,-1,10,2,1
413.0, elevID,1,  pos,-1,  cmd, goto,0
423.0, elevID,0,  pos,9,  cmd, goto,8
424.0,Elev,1,  arrived at src, 0, Elevator call,392.5160764870397,0,5,2,1
424.0, elevID,1,  pos,0,  cmd, goto,1
427.0,Elevator call,426.8615805478589,2,0,1,1, got allocated to elevator, 1
434.0, elevID,0,  pos,8,  cmd, goto,7
435.0,Elev,1,  arrived at src, 1, Elevator call,375.49048095381363,1,0,2,1
435.0, elevID,1,  pos,1,  cmd, goto,2
438.0,Elevator call,437.17111576125836,1,0,1,1, got allocated to elevator, 1
445.0, elevID,0,  pos,7,  cmd, goto,6
446.0,Elev,1,  arrived at src, 2, Elevator call,426.8615805478589,2,0,2,1
446.0, elevID,1,  pos,2,  cmd, goto,3
456.0,Elev,0,  arrived at src, 6, Elevator call,304.99843880775313,6,0,2,0
456.0, elevID,0,  pos,6,  cmd, goto,5
457.0, elevID,1,  pos,3,  cmd, goto,4
467.0,Elev,0,  arrived at dest, 5, this call is done!, Elevator call,227.0798304557929,-1,5,3,0, Done, dt, 239.9201695442071
467.0, elevID,0,  pos,5,  cmd, goto,4
468.0, elevID,1,  pos,4,  cmd, goto,5
473.0,Elevator call,472.7445473930129,10,-1,1,1, got allocated to elevator, 1
478.0, elevID,0,  pos,4,  cmd, goto,3
479.0,Elev,1,  arrived at dest, 5, this call is done!, Elevator call,319.90520204415634,6,5,3,1, Done, dt, 159.09479795584366
479.0,Elev,1,  arrived at dest, 5, this call is done!, Elevator call,392.5160764870397,0,5,3,1, Done, dt, 86.4839235129603
479.0, elevID,1,  pos,5,  cmd, goto,6
489.0, elevID,0,  pos,3,  cmd, goto,2
490.0, elevID,1,  pos,6,  cmd, goto,7
500.0, elevID,0,  pos,2,  cmd, goto,1
501.0,Elevator call,500.3712044996745,8,-1,1,1, got allocated to elevator, 1
501.0, elevID,1,  pos,7,  cmd, goto,8
504.0,Elevator call,503.13847841893045,1,-1,1,0, got allocated to elevator, 0
505.0,Elevator call,504.4317942159655,0,-1,1,0, got allocated to elevator, 0
511.0,Elev,0,  arrived at dest, 1, this call is done!, Elevator call,295.7943356681491,0,1,3,0, Done, dt, 215.20566433185093
511.0,Elev,0,  arrived at src, 1, Elevator call,503.13847841893045,1,-1,2,0
511.0, elevID,0,  pos,1,  cmd, goto,0
512.0,Elev,1,  arrived at src, 8, Elevator call,500.3712044996745,8,-1,2,1
512.0, elevID,1,  pos,8,  cmd, goto,9
522.0,Elev,0,  arrived at dest, 0, this call is done!, Elevator call,304.99843880775313,6,0,3,0, Done, dt, 217.00156119224687
522.0,Elev,0,  arrived at dest, 0, this call is done!, Elevator call,320.97607492210807,-1,0,3,0, Done, dt, 201.02392507789193
522.0,Elev,0,  arrived at dest, 0, this call is done!, Elevator call,336.93043046159545,-1,0,3,0, Done, dt, 185.06956953840455
522.0,Elev,0,  arrived at src, 0, Elevator call,504.4317942159655,0,-1,2,0
522.0, elevID,0,  pos,0,  cmd, goto,-1
523.0, elevID,1,  pos,9,  cmd, goto,10
530.0,Elevator call,529.6277472128405,3,-1,1,1, got allocated to elevator, 1
533.0,Elev,0,  arrived at dest, -1, this call is done!, Elevator call,503.13847841893045,1,-1,3,0, Done, dt, 29.861521581069553
533.0,Elev,0,  arrived at dest, -1, this call is done!, Elevator call,504.4317942159655,0,-1,3,0, Done, dt, 28.56820578403449
533.0, elevID,0,  pos,-1,  cmd, goto,-2
534.0,Elev,1,  arrived at dest, 10, this call is done!, Elevator call,405.1821140884023,-1,10,3,1, Done, dt, 128.81788591159773
534.0,Elev,1,  arrived at src, 10, Elevator call,472.7445473930129,10,-1,2,1
534.0, elevID,1,  pos,10,  cmd, goto,-2
538.0,Elevator call,537.7866883694313,-1,6,1,0, got allocated to elevator, 0
544.0, elevID,0,  pos,-2,  cmd, goto,10
545.0,Elevator call,544.7880392034898,6,-1,1,1, got allocated to elevator, 1
555.0,Elevator call,554.0892922920482,4,0,1,0, got allocated to elevator, 0
556.0, elevID,1,  pos,-2,  cmd, goto,-1
558.0,Elevator call,557.2441390036331,10,0,1,1, got allocated to elevator, 1
566.0,Elevator call,565.0195521745534,0,-1,1,1, got allocated to elevator, 1
566.0, elevID,0,  pos,10,  cmd, goto,9
567.0,Elev,1,  arrived at dest, -1, this call is done!, Elevator call,472.7445473930129,10,-1,3,1, Done, dt, 94.25545260698709
567.0,Elev,1,  arrived at dest, -1, this call is done!, Elevator call,500.3712044996745,8,-1,3,1, Done, dt, 66.62879550032551
567.0, elevID,1,  pos,-1,  cmd, goto,0
577.0, elevID,0,  pos,9,  cmd, goto,8
578.0,Elev,1,  arrived at dest, 0, this call is done!, Elevator call,375.49048095381363,1,0,3,1, Done, dt, 202.50951904618637
578.0,Elev,1,  arrived at dest, 0, this call is done!, Elevator call,426.8615805478589,2,0,3,1, Done, dt, 151.13841945214108
578.0,Elev,1,  arrived at src, 0, Elevator call,565.0195521745534,0,-1,2,1
578.0, elevID,1,  pos,0,  cmd, goto,1
582.0,Elevator call,581.8703090238192,0,3,1,1, got allocated to elevator, 1
588.0, elevID,0,  pos,8,  cmd, goto,7
589.0,Elev,1,  arrived at src, 1, Elevator call,437.17111576125836,1,0,2,1
589.0, elevID,1,  pos,1,  cmd, goto,2
597.0,Elevator call,596.1232022872633,8,0,1,1, got allocated to elevator, 1
599.0, elevID,0,  pos,7,  cmd, goto,6
600.0, elevID,1,  pos,2,  cmd, goto,3
601.0,Elevator call,600.9312879686208,1,0,1,0, got allocated to elevator, 0
604.0,Elevator call,603.9342326983083,7,0,1,0, got allocated to elevator, 0
610.0, elevID,0,  pos,6,  cmd, goto,5
611.0,Elev,1,  arrived at src, 3, Elevator call,529.6277472128405,3,-1,2,1
611.0, elevID,1,  pos,3,  cmd, goto,4
618.0,Elevator call,617.9628338542149,0,3,1,0, got allocated to elevator, 0
620.0,Elevator call,619.6454196970012,9,0,1,1, got allocated to elevator, 1
621.0, elevID,0,  pos,5,  cmd, goto,4
622.0, elevID,1,  pos,4,  cmd, goto,5
627.0,Elevator call,626.2116172047942,0,1,1,0, got allocated to elevator, 0
632.0,Elev,0,  arrived at src, 4, Elevator call,554.0892922920482,4,0,2,0
632.0, elevID,0,  pos,4,  cmd, goto,3
633.0, elevID,1,  pos,5,  cmd, goto,6
643.0, elevID,0,  pos,3,  cmd, goto,2
644.0,Elevator call,643.8547514955396,-1,2,1,0, got allocated to elevator, 0
644.0,Elev,1,  arrived at src, 6, Elevator call,544.7880392034898,6,-1,2,1
644.0, elevID,1,  pos,6,  cmd, goto,7
654.0, elevID,0,  pos,2,  cmd, goto,1
655.0, elevID,1,  pos,7,  cmd, goto,8
661.0,Elevator call,660.0732907797126,6,10,1,1, got allocated to elevator, 1
662.0,Elevator call,661.0420820268716,-1,3,1,0, got allocated to elevator, 0
663.0,Elevator call,662.1730527520776,-1,5,1,0, got allocated to elevator, 0
665.0,Elev,0,  arrived at src, 1, Elevator call,600.9312879686208,1,0,2,0
665.0, elevID,0,  pos,1,  cmd, goto,0
666.0,Elevator call,665.1155548533167,-1,8,1,0, got allocated to elevator, 0
666.0,Elev,1,  arrived at src, 8, Elevator call,596.1232022872633,8,0,2,1
666.0, elevID,1,  pos,8,  cmd, goto,9
667.0,Elevator call,666.0340294605869,4,0,1,1, got allocated to elevator, 1
667.0,Elevator call,666.2411586665262,5,-1,1,1, got allocated to elevator, 1
673.0,Elevator call,672.677314157026,0,-1,1,0, got allocated to elevator, 0
676.0,Elev,0,  arrived at dest, 0, this call is done!, Elevator call,554.0892922920482,4,0,3,0, Done, dt, 121.91070770795181
676.0,Elev,0,  arrived at dest, 0, this call is done!, Elevator call,600.9312879686208,1,0,3,0, Done, dt, 75.06871203137916
676.0,Elev,0,  arrived at src, 0, Elevator call,617.9628338542149,0,3,2,0
676.0,Elev,0,  arrived at src, 0, Elevator call,626.2116172047942,0,1,2,0
676.0,Elev,0,  arrived at src, 0, Elevator call,672.677314157026,0,-1,2,0
676.0, elevID,0,  pos,0,  cmd, goto,-1
677.0,Elev,1,  arrived at src, 9, Elevator call,619.6454196970012,9,0,2,1
677.0, elevID,1,  pos,9,  cmd, goto,10
678.0,Elevator call,677.7341948387335,0,-1,1,0, got allocated to elevator, 0
679.0,Elevator call,678.9953584914538,-1,-2,1,0, got allocated to elevator, 0
687.0,Elev,0,  arrived at src, -1, Elevator call,537.7866883694313,-1,6,2,0
687.0,Elev,0,  arrived at src, -1, Elevator call,643.8547514955396,-1,2,2,0
687.0,Elev,0,  arrived at src, -1, Elevator call,661.0420820268716,-1,3,2,0
687.0,Elev,0,  arrived at src, -1, Elevator call,662.1730527520776,-1,5,2,0
687.0,Elev,0,  arrived at src, -1, Elevator call,665.1155548533167,-1,8,2,0
687.0,Elev,0,  arrived at dest, -1, this call is done!, Elevator call,672.677314157026,0,-1,3,0, Done, dt, 14.32268584297401
687.0,Elev,0,  arrived at src, -1, Elevator call,678.9953584914538,-1,-2,2,0
687.0, elevID,0,  pos,-1,  cmd, goto,-2
688.0,Elev,1,  arrived at src, 10, Elevator call,557.2441390036331,10,0,2,1
688.0, elevID,1,  pos,10,  cmd, goto,-2
696.0,Elevator call,695.2239881566923,0,10,1,1, got allocated to elevator, 1
698.0,Elev,0,  arrived at dest, -2, this call is done!, Elevator call,678.9953584914538,-1,-2,3,0, Done, dt, 19.00464150854623
698.0, elevID,0,  pos,-2,  cmd, goto,10
707.0,Elevator call,706.1583474999188,-1,-2,1,1, got allocated to elevator, 1
710.0, elevID,1,  pos,-2,  cmd, goto,-1
711.0,Elevator call,710.3249770041223,0,1,1,1, got allocated to elevator, 1
714.0,Elevator call,713.0191971398395,1,0,1,1, got allocated to elevator, 1
714.0,Elevator call,713.2499766424826,10,-1,1,1, got allocated to elevator, 1
720.0, elevID,0,  pos,10,  cmd, goto,9
721.0,Elev,1,  arrived at dest, -1, this call is done!, Elevator call,529.6277472128405,3,-1,3,1, Done, dt, 191.37225278715948
721.0,Elev,1,  arrived at dest, -1, this call is done!, Elevator call,544.7880392034898,6,-1,3,1, Done, dt, 176.2119607965102
721.0,Elev,1,  arrived at dest, -1, this call is done!, Elevator call,565.0195521745534,0,-1,3,1, Done, dt, 155.98044782544662
721.0,Elev,1,  arrived at src, -1, Elevator call,706.1583474999188,-1,-2,2,1
721.0, elevID,1,  pos,-1,  cmd, goto,0
723.0,Elevator call,722.6161212799507,10,0,1,0, got allocated to elevator, 0
728.0,Elevator call,727.514602863032,-1,0,1,0, got allocated to elevator, 0
731.0, elevID,0,  pos,9,  cmd, goto,8
732.0,Elev,1,  arrived at dest, 0, this call is done!, Elevator call,437.17111576125836,1,0,3,1, Done, dt, 294.82888423874164
732.0,Elev,1,  arrived at dest, 0, this call is done!, Elevator call,557.2441390036331,10,0,3,1, Done, dt, 174.7558609963669
732.0,Elev,1,  arrived at src, 0, Elevator call,581.8703090238192,0,3,2,1
732.0,Elev,1,  arrived at dest, 0, this call is done!, Elevator call,596.1232022872633,8,0,3,1, Done, dt, 135.87679771273667
732.0,Elev,1,  arrived at dest, 0, this call is done!, Elevator call,619.6454196970012,9,0,3,1, Done, dt, 112.35458030299878
732.0,Elev,1,  arrived at src, 0, Elevator call,695.2239881566923,0,10,2,1
732.0,Elev,1,  arrived at src, 0, Elevator call,710.3249770041223,0,1,2,1
732.0, elevID,1,  pos,0,  cmd, goto,1
733.0,Elevator call,732.9746341348998,6,-1,1,0, got allocated to elevator, 0
738.0,Elevator call,737.314720213409,1,0,1,1, got allocated to elevator, 1
742.0,Elev,0,  arrived at dest, 8, this call is done!, Elevator call,665.1155548533167,-1,8,3,0, Done, dt, 76.88444514668333
742.0, elevID,0,  pos,8,  cmd, goto,7
743.0,Elev,1,  arrived at dest, 1, this call is done!, Elevator call,710.3249770041223,0,1,3,1, Done, dt, 32.675022995877725
743.0,Elev,1,  arrived at src, 1, Elevator call,713.0191971398395,1,0,2,1
743.0,Elev,1,  arrived at src, 1, Elevator call,737.314720213409,1,0,2,1
743.0, elevID,1,  pos,1,  cmd, goto,2
753.0,Elev,0,  arrived at src, 7, Elevator call,603.9342326983083,7,0,2,0
753.0, elevID,0,  pos,7,  cmd, goto,6
754.0, elevID,1,  pos,2,  cmd, goto,3
764.0,Elev,0,  arrived at dest, 6, this call is done!, Elevator call,537.7866883694313,-1,6,3,0, Done, dt, 226.21331163056868
764.0,Elev,0,  arrived at src, 6, Elevator call,732.9746341348998,6,-1,2,0
764.0, elevID,0,  pos,6,  cmd, goto,5
765.0,Elev,1,  arrived at dest, 3, this call is done!, Elevator call,581.8703090238192,0,3,3,1, Done, dt, 183.12969097618077
765.0, elevID,1,  pos,3,  cmd, goto,4
775.0,Elev,0,  arrived at dest, 5, this call is done!, Elevator call,662.1730527520776,-1,5,3,0, Done, dt, 112.82694724792236
775.0, elevID,0,  pos,5,  cmd, goto,4
776.0,Elev,1,  arrived at src, 4, Elevator call,666.0340294605869,4,0,2,1
776.0, elevID,1,  pos,4,  cmd, goto,5
780.0,Elevator call,779.399691386574,-1,5,1,0, got allocated to elevator, 0
786.0, elevID,0,  pos,4,  cmd, goto,3
787.0,Elev,1,  arrived at src, 5, Elevator call,666.2411586665262,5,-1,2,1
787.0, elevID,1,  pos,5,  cmd, goto,6
797.0,Elev,0,  arrived at dest, 3, this call is done!, Elevator call,617.9628338542149,0,3,3,0, Done, dt, 179.03716614578514
797.0,Elev,0,  arrived at dest, 3, this call is done!, Elevator call,661.0420820268716,-1,3,3,0, Done, dt, 135.95791797312836
797.0, elevID,0,  pos,3,  cmd, goto,2
798.0,Elev,1,  arrived at src, 6, Elevator call,660.0732907797126,6,10,2,1
798.0, elevID,1,  pos,6,  cmd, goto,7
806.0,Elevator call,805.6754743307536,-1,-2,1,0, got allocated to elevator, 0
808.0,Elev,0,  arrived at dest, 2, this call is done!, Elevator call,643.8547514955396,-1,2,3,0, Done, dt, 164.14524850446037
808.0, elevID,0,  pos,2,  cmd, goto,1
809.0, elevID,1,  pos,7,  cmd, goto,8
811.0,Elevator call,810.4469089359914,2,0,1,0, got allocated to elevator, 0
817.0,Elevator call,816.1516998390152,7,-1,1,1, got allocated to elevator, 1
819.0,Elev,0,  arrived at dest, 1, this call is done!, Elevator call,626.2116172047942,0,1,3,0, Done, dt, 192.78838279520585
819.0, elevID,0,  pos,1,  cmd, goto,0
820.0, elevID,1,  pos,8,  cmd, goto,9
826.0,Elevator call,825.4575184586336,7,0,1,1, got allocated to elevator, 1
830.0,Elev,0,  arrived at dest, 0, this call is done!, Elevator call,603.9342326983083,7,0,3,0, Done, dt, 226.06576730169172
830.0,Elev,0,  arrived at src, 0, Elevator call,677.7341948387335,0,-1,2,0
830.0, elevID,0,  pos,0,  cmd, goto,-1
831.0, elevID,1,  pos,9,  cmd, goto,10
840.0,Elevator call,839.8525652620532,0,1,1,1, got allocated to elevator, 1
841.0,Elev,0,  arrived at dest, -1, this call is done!, Elevator call,677.7341948387335,0,-1,3,0, Done, dt, 163.26580516126648
841.0,Elev,0,  arrived at src, -1, Elevator call,727.514602863032,-1,0,2,0
841.0,Elev,0,  arrived at dest, -1, this call is done!, Elevator call,732.9746341348998,6,-1,3,0, Done, dt, 108.02536586510018
841.0,Elev,0,  arrived at src, -1, Elevator call,779.399691386574,-1,5,2,0
841.0,Elev,0,  arrived at src, -1, Elevator call,805.6754743307536,-1,-2,2,0
841.0, elevID,0,  pos,-1,  cmd, goto,-2
842.0,Elev,1,  arrived at dest, 10, this call is done!, Elevator call,660.0732907797126,6,10,3,1, Done, dt, 181.92670922028742
842.0,Elev,1,  arrived at dest, 10, this call is done!, Elevator call,695.2239881566923,0,10,3,1, Done, dt, 146.77601184330774
842.0,Elev,1,  arrived at src, 10, Elevator call,713.2499766424826,10,-1,2,1
842.0, elevID,1,  pos,10,  cmd, goto,-2
852.0,Elev,0,  arrived at dest, -2, this call is done!, Elevator call,805.6754743307536,-1,-2,3,0, Done, dt, 46.32452566924644
852.0, elevID,0,  pos,-2,  cmd, goto,10
855.0,Elevator call,854.2002278085795,6,-1,1,1, got allocated to elevator, 1
864.0,Elevator call,863.893291272948,0,-1,1,1, got allocated to elevator, 1
864.0,Elev,1,  arrived at dest, -2, this call is done!, Elevator call,706.1583474999188,-1,-2,3,1, Done, dt, 157.84165250008118
864.0, elevID,1,  pos,-2,  cmd, goto,-1
871.0,Elevator call,870.5053023797483,0,7,1,1, got allocated to elevator, 1
874.0,Elev,0,  arrived at src, 10, Elevator call,722.6161212799507,10,0,2,0
874.0, elevID,0,  pos,10,  cmd, goto,9
875.0,Elev,1,  arrived at dest, -1, this call is done!, Elevator call,666.2411586665262,5,-1,3,1, Done, dt, 208.7588413334738
875.0,Elev,1,  arrived at dest, -1, this call is done!, Elevator call,713.2499766424826,10,-1,3,1, Done, dt, 161.75002335751742
875.0, elevID,1,  pos,-1,  cmd, goto,0
885.0, elevID,0,  pos,9,  cmd, goto,8
886.0,Elev,1,  arrived at dest, 0, this call is done!, Elevator call,666.0340294605869,4,0,3,1, Done, dt, 219.9659705394131
886.0,Elev,1,  arrived at dest, 0, this call is done!, Elevator call,713.0191971398395,1,0,3,1, Done, dt, 172.98080286016045
886.0,Elev,1,  arrived at dest, 0, this call is done!, Elevator call,737.314720213409,1,0,3,1, Done, dt, 148.68527978659097
886.0,Elev,1,  arrived at src, 0, Elevator call,839.8525652620532,0,1,2,1
886.0,Elev,1,  arrived at src, 0, Elevator call,863.893291272948,0,-1,2,1
886.0,Elev,1,  arrived at src, 0, Elevator call,870.5053023797483,0,7,2,1
886.0, elevID,1,  pos,0,  cmd, goto,1
887.0,Elevator call,886.5649993239458,-1,-2,1,0, got allocated to elevator, 0
893.0,Elevator call,892.5212150591021,9,-1,1,1, got allocated to elevator, 1
896.0, elevID,0,  pos,8,  cmd, goto,7
897.0,Elev,1,  arrived at dest, 1, this call is done!, Elevator call,839.8525652620532,0,1,3,1, Done, dt, 57.14743473794681
897.0, elevID,1,  pos,1,  cmd, goto,2
907.0, elevID,0,  pos,7,  cmd, goto,6
908.0, elevID,1,  pos,2,  cmd, goto,3
911.0,Elevator call,910.5388559417848,6,5,1,0, got allocated to elevator, 0
916.0,Elevator call,915.9490574608818,4,-1,1,1, got allocated to elevator, 1
918.0,Elev,0,  arrived at src, 6, Elevator call,910.5388559417848,6,5,2,0
918.0, elevID,0,  pos,6,  cmd, goto,5
919.0, elevID,1,  pos,3,  cmd, goto,4
929.0,Elev,0,  arrived at dest, 5, this call is done!, Elevator call,779.399691386574,-1,5,3,0, Done, dt, 149.60030861342602
929.0,Elev,0,  arrived at dest, 5, this call is done!, Elevator call,910.5388559417848,6,5,3,0, Done, dt, 18.461144058215154
929.0, elevID,0,  pos,5,  cmd, goto,4
930.0,Elev,1,  arrived at src, 4, Elevator call,915.9490574608818,4,-1,2,1
930.0, elevID,1,  pos,4,  cmd, goto,5
934.0,Elevator call,933.8580452488764,7,5,1,1, got allocated to elevator, 1
940.0, elevID,0,  pos,4,  cmd, goto,3
941.0, elevID,1,  pos,5,  cmd, goto,6
951.0, elevID,0,  pos,3,  cmd, goto,2
952.0,Elev,1,  arrived at src, 6, Elevator call,854.2002278085795,6,-1,2,1
952.0, elevID,1,  pos,6,  cmd, goto,7
962.0,Elevator call,961.6862855708133,6,-1,1,1, got allocated to elevator, 1
962.0,Elev,0,  arrived at src, 2, Elevator call,810.4469089359914,2,0,2,0
962.0, elevID,0,  pos,2,  cmd, goto,1
963.0,Elev,1,  arrived at src, 7, Elevator call,816.1516998390152,7,-1,2,1
963.0,Elev,1,  arrived at src, 7, Elevator call,825.4575184586336,7,0,2,1
963.0,Elev,1,  arrived at dest, 7, this call is done!, Elevator call,870.5053023797483,0,7,3,1, Done, dt, 92.49469762025171
963.0,Elev,1,  arrived at src, 7, Elevator call,933.8580452488764,7,5,2,1
963.0, elevID,1,  pos,7,  cmd, goto,8
973.0,Elevator call,972.8032126022729,1,0,1,0, got allocated to elevator, 0
973.0,Elev,0,  arrived at src, 1, Elevator call,972.8032126022729,1,0,2,0
973.0, elevID,0,  pos,1,  cmd, goto,0
974.0, elevID,1,  pos,8,  cmd, goto,9
976.0,Elevator call,975.8361202753667,0,-1,1,0, got allocated to elevator, 0
979.0,Elevator call,978.5925148564796,10,0,1,1, got allocated to elevator, 1
979.0,Elevator call,978.6210500641439,10,-1,1,1, got allocated to elevator, 1
984.0,Elev,0,  arrived at dest, 0, this call is done!, Elevator call,722.6161212799507,10,0,3,0, Done, dt, 261.3838787200493
984.0,Elev,0,  arrived at dest, 0, this call is done!, Elevator call,727.514602863032,-1,0,3,0, Done, dt, 256.485397136968
984.0,Elev,0,  arrived at dest, 0, this call is done!, Elevator call,810.4469089359914,2,0,3,0, Done, dt, 173.55309106400864
984.0,Elev,0,  arrived at dest, 0, this call is done!, Elevator call,972.8032126022729,1,0,3,0, Done, dt, 11.196787397727121
984.0,Elev,0,  arrived at src, 0, Elevator call,975.8361202753667,0,-1,2,0
984.0, elevID,0,  pos,0,  cmd, goto,-1
985.0,Elevator call,984.1840185574983,7,0,1,1, got allocated to elevator, 1
985.0,Elev,1,  arrived at src, 9, Elevator call,892.5212150591021,9,-1,2,1
985.0, elevID,1,  pos,9,  cmd, goto,10
995.0,Elev,0,  arrived at src, -1, Elevator call,886.5649993239458,-1,-2,2,0
995.0,Elev,0,  arrived at dest, -1, this call is done!, Elevator call,975.8361202753667,0,-1,3,0, Done, dt, 19.16387972463326
995.0, elevID,0,  pos,-1,  cmd, goto,-2
996.0,Elev,1,  arrived at src, 10, Elevator call,978.5925148564796,10,0,2,1
996.0,Elev,1,  arrived at src, 10, Elevator call,978.6210500641439,10,-1,2,1
996.0, elevID,1,  pos,10,  cmd, goto,-2
1000.0,************* Simulation Ended ************
Code Owners,123456789,  Case,2,  Total waiting time: 13036.792822120191,  average waiting time per call: 130.3679282212019,  unCompleted calls,12,  certificate, -4404609559
