**** The Simulator log: stage 2
0.0,OOP_Ex0_Elevator_Simulator
0.0,Simulated Building, ex0.simulator.Builging_A [-2,10]
0) ex0.simulator.Elevator_A, Elev_0, speed: 1.0, open/close: 2.0,  start/stop: 3.0
1) ex0.simulator.Elevator_A, Elev_1, speed: 1.0, open/close: 2.0,  start/stop: 3.0
0.0,Simulated Period starTime,0.0,  endTime,1000.0,  dt,1.0
0.0,Simulated  calls,Elevetor log, size: 100
0.0,**** Simulation starts!! ****
0.0, elevID,0,  pos,-2,  cmd, goto,7
0.0, elevID,1,  pos,-2,  cmd, goto,2
5.0,Elevator call,4.374727290393253,0,-1,1,0, got allocated to elevator, 0
14.0, elevID,1,  pos,2,  cmd, goto,3
17.0,Elevator call,16.957882888088932,-1,0,1,1, got allocated to elevator, 1
19.0, elevID,0,  pos,7,  cmd, goto,6
23.0,Elevator call,22.094056301593582,0,-1,1,0, got allocated to elevator, 0
25.0, elevID,1,  pos,3,  cmd, goto,4
30.0, elevID,0,  pos,6,  cmd, goto,5
36.0, elevID,1,  pos,4,  cmd, goto,5
41.0, elevID,0,  pos,5,  cmd, goto,4
47.0, elevID,1,  pos,5,  cmd, goto,6
52.0, elevID,0,  pos,4,  cmd, goto,3
58.0, elevID,1,  pos,6,  cmd, goto,7
63.0, elevID,0,  pos,3,  cmd, goto,2
69.0, elevID,1,  pos,7,  cmd, goto,8
74.0, elevID,0,  pos,2,  cmd, goto,1
80.0, elevID,1,  pos,8,  cmd, goto,9
85.0, elevID,0,  pos,1,  cmd, goto,0
86.0,Elevator call,85.5209666204754,3,2,1,0, got allocated to elevator, 0
91.0, elevID,1,  pos,9,  cmd, goto,10
92.0,Elevator call,91.21019413453945,-1,-2,1,0, got allocated to elevator, 0
96.0,Elev,0,  arrived at src, 0, Elevator call,4.374727290393253,0,-1,2,0
96.0,Elev,0,  arrived at src, 0, Elevator call,22.094056301593582,0,-1,2,0
96.0, elevID,0,  pos,0,  cmd, goto,-1
102.0, elevID,1,  pos,10,  cmd, goto,-2
105.0,Elevator call,104.13701241869234,0,4,1,1, got allocated to elevator, 1
107.0,Elev,0,  arrived at dest, -1, this call is done!, Elevator call,4.374727290393253,0,-1,3,0, Done, dt, 102.62527270960675
107.0,Elev,0,  arrived at dest, -1, this call is done!, Elevator call,22.094056301593582,0,-1,3,0, Done, dt, 84.90594369840642
107.0,Elev,0,  arrived at src, -1, Elevator call,91.21019413453945,-1,-2,2,0
107.0, elevID,0,  pos,-1,  cmd, goto,-2
110.0,Elevator call,109.21352909346587,-1,0,1,1, got allocated to elevator, 1
115.0,Elevator call,114.39235096774041,3,0,1,0, got allocated to elevator, 0
118.0,Elev,0,  arrived at dest, -2, this call is done!, Elevator call,91.21019413453945,-1,-2,3,0, Done, dt, 26.78980586546055
118.0, elevID,0,  pos,-2,  cmd, goto,10
124.0, elevID,1,  pos,-2,  cmd, goto,-1
125.0,Elevator call,124.42557095980362,0,9,1,1, got allocated to elevator, 1
131.0,Elevator call,130.02495678190564,8,10,1,1, got allocated to elevator, 1
131.0,Elevator call,130.224911275492,-1,1,1,1, got allocated to elevator, 1
135.0,Elev,1,  arrived at src, -1, Elevator call,16.957882888088932,-1,0,2,1
135.0,Elev,1,  arrived at src, -1, Elevator call,109.21352909346587,-1,0,2,1
135.0,Elev,1,  arrived at src, -1, Elevator call,130.224911275492,-1,1,2,1
135.0, elevID,1,  pos,-1,  cmd, goto,0
138.0,Elevator call,137.9515274326701,0,4,1,1, got allocated to elevator, 1
140.0, elevID,0,  pos,10,  cmd, goto,9
144.0,Elevator call,143.91335838799415,0,6,1,1, got allocated to elevator, 1
146.0,Elev,1,  arrived at dest, 0, this call is done!, Elevator call,16.957882888088932,-1,0,3,1, Done, dt, 129.04211711191107
146.0,Elev,1,  arrived at src, 0, Elevator call,104.13701241869234,0,4,2,1
146.0,Elev,1,  arrived at dest, 0, this call is done!, Elevator call,109.21352909346587,-1,0,3,1, Done, dt, 36.786470906534134
146.0,Elev,1,  arrived at src, 0, Elevator call,124.42557095980362,0,9,2,1
146.0,Elev,1,  arrived at src, 0, Elevator call,137.9515274326701,0,4,2,1
146.0,Elev,1,  arrived at src, 0, Elevator call,143.91335838799415,0,6,2,1
146.0, elevID,1,  pos,0,  cmd, goto,1
151.0, elevID,0,  pos,9,  cmd, goto,8
157.0,Elev,1,  arrived at dest, 1, this call is done!, Elevator call,130.224911275492,-1,1,3,1, Done, dt, 26.77508872450801
157.0, elevID,1,  pos,1,  cmd, goto,2
162.0, elevID,0,  pos,8,  cmd, goto,7
168.0, elevID,1,  pos,2,  cmd, goto,3
170.0,Elevator call,169.78458339380109,-1,0,1,1, got allocated to elevator, 1
171.0,Elevator call,170.0099620835246,0,6,1,1, got allocated to elevator, 1
172.0,Elevator call,171.21173315221364,-1,8,1,1, got allocated to elevator, 1
173.0, elevID,0,  pos,7,  cmd, goto,6
175.0,Elevator call,174.84385152106802,0,-1,1,0, got allocated to elevator, 0
179.0, elevID,1,  pos,3,  cmd, goto,4
184.0, elevID,0,  pos,6,  cmd, goto,5
188.0,Elevator call,187.11678617348463,-1,-2,1,0, got allocated to elevator, 0
188.0,Elevator call,187.7299317966884,-1,-2,1,0, got allocated to elevator, 0
190.0,Elev,1,  arrived at dest, 4, this call is done!, Elevator call,104.13701241869234,0,4,3,1, Done, dt, 85.86298758130766
190.0,Elev,1,  arrived at dest, 4, this call is done!, Elevator call,137.9515274326701,0,4,3,1, Done, dt, 52.048472567329895
190.0, elevID,1,  pos,4,  cmd, goto,5
195.0, elevID,0,  pos,5,  cmd, goto,4
196.0,Elevator call,195.90869649656992,0,7,1,1, got allocated to elevator, 1
198.0,Elevator call,197.5359191292572,-1,1,1,1, got allocated to elevator, 1
201.0, elevID,1,  pos,5,  cmd, goto,6
206.0,Elevator call,205.9895199338651,-1,0,1,1, got allocated to elevator, 1
206.0, elevID,0,  pos,4,  cmd, goto,3
212.0,Elev,1,  arrived at dest, 6, this call is done!, Elevator call,143.91335838799415,0,6,3,1, Done, dt, 68.08664161200585
212.0, elevID,1,  pos,6,  cmd, goto,7
217.0,Elev,0,  arrived at src, 3, Elevator call,85.5209666204754,3,2,2,0
217.0,Elev,0,  arrived at src, 3, Elevator call,114.39235096774041,3,0,2,0
217.0, elevID,0,  pos,3,  cmd, goto,2
223.0, elevID,1,  pos,7,  cmd, goto,8
228.0,Elevator call,227.0798304557929,-1,5,1,1, got allocated to elevator, 1
228.0,Elev,0,  arrived at dest, 2, this call is done!, Elevator call,85.5209666204754,3,2,3,0, Done, dt, 142.4790333795246
228.0, elevID,0,  pos,2,  cmd, goto,1
232.0,Elevator call,231.51578817426258,-1,0,1,1, got allocated to elevator, 1
233.0,Elevator call,232.95043623946805,0,-1,1,0, got allocated to elevator, 0
234.0,Elev,1,  arrived at src, 8, Elevator call,130.02495678190564,8,10,2,1
234.0, elevID,1,  pos,8,  cmd, goto,9
239.0, elevID,0,  pos,1,  cmd, goto,0
245.0,Elev,1,  arrived at dest, 9, this call is done!, Elevator call,124.42557095980362,0,9,3,1, Done, dt, 120.57442904019638
245.0, elevID,1,  pos,9,  cmd, goto,10
250.0,Elev,0,  arrived at dest, 0, this call is done!, Elevator call,114.39235096774041,3,0,3,0, Done, dt, 135.6076490322596
250.0,Elev,0,  arrived at src, 0, Elevator call,174.84385152106802,0,-1,2,0
250.0,Elev,0,  arrived at src, 0, Elevator call,232.95043623946805,0,-1,2,0
250.0, elevID,0,  pos,0,  cmd, goto,-1
252.0,Elevator call,251.10444690749756,-1,-2,1,0, got allocated to elevator, 0
252.0,Elevator call,251.23593354161653,0,9,1,1, got allocated to elevator, 1
255.0,Elevator call,254.69771525200505,3,4,1,1, got allocated to elevator, 1
256.0,Elev,1,  arrived at dest, 10, this call is done!, Elevator call,130.02495678190564,8,10,3,1, Done, dt, 125.97504321809436
256.0, elevID,1,  pos,10,  cmd, goto,-2
258.0,Elevator call,257.7974435335086,-1,0,1,1, got allocated to elevator, 1
261.0,Elev,0,  arrived at dest, -1, this call is done!, Elevator call,174.84385152106802,0,-1,3,0, Done, dt, 86.15614847893198
261.0,Elev,0,  arrived at src, -1, Elevator call,187.11678617348463,-1,-2,2,0
261.0,Elev,0,  arrived at src, -1, Elevator call,187.7299317966884,-1,-2,2,0
261.0,Elev,0,  arrived at dest, -1, this call is done!, Elevator call,232.95043623946805,0,-1,3,0, Done, dt, 28.049563760531953
261.0,Elev,0,  arrived at src, -1, Elevator call,251.10444690749756,-1,-2,2,0
261.0, elevID,0,  pos,-1,  cmd, goto,-2
272.0,Elev,0,  arrived at dest, -2, this call is done!, Elevator call,187.11678617348463,-1,-2,3,0, Done, dt, 84.88321382651537
272.0,Elev,0,  arrived at dest, -2, this call is done!, Elevator call,187.7299317966884,-1,-2,3,0, Done, dt, 84.27006820331161
272.0,Elev,0,  arrived at dest, -2, this call is done!, Elevator call,251.10444690749756,-1,-2,3,0, Done, dt, 20.89555309250244
272.0, elevID,0,  pos,-2,  cmd, goto,10
278.0, elevID,1,  pos,-2,  cmd, goto,-1
289.0,Elev,1,  arrived at src, -1, Elevator call,169.78458339380109,-1,0,2,1
289.0,Elev,1,  arrived at src, -1, Elevator call,171.21173315221364,-1,8,2,1
289.0,Elev,1,  arrived at src, -1, Elevator call,197.5359191292572,-1,1,2,1
289.0,Elev,1,  arrived at src, -1, Elevator call,205.9895199338651,-1,0,2,1
289.0,Elev,1,  arrived at src, -1, Elevator call,227.0798304557929,-1,5,2,1
289.0,Elev,1,  arrived at src, -1, Elevator call,231.51578817426258,-1,0,2,1
289.0,Elev,1,  arrived at src, -1, Elevator call,257.7974435335086,-1,0,2,1
289.0, elevID,1,  pos,-1,  cmd, goto,0
294.0, elevID,0,  pos,10,  cmd, goto,9
296.0,Elevator call,295.7943356681491,0,1,1,1, got allocated to elevator, 1
300.0,Elev,1,  arrived at dest, 0, this call is done!, Elevator call,169.78458339380109,-1,0,3,1, Done, dt, 130.21541660619891
300.0,Elev,1,  arrived at src, 0, Elevator call,170.0099620835246,0,6,2,1
300.0,Elev,1,  arrived at src, 0, Elevator call,195.90869649656992,0,7,2,1
300.0,Elev,1,  arrived at dest, 0, this call is done!, Elevator call,205.9895199338651,-1,0,3,1, Done, dt, 94.0104800661349
300.0,Elev,1,  arrived at dest, 0, this call is done!, Elevator call,231.51578817426258,-1,0,3,1, Done, dt, 68.48421182573742
300.0,Elev,1,  arrived at src, 0, Elevator call,251.23593354161653,0,9,2,1
300.0,Elev,1,  arrived at dest, 0, this call is done!, Elevator call,257.7974435335086,-1,0,3,1, Done, dt, 42.20255646649139
300.0,Elev,1,  arrived at src, 0, Elevator call,295.7943356681491,0,1,2,1
300.0, elevID,1,  pos,0,  cmd, goto,1
305.0,Elevator call,304.99843880775313,6,0,1,0, got allocated to elevator, 0
305.0, elevID,0,  pos,9,  cmd, goto,8
310.0,Elevator call,309.30053828560517,0,-1,1,0, got allocated to elevator, 0
311.0,Elev,1,  arrived at dest, 1, this call is done!, Elevator call,197.5359191292572,-1,1,3,1, Done, dt, 113.4640808707428
311.0,Elev,1,  arrived at dest, 1, this call is done!, Elevator call,295.7943356681491,0,1,3,1, Done, dt, 15.205664331850926
311.0, elevID,1,  pos,1,  cmd, goto,2
313.0,Elevator call,312.30185564398687,0,-1,1,0, got allocated to elevator, 0
316.0, elevID,0,  pos,8,  cmd, goto,7
317.0,Elevator call,316.03237827404377,0,-1,1,0, got allocated to elevator, 0
320.0,Elevator call,319.90520204415634,6,5,1,0, got allocated to elevator, 0
321.0,Elevator call,320.97607492210807,-1,0,1,1, got allocated to elevator, 1
322.0,Elevator call,321.37040904796595,7,-1,1,0, got allocated to elevator, 0
322.0, elevID,1,  pos,2,  cmd, goto,3
327.0,Elev,0,  arrived at src, 7, Elevator call,321.37040904796595,7,-1,2,0
327.0, elevID,0,  pos,7,  cmd, goto,6
333.0,Elevator call,332.4267319393355,0,10,1,1, got allocated to elevator, 1
333.0,Elev,1,  arrived at src, 3, Elevator call,254.69771525200505,3,4,2,1
333.0, elevID,1,  pos,3,  cmd, goto,4
337.0,Elevator call,336.93043046159545,-1,0,1,1, got allocated to elevator, 1
338.0,Elev,0,  arrived at src, 6, Elevator call,304.99843880775313,6,0,2,0
338.0,Elev,0,  arrived at src, 6, Elevator call,319.90520204415634,6,5,2,0
338.0, elevID,0,  pos,6,  cmd, goto,5
344.0,Elev,1,  arrived at dest, 4, this call is done!, Elevator call,254.69771525200505,3,4,3,1, Done, dt, 89.30228474799495
344.0, elevID,1,  pos,4,  cmd, goto,5
349.0,Elev,0,  arrived at dest, 5, this call is done!, Elevator call,319.90520204415634,6,5,3,0, Done, dt, 29.09479795584366
349.0, elevID,0,  pos,5,  cmd, goto,4
355.0,Elev,1,  arrived at dest, 5, this call is done!, Elevator call,227.0798304557929,-1,5,3,1, Done, dt, 127.92016954420711
355.0, elevID,1,  pos,5,  cmd, goto,6
360.0, elevID,0,  pos,4,  cmd, goto,3
366.0,Elev,1,  arrived at dest, 6, this call is done!, Elevator call,170.0099620835246,0,6,3,1, Done, dt, 195.9900379164754
366.0, elevID,1,  pos,6,  cmd, goto,7
371.0, elevID,0,  pos,3,  cmd, goto,2
376.0,Elevator call,375.49048095381363,1,0,1,0, got allocated to elevator, 0
377.0,Elev,1,  arrived at dest, 7, this call is done!, Elevator call,195.90869649656992,0,7,3,1, Done, dt, 181.09130350343008
377.0, elevID,1,  pos,7,  cmd, goto,8
382.0, elevID,0,  pos,2,  cmd, goto,1
388.0,Elev,1,  arrived at dest, 8, this call is done!, Elevator call,171.21173315221364,-1,8,3,1, Done, dt, 216.78826684778636
388.0, elevID,1,  pos,8,  cmd, goto,9
393.0,Elevator call,392.5160764870397,0,5,1,1, got allocated to elevator, 1
393.0,Elev,0,  arrived at src, 1, Elevator call,375.49048095381363,1,0,2,0
393.0, elevID,0,  pos,1,  cmd, goto,0
399.0,Elev,1,  arrived at dest, 9, this call is done!, Elevator call,251.23593354161653,0,9,3,1, Done, dt, 147.76406645838347
399.0, elevID,1,  pos,9,  cmd, goto,10
404.0,Elev,0,  arrived at dest, 0, this call is done!, Elevator call,304.99843880775313,6,0,3,0, Done, dt, 99.00156119224687
404.0,Elev,0,  arrived at src, 0, Elevator call,309.30053828560517,0,-1,2,0
404.0,Elev,0,  arrived at src, 0, Elevator call,312.30185564398687,0,-1,2,0
404.0,Elev,0,  arrived at src, 0, Elevator call,316.03237827404377,0,-1,2,0
404.0,Elev,0,  arrived at dest, 0, this call is done!, Elevator call,375.49048095381363,1,0,3,0, Done, dt, 28.50951904618637
404.0, elevID,0,  pos,0,  cmd, goto,-1
406.0,Elevator call,405.1821140884023,-1,10,1,1, got allocated to elevator, 1
410.0, elevID,1,  pos,10,  cmd, goto,-2
415.0,Elev,0,  arrived at dest, -1, this call is done!, Elevator call,309.30053828560517,0,-1,3,0, Done, dt, 105.69946171439483
415.0,Elev,0,  arrived at dest, -1, this call is done!, Elevator call,312.30185564398687,0,-1,3,0, Done, dt, 102.69814435601313
415.0,Elev,0,  arrived at dest, -1, this call is done!, Elevator call,316.03237827404377,0,-1,3,0, Done, dt, 98.96762172595623
415.0,Elev,0,  arrived at dest, -1, this call is done!, Elevator call,321.37040904796595,7,-1,3,0, Done, dt, 93.62959095203405
415.0, elevID,0,  pos,-1,  cmd, goto,-2
426.0, elevID,0,  pos,-2,  cmd, goto,10
427.0,Elevator call,426.8615805478589,2,0,1,0, got allocated to elevator, 0
432.0, elevID,1,  pos,-2,  cmd, goto,-1
438.0,Elevator call,437.17111576125836,1,0,1,0, got allocated to elevator, 0
443.0,Elev,1,  arrived at src, -1, Elevator call,320.97607492210807,-1,0,2,1
443.0,Elev,1,  arrived at src, -1, Elevator call,336.93043046159545,-1,0,2,1
443.0,Elev,1,  arrived at src, -1, Elevator call,405.1821140884023,-1,10,2,1
443.0, elevID,1,  pos,-1,  cmd, goto,0
448.0, elevID,0,  pos,10,  cmd, goto,9
454.0,Elev,1,  arrived at dest, 0, this call is done!, Elevator call,320.97607492210807,-1,0,3,1, Done, dt, 133.02392507789193
454.0,Elev,1,  arrived at src, 0, Elevator call,332.4267319393355,0,10,2,1
454.0,Elev,1,  arrived at dest, 0, this call is done!, Elevator call,336.93043046159545,-1,0,3,1, Done, dt, 117.06956953840455
454.0,Elev,1,  arrived at src, 0, Elevator call,392.5160764870397,0,5,2,1
454.0, elevID,1,  pos,0,  cmd, goto,1
459.0, elevID,0,  pos,9,  cmd, goto,8
465.0, elevID,1,  pos,1,  cmd, goto,2
470.0, elevID,0,  pos,8,  cmd, goto,7
473.0,Elevator call,472.7445473930129,10,-1,1,0, got allocated to elevator, 0
476.0, elevID,1,  pos,2,  cmd, goto,3
481.0, elevID,0,  pos,7,  cmd, goto,6
487.0, elevID,1,  pos,3,  cmd, goto,4
492.0, elevID,0,  pos,6,  cmd, goto,5
498.0, elevID,1,  pos,4,  cmd, goto,5
501.0,Elevator call,500.3712044996745,8,-1,1,0, got allocated to elevator, 0
503.0, elevID,0,  pos,5,  cmd, goto,4
504.0,Elevator call,503.13847841893045,1,-1,1,0, got allocated to elevator, 0
505.0,Elevator call,504.4317942159655,0,-1,1,0, got allocated to elevator, 0
509.0,Elev,1,  arrived at dest, 5, this call is done!, Elevator call,392.5160764870397,0,5,3,1, Done, dt, 116.4839235129603
509.0, elevID,1,  pos,5,  cmd, goto,6
514.0, elevID,0,  pos,4,  cmd, goto,3
520.0, elevID,1,  pos,6,  cmd, goto,7
525.0, elevID,0,  pos,3,  cmd, goto,2
530.0,Elevator call,529.6277472128405,3,-1,1,0, got allocated to elevator, 0
531.0, elevID,1,  pos,7,  cmd, goto,8
536.0,Elev,0,  arrived at src, 2, Elevator call,426.8615805478589,2,0,2,0
536.0, elevID,0,  pos,2,  cmd, goto,1
538.0,Elevator call,537.7866883694313,-1,6,1,1, got allocated to elevator, 1
542.0, elevID,1,  pos,8,  cmd, goto,9
545.0,Elevator call,544.7880392034898,6,-1,1,0, got allocated to elevator, 0
547.0,Elev,0,  arrived at src, 1, Elevator call,437.17111576125836,1,0,2,0
547.0,Elev,0,  arrived at src, 1, Elevator call,503.13847841893045,1,-1,2,0
547.0, elevID,0,  pos,1,  cmd, goto,0
553.0, elevID,1,  pos,9,  cmd, goto,10
555.0,Elevator call,554.0892922920482,4,0,1,0, got allocated to elevator, 0
558.0,Elevator call,557.2441390036331,10,0,1,0, got allocated to elevator, 0
558.0,Elev,0,  arrived at dest, 0, this call is done!, Elevator call,426.8615805478589,2,0,3,0, Done, dt, 131.13841945214108
558.0,Elev,0,  arrived at dest, 0, this call is done!, Elevator call,437.17111576125836,1,0,3,0, Done, dt, 120.82888423874164
558.0,Elev,0,  arrived at src, 0, Elevator call,504.4317942159655,0,-1,2,0
558.0, elevID,0,  pos,0,  cmd, goto,-1
564.0,Elev,1,  arrived at dest, 10, this call is done!, Elevator call,332.4267319393355,0,10,3,1, Done, dt, 231.57326806066447
564.0,Elev,1,  arrived at dest, 10, this call is done!, Elevator call,405.1821140884023,-1,10,3,1, Done, dt, 158.81788591159773
564.0, elevID,1,  pos,10,  cmd, goto,-2
566.0,Elevator call,565.0195521745534,0,-1,1,0, got allocated to elevator, 0
569.0,Elev,0,  arrived at dest, -1, this call is done!, Elevator call,503.13847841893045,1,-1,3,0, Done, dt, 65.86152158106955
569.0,Elev,0,  arrived at dest, -1, this call is done!, Elevator call,504.4317942159655,0,-1,3,0, Done, dt, 64.56820578403449
569.0, elevID,0,  pos,-1,  cmd, goto,-2
580.0, elevID,0,  pos,-2,  cmd, goto,10
582.0,Elevator call,581.8703090238192,0,3,1,1, got allocated to elevator, 1
586.0, elevID,1,  pos,-2,  cmd, goto,-1
597.0,Elevator call,596.1232022872633,8,0,1,0, got allocated to elevator, 0
597.0,Elev,1,  arrived at src, -1, Elevator call,537.7866883694313,-1,6,2,1
597.0, elevID,1,  pos,-1,  cmd, goto,0
601.0,Elevator call,600.9312879686208,1,0,1,0, got allocated to elevator, 0
602.0,Elev,0,  arrived at src, 10, Elevator call,472.7445473930129,10,-1,2,0
602.0,Elev,0,  arrived at src, 10, Elevator call,557.2441390036331,10,0,2,0
602.0, elevID,0,  pos,10,  cmd, goto,9
604.0,Elevator call,603.9342326983083,7,0,1,0, got allocated to elevator, 0
608.0,Elev,1,  arrived at src, 0, Elevator call,581.8703090238192,0,3,2,1
608.0, elevID,1,  pos,0,  cmd, goto,1
613.0, elevID,0,  pos,9,  cmd, goto,8
618.0,Elevator call,617.9628338542149,0,3,1,1, got allocated to elevator, 1
619.0, elevID,1,  pos,1,  cmd, goto,2
620.0,Elevator call,619.6454196970012,9,0,1,0, got allocated to elevator, 0
624.0,Elev,0,  arrived at src, 8, Elevator call,500.3712044996745,8,-1,2,0
624.0,Elev,0,  arrived at src, 8, Elevator call,596.1232022872633,8,0,2,0
624.0, elevID,0,  pos,8,  cmd, goto,7
627.0,Elevator call,626.2116172047942,0,1,1,1, got allocated to elevator, 1
630.0, elevID,1,  pos,2,  cmd, goto,3
635.0,Elev,0,  arrived at src, 7, Elevator call,603.9342326983083,7,0,2,0
635.0, elevID,0,  pos,7,  cmd, goto,6
641.0,Elev,1,  arrived at dest, 3, this call is done!, Elevator call,581.8703090238192,0,3,3,1, Done, dt, 59.12969097618077
641.0, elevID,1,  pos,3,  cmd, goto,4
644.0,Elevator call,643.8547514955396,-1,2,1,1, got allocated to elevator, 1
646.0,Elev,0,  arrived at src, 6, Elevator call,544.7880392034898,6,-1,2,0
646.0, elevID,0,  pos,6,  cmd, goto,5
652.0, elevID,1,  pos,4,  cmd, goto,5
657.0, elevID,0,  pos,5,  cmd, goto,4
661.0,Elevator call,660.0732907797126,6,10,1,1, got allocated to elevator, 1
662.0,Elevator call,661.0420820268716,-1,3,1,1, got allocated to elevator, 1
663.0,Elevator call,662.1730527520776,-1,5,1,1, got allocated to elevator, 1
663.0, elevID,1,  pos,5,  cmd, goto,6
666.0,Elevator call,665.1155548533167,-1,8,1,1, got allocated to elevator, 1
667.0,Elevator call,666.0340294605869,4,0,1,0, got allocated to elevator, 0
667.0,Elevator call,666.2411586665262,5,-1,1,0, got allocated to elevator, 0
668.0,Elev,0,  arrived at src, 4, Elevator call,554.0892922920482,4,0,2,0
668.0,Elev,0,  arrived at src, 4, Elevator call,666.0340294605869,4,0,2,0
668.0, elevID,0,  pos,4,  cmd, goto,3
673.0,Elevator call,672.677314157026,0,-1,1,0, got allocated to elevator, 0
674.0,Elev,1,  arrived at dest, 6, this call is done!, Elevator call,537.7866883694313,-1,6,3,1, Done, dt, 136.21331163056868
674.0,Elev,1,  arrived at src, 6, Elevator call,660.0732907797126,6,10,2,1
674.0, elevID,1,  pos,6,  cmd, goto,7
678.0,Elevator call,677.7341948387335,0,-1,1,0, got allocated to elevator, 0
679.0,Elevator call,678.9953584914538,-1,-2,1,0, got allocated to elevator, 0
679.0,Elev,0,  arrived at src, 3, Elevator call,529.6277472128405,3,-1,2,0
679.0, elevID,0,  pos,3,  cmd, goto,2
685.0, elevID,1,  pos,7,  cmd, goto,8
690.0, elevID,0,  pos,2,  cmd, goto,1
696.0,Elevator call,695.2239881566923,0,10,1,1, got allocated to elevator, 1
696.0, elevID,1,  pos,8,  cmd, goto,9
701.0,Elev,0,  arrived at src, 1, Elevator call,600.9312879686208,1,0,2,0
701.0, elevID,0,  pos,1,  cmd, goto,0
707.0,Elevator call,706.1583474999188,-1,-2,1,0, got allocated to elevator, 0
707.0, elevID,1,  pos,9,  cmd, goto,10
711.0,Elevator call,710.3249770041223,0,1,1,1, got allocated to elevator, 1
712.0,Elev,0,  arrived at dest, 0, this call is done!, Elevator call,554.0892922920482,4,0,3,0, Done, dt, 157.91070770795181
712.0,Elev,0,  arrived at dest, 0, this call is done!, Elevator call,557.2441390036331,10,0,3,0, Done, dt, 154.7558609963669
712.0,Elev,0,  arrived at src, 0, Elevator call,565.0195521745534,0,-1,2,0
712.0,Elev,0,  arrived at dest, 0, this call is done!, Elevator call,596.1232022872633,8,0,3,0, Done, dt, 115.87679771273667
712.0,Elev,0,  arrived at dest, 0, this call is done!, Elevator call,600.9312879686208,1,0,3,0, Done, dt, 111.06871203137916
712.0,Elev,0,  arrived at dest, 0, this call is done!, Elevator call,603.9342326983083,7,0,3,0, Done, dt, 108.06576730169172
712.0,Elev,0,  arrived at dest, 0, this call is done!, Elevator call,666.0340294605869,4,0,3,0, Done, dt, 45.96597053941309
712.0,Elev,0,  arrived at src, 0, Elevator call,672.677314157026,0,-1,2,0
712.0,Elev,0,  arrived at src, 0, Elevator call,677.7341948387335,0,-1,2,0
712.0, elevID,0,  pos,0,  cmd, goto,-1
714.0,Elevator call,713.0191971398395,1,0,1,0, got allocated to elevator, 0
714.0,Elevator call,713.2499766424826,10,-1,1,0, got allocated to elevator, 0
718.0,Elev,1,  arrived at dest, 10, this call is done!, Elevator call,660.0732907797126,6,10,3,1, Done, dt, 57.92670922028742
718.0, elevID,1,  pos,10,  cmd, goto,-2
723.0,Elevator call,722.6161212799507,10,0,1,0, got allocated to elevator, 0
723.0,Elev,0,  arrived at dest, -1, this call is done!, Elevator call,472.7445473930129,10,-1,3,0, Done, dt, 250.2554526069871
723.0,Elev,0,  arrived at dest, -1, this call is done!, Elevator call,500.3712044996745,8,-1,3,0, Done, dt, 222.6287955003255
723.0,Elev,0,  arrived at dest, -1, this call is done!, Elevator call,529.6277472128405,3,-1,3,0, Done, dt, 193.37225278715948
723.0,Elev,0,  arrived at dest, -1, this call is done!, Elevator call,544.7880392034898,6,-1,3,0, Done, dt, 178.2119607965102
723.0,Elev,0,  arrived at dest, -1, this call is done!, Elevator call,565.0195521745534,0,-1,3,0, Done, dt, 157.98044782544662
723.0,Elev,0,  arrived at dest, -1, this call is done!, Elevator call,672.677314157026,0,-1,3,0, Done, dt, 50.32268584297401
723.0,Elev,0,  arrived at dest, -1, this call is done!, Elevator call,677.7341948387335,0,-1,3,0, Done, dt, 45.265805161266485
723.0,Elev,0,  arrived at src, -1, Elevator call,678.9953584914538,-1,-2,2,0
723.0,Elev,0,  arrived at src, -1, Elevator call,706.1583474999188,-1,-2,2,0
723.0, elevID,0,  pos,-1,  cmd, goto,-2
728.0,Elevator call,727.514602863032,-1,0,1,1, got allocated to elevator, 1
733.0,Elevator call,732.9746341348998,6,-1,1,0, got allocated to elevator, 0
734.0,Elev,0,  arrived at dest, -2, this call is done!, Elevator call,678.9953584914538,-1,-2,3,0, Done, dt, 55.00464150854623
734.0,Elev,0,  arrived at dest, -2, this call is done!, Elevator call,706.1583474999188,-1,-2,3,0, Done, dt, 27.84165250008118
734.0, elevID,0,  pos,-2,  cmd, goto,10
738.0,Elevator call,737.314720213409,1,0,1,0, got allocated to elevator, 0
740.0, elevID,1,  pos,-2,  cmd, goto,-1
751.0,Elev,1,  arrived at src, -1, Elevator call,643.8547514955396,-1,2,2,1
751.0,Elev,1,  arrived at src, -1, Elevator call,661.0420820268716,-1,3,2,1
751.0,Elev,1,  arrived at src, -1, Elevator call,662.1730527520776,-1,5,2,1
751.0,Elev,1,  arrived at src, -1, Elevator call,665.1155548533167,-1,8,2,1
751.0,Elev,1,  arrived at src, -1, Elevator call,727.514602863032,-1,0,2,1
751.0, elevID,1,  pos,-1,  cmd, goto,0
756.0,Elev,0,  arrived at src, 10, Elevator call,713.2499766424826,10,-1,2,0
756.0,Elev,0,  arrived at src, 10, Elevator call,722.6161212799507,10,0,2,0
756.0, elevID,0,  pos,10,  cmd, goto,9
762.0,Elev,1,  arrived at src, 0, Elevator call,617.9628338542149,0,3,2,1
762.0,Elev,1,  arrived at src, 0, Elevator call,626.2116172047942,0,1,2,1
762.0,Elev,1,  arrived at src, 0, Elevator call,695.2239881566923,0,10,2,1
762.0,Elev,1,  arrived at src, 0, Elevator call,710.3249770041223,0,1,2,1
762.0,Elev,1,  arrived at dest, 0, this call is done!, Elevator call,727.514602863032,-1,0,3,1, Done, dt, 34.485397136968004
762.0, elevID,1,  pos,0,  cmd, goto,1
767.0,Elev,0,  arrived at src, 9, Elevator call,619.6454196970012,9,0,2,0
767.0, elevID,0,  pos,9,  cmd, goto,8
773.0,Elev,1,  arrived at dest, 1, this call is done!, Elevator call,626.2116172047942,0,1,3,1, Done, dt, 146.78838279520585
773.0,Elev,1,  arrived at dest, 1, this call is done!, Elevator call,710.3249770041223,0,1,3,1, Done, dt, 62.675022995877725
773.0, elevID,1,  pos,1,  cmd, goto,2
778.0, elevID,0,  pos,8,  cmd, goto,7
780.0,Elevator call,779.399691386574,-1,5,1,1, got allocated to elevator, 1
784.0,Elev,1,  arrived at dest, 2, this call is done!, Elevator call,643.8547514955396,-1,2,3,1, Done, dt, 140.14524850446037
784.0, elevID,1,  pos,2,  cmd, goto,3
789.0, elevID,0,  pos,7,  cmd, goto,6
795.0,Elev,1,  arrived at dest, 3, this call is done!, Elevator call,617.9628338542149,0,3,3,1, Done, dt, 177.03716614578514
795.0,Elev,1,  arrived at dest, 3, this call is done!, Elevator call,661.0420820268716,-1,3,3,1, Done, dt, 133.95791797312836
795.0, elevID,1,  pos,3,  cmd, goto,4
800.0,Elev,0,  arrived at src, 6, Elevator call,732.9746341348998,6,-1,2,0
800.0, elevID,0,  pos,6,  cmd, goto,5
806.0,Elevator call,805.6754743307536,-1,-2,1,0, got allocated to elevator, 0
806.0, elevID,1,  pos,4,  cmd, goto,5
811.0,Elevator call,810.4469089359914,2,0,1,0, got allocated to elevator, 0
811.0,Elev,0,  arrived at src, 5, Elevator call,666.2411586665262,5,-1,2,0
811.0, elevID,0,  pos,5,  cmd, goto,4
817.0,Elevator call,816.1516998390152,7,-1,1,0, got allocated to elevator, 0
817.0,Elev,1,  arrived at dest, 5, this call is done!, Elevator call,662.1730527520776,-1,5,3,1, Done, dt, 154.82694724792236
817.0, elevID,1,  pos,5,  cmd, goto,6
822.0, elevID,0,  pos,4,  cmd, goto,3
826.0,Elevator call,825.4575184586336,7,0,1,0, got allocated to elevator, 0
828.0, elevID,1,  pos,6,  cmd, goto,7
833.0, elevID,0,  pos,3,  cmd, goto,2
839.0, elevID,1,  pos,7,  cmd, goto,8
840.0,Elevator call,839.8525652620532,0,1,1,1, got allocated to elevator, 1
844.0,Elev,0,  arrived at src, 2, Elevator call,810.4469089359914,2,0,2,0
844.0, elevID,0,  pos,2,  cmd, goto,1
850.0,Elev,1,  arrived at dest, 8, this call is done!, Elevator call,665.1155548533167,-1,8,3,1, Done, dt, 184.88444514668333
850.0, elevID,1,  pos,8,  cmd, goto,9
855.0,Elevator call,854.2002278085795,6,-1,1,0, got allocated to elevator, 0
855.0,Elev,0,  arrived at src, 1, Elevator call,713.0191971398395,1,0,2,0
855.0,Elev,0,  arrived at src, 1, Elevator call,737.314720213409,1,0,2,0
855.0, elevID,0,  pos,1,  cmd, goto,0
861.0, elevID,1,  pos,9,  cmd, goto,10
864.0,Elevator call,863.893291272948,0,-1,1,0, got allocated to elevator, 0
866.0,Elev,0,  arrived at dest, 0, this call is done!, Elevator call,619.6454196970012,9,0,3,0, Done, dt, 246.35458030299878
866.0,Elev,0,  arrived at dest, 0, this call is done!, Elevator call,713.0191971398395,1,0,3,0, Done, dt, 152.98080286016045
866.0,Elev,0,  arrived at dest, 0, this call is done!, Elevator call,722.6161212799507,10,0,3,0, Done, dt, 143.38387872004932
866.0,Elev,0,  arrived at dest, 0, this call is done!, Elevator call,737.314720213409,1,0,3,0, Done, dt, 128.68527978659097
866.0,Elev,0,  arrived at dest, 0, this call is done!, Elevator call,810.4469089359914,2,0,3,0, Done, dt, 55.55309106400864
866.0,Elev,0,  arrived at src, 0, Elevator call,863.893291272948,0,-1,2,0
866.0, elevID,0,  pos,0,  cmd, goto,-1
871.0,Elevator call,870.5053023797483,0,7,1,1, got allocated to elevator, 1
872.0,Elev,1,  arrived at dest, 10, this call is done!, Elevator call,695.2239881566923,0,10,3,1, Done, dt, 176.77601184330774
872.0, elevID,1,  pos,10,  cmd, goto,-2
877.0,Elev,0,  arrived at dest, -1, this call is done!, Elevator call,666.2411586665262,5,-1,3,0, Done, dt, 210.7588413334738
877.0,Elev,0,  arrived at dest, -1, this call is done!, Elevator call,713.2499766424826,10,-1,3,0, Done, dt, 163.75002335751742
877.0,Elev,0,  arrived at dest, -1, this call is done!, Elevator call,732.9746341348998,6,-1,3,0, Done, dt, 144.02536586510018
877.0,Elev,0,  arrived at src, -1, Elevator call,805.6754743307536,-1,-2,2,0
877.0,Elev,0,  arrived at dest, -1, this call is done!, Elevator call,863.893291272948,0,-1,3,0, Done, dt, 13.106708727052023
877.0, elevID,0,  pos,-1,  cmd, goto,-2
887.0,Elevator call,886.5649993239458,-1,-2,1,0, got allocated to elevator, 0
888.0,Elev,0,  arrived at dest, -2, this call is done!, Elevator call,805.6754743307536,-1,-2,3,0, Done, dt, 82.32452566924644
888.0, elevID,0,  pos,-2,  cmd, goto,10
893.0,Elevator call,892.5212150591021,9,-1,1,0, got allocated to elevator, 0
894.0, elevID,1,  pos,-2,  cmd, goto,-1
905.0,Elev,1,  arrived at src, -1, Elevator call,779.399691386574,-1,5,2,1
905.0, elevID,1,  pos,-1,  cmd, goto,0
910.0, elevID,0,  pos,10,  cmd, goto,9
911.0,Elevator call,910.5388559417848,6,5,1,0, got allocated to elevator, 0
916.0,Elevator call,915.9490574608818,4,-1,1,0, got allocated to elevator, 0
916.0,Elev,1,  arrived at src, 0, Elevator call,839.8525652620532,0,1,2,1
916.0,Elev,1,  arrived at src, 0, Elevator call,870.5053023797483,0,7,2,1
916.0, elevID,1,  pos,0,  cmd, goto,1
921.0,Elev,0,  arrived at src, 9, Elevator call,892.5212150591021,9,-1,2,0
921.0, elevID,0,  pos,9,  cmd, goto,8
927.0,Elev,1,  arrived at dest, 1, this call is done!, Elevator call,839.8525652620532,0,1,3,1, Done, dt, 87.14743473794681
927.0, elevID,1,  pos,1,  cmd, goto,2
932.0, elevID,0,  pos,8,  cmd, goto,7
934.0,Elevator call,933.8580452488764,7,5,1,0, got allocated to elevator, 0
938.0, elevID,1,  pos,2,  cmd, goto,3
943.0,Elev,0,  arrived at src, 7, Elevator call,816.1516998390152,7,-1,2,0
943.0,Elev,0,  arrived at src, 7, Elevator call,825.4575184586336,7,0,2,0
943.0,Elev,0,  arrived at src, 7, Elevator call,933.8580452488764,7,5,2,0
943.0, elevID,0,  pos,7,  cmd, goto,6
949.0, elevID,1,  pos,3,  cmd, goto,4
954.0,Elev,0,  arrived at src, 6, Elevator call,854.2002278085795,6,-1,2,0
954.0,Elev,0,  arrived at src, 6, Elevator call,910.5388559417848,6,5,2,0
954.0, elevID,0,  pos,6,  cmd, goto,5
960.0, elevID,1,  pos,4,  cmd, goto,5
962.0,Elevator call,961.6862855708133,6,-1,1,0, got allocated to elevator, 0
965.0,Elev,0,  arrived at dest, 5, this call is done!, Elevator call,910.5388559417848,6,5,3,0, Done, dt, 54.461144058215154
965.0,Elev,0,  arrived at dest, 5, this call is done!, Elevator call,933.8580452488764,7,5,3,0, Done, dt, 31.14195475112365
965.0, elevID,0,  pos,5,  cmd, goto,4
971.0,Elev,1,  arrived at dest, 5, this call is done!, Elevator call,779.399691386574,-1,5,3,1, Done, dt, 191.60030861342602
971.0, elevID,1,  pos,5,  cmd, goto,6
973.0,Elevator call,972.8032126022729,1,0,1,0, got allocated to elevator, 0
976.0,Elevator call,975.8361202753667,0,-1,1,0, got allocated to elevator, 0
976.0,Elev,0,  arrived at src, 4, Elevator call,915.9490574608818,4,-1,2,0
976.0, elevID,0,  pos,4,  cmd, goto,3
979.0,Elevator call,978.5925148564796,10,0,1,0, got allocated to elevator, 0
979.0,Elevator call,978.6210500641439,10,-1,1,0, got allocated to elevator, 0
982.0, elevID,1,  pos,6,  cmd, goto,7
985.0,Elevator call,984.1840185574983,7,0,1,0, got allocated to elevator, 0
987.0, elevID,0,  pos,3,  cmd, goto,2
993.0,Elev,1,  arrived at dest, 7, this call is done!, Elevator call,870.5053023797483,0,7,3,1, Done, dt, 122.49469762025171
993.0, elevID,1,  pos,7,  cmd, goto,8
998.0, elevID,0,  pos,2,  cmd, goto,1
1000.0,************* Simulation Ended ************
Code Owners,123456789,  Case,2,  Total waiting time: 10685.792822120187,  average waiting time per call: 106.85792822120187,  unCompleted calls,12,  certificate, -3587437167
