**** The Simulator log: stage 2
0.0,OOP_Ex0_Elevator_Simulator
0.0,Simulated Building, ex0.simulator.Builging_A [-2,10]
0) ex0.simulator.Elevator_A, Elev_0, speed: 1.0, open/close: 2.0,  start/stop: 3.0
1) ex0.simulator.Elevator_A, Elev_1, speed: 1.0, open/close: 2.0,  start/stop: 3.0
0.0,Simulated Period starTime,0.0,  endTime,1000.0,  dt,1.0
0.0,Simulated  calls,Elevetor log, size: 100
0.0,**** Simulation starts!! ****
0.0, elevID,0,  pos,-2,  cmd, goto,5
0.0, elevID,1,  pos,-2,  cmd, goto,6
5.0,Elevator call,4.374727290393253,0,-1,1,0, got allocated to elevator, 0
17.0,Elevator call,16.957882888088932,-1,0,1,1, got allocated to elevator, 1
17.0, elevID,0,  pos,5,  cmd, goto,4
18.0, elevID,1,  pos,6,  cmd, goto,7
23.0,Elevator call,22.094056301593582,0,-1,1,0, got allocated to elevator, 0
28.0, elevID,0,  pos,4,  cmd, goto,3
29.0, elevID,1,  pos,7,  cmd, goto,8
39.0, elevID,0,  pos,3,  cmd, goto,2
40.0, elevID,1,  pos,8,  cmd, goto,9
50.0, elevID,0,  pos,2,  cmd, goto,1
51.0, elevID,1,  pos,9,  cmd, goto,10
61.0, elevID,0,  pos,1,  cmd, goto,0
62.0, elevID,1,  pos,10,  cmd, goto,-2
72.0,Elev,0,  arrived at src, 0, Elevator call,4.374727290393253,0,-1,2,0
72.0,Elev,0,  arrived at src, 0, Elevator call,22.094056301593582,0,-1,2,0
72.0, elevID,0,  pos,0,  cmd, goto,-1
83.0,Elev,0,  arrived at dest, -1, this call is done!, Elevator call,4.374727290393253,0,-1,3,0, Done, dt, 78.62527270960675
83.0,Elev,0,  arrived at dest, -1, this call is done!, Elevator call,22.094056301593582,0,-1,3,0, Done, dt, 60.90594369840642
83.0, elevID,0,  pos,-1,  cmd, goto,-2
84.0, elevID,1,  pos,-2,  cmd, goto,-1
86.0,Elevator call,85.5209666204754,3,2,1,0, got allocated to elevator, 0
92.0,Elevator call,91.21019413453945,-1,-2,1,0, got allocated to elevator, 0
94.0, elevID,0,  pos,-2,  cmd, goto,10
95.0,Elev,1,  arrived at src, -1, Elevator call,16.957882888088932,-1,0,2,1
95.0, elevID,1,  pos,-1,  cmd, goto,0
105.0,Elevator call,104.13701241869234,0,4,1,1, got allocated to elevator, 1
106.0,Elev,1,  arrived at dest, 0, this call is done!, Elevator call,16.957882888088932,-1,0,3,1, Done, dt, 89.04211711191107
106.0,Elev,1,  arrived at src, 0, Elevator call,104.13701241869234,0,4,2,1
106.0, elevID,1,  pos,0,  cmd, goto,1
110.0,Elevator call,109.21352909346587,-1,0,1,1, got allocated to elevator, 1
115.0,Elevator call,114.39235096774041,3,0,1,0, got allocated to elevator, 0
116.0, elevID,0,  pos,10,  cmd, goto,9
117.0, elevID,1,  pos,1,  cmd, goto,2
125.0,Elevator call,124.42557095980362,0,9,1,1, got allocated to elevator, 1
127.0, elevID,0,  pos,9,  cmd, goto,8
128.0, elevID,1,  pos,2,  cmd, goto,3
131.0,Elevator call,130.02495678190564,8,10,1,1, got allocated to elevator, 1
131.0,Elevator call,130.224911275492,-1,1,1,1, got allocated to elevator, 1
138.0,Elevator call,137.9515274326701,0,4,1,1, got allocated to elevator, 1
138.0, elevID,0,  pos,8,  cmd, goto,7
139.0, elevID,1,  pos,3,  cmd, goto,4
144.0,Elevator call,143.91335838799415,0,6,1,1, got allocated to elevator, 1
149.0, elevID,0,  pos,7,  cmd, goto,6
150.0,Elev,1,  arrived at dest, 4, this call is done!, Elevator call,104.13701241869234,0,4,3,1, Done, dt, 45.862987581307664
150.0, elevID,1,  pos,4,  cmd, goto,5
160.0, elevID,0,  pos,6,  cmd, goto,5
161.0, elevID,1,  pos,5,  cmd, goto,6
170.0,Elevator call,169.78458339380109,-1,0,1,1, got allocated to elevator, 1
171.0,Elevator call,170.0099620835246,0,6,1,1, got allocated to elevator, 1
171.0, elevID,0,  pos,5,  cmd, goto,4
172.0,Elevator call,171.21173315221364,-1,8,1,1, got allocated to elevator, 1
172.0, elevID,1,  pos,6,  cmd, goto,7
175.0,Elevator call,174.84385152106802,0,-1,1,0, got allocated to elevator, 0
182.0, elevID,0,  pos,4,  cmd, goto,3
183.0, elevID,1,  pos,7,  cmd, goto,8
188.0,Elevator call,187.11678617348463,-1,-2,1,0, got allocated to elevator, 0
188.0,Elevator call,187.7299317966884,-1,-2,1,0, got allocated to elevator, 0
193.0,Elev,0,  arrived at src, 3, Elevator call,85.5209666204754,3,2,2,0
193.0,Elev,0,  arrived at src, 3, Elevator call,114.39235096774041,3,0,2,0
193.0, elevID,0,  pos,3,  cmd, goto,2
194.0,Elev,1,  arrived at src, 8, Elevator call,130.02495678190564,8,10,2,1
194.0, elevID,1,  pos,8,  cmd, goto,9
196.0,Elevator call,195.90869649656992,0,7,1,1, got allocated to elevator, 1
198.0,Elevator call,197.5359191292572,-1,1,1,1, got allocated to elevator, 1
204.0,Elev,0,  arrived at dest, 2, this call is done!, Elevator call,85.5209666204754,3,2,3,0, Done, dt, 118.4790333795246
204.0, elevID,0,  pos,2,  cmd, goto,1
205.0, elevID,1,  pos,9,  cmd, goto,10
206.0,Elevator call,205.9895199338651,-1,0,1,1, got allocated to elevator, 1
215.0, elevID,0,  pos,1,  cmd, goto,0
216.0,Elev,1,  arrived at dest, 10, this call is done!, Elevator call,130.02495678190564,8,10,3,1, Done, dt, 85.97504321809436
216.0, elevID,1,  pos,10,  cmd, goto,-2
226.0,Elev,0,  arrived at dest, 0, this call is done!, Elevator call,114.39235096774041,3,0,3,0, Done, dt, 111.60764903225959
226.0,Elev,0,  arrived at src, 0, Elevator call,174.84385152106802,0,-1,2,0
226.0, elevID,0,  pos,0,  cmd, goto,-1
228.0,Elevator call,227.0798304557929,-1,5,1,1, got allocated to elevator, 1
232.0,Elevator call,231.51578817426258,-1,0,1,1, got allocated to elevator, 1
233.0,Elevator call,232.95043623946805,0,-1,1,0, got allocated to elevator, 0
237.0,Elev,0,  arrived at src, -1, Elevator call,91.21019413453945,-1,-2,2,0
237.0,Elev,0,  arrived at dest, -1, this call is done!, Elevator call,174.84385152106802,0,-1,3,0, Done, dt, 62.15614847893198
237.0,Elev,0,  arrived at src, -1, Elevator call,187.11678617348463,-1,-2,2,0
237.0,Elev,0,  arrived at src, -1, Elevator call,187.7299317966884,-1,-2,2,0
237.0, elevID,0,  pos,-1,  cmd, goto,-2
238.0, elevID,1,  pos,-2,  cmd, goto,-1
248.0,Elev,0,  arrived at dest, -2, this call is done!, Elevator call,91.21019413453945,-1,-2,3,0, Done, dt, 156.78980586546055
248.0,Elev,0,  arrived at dest, -2, this call is done!, Elevator call,187.11678617348463,-1,-2,3,0, Done, dt, 60.88321382651537
248.0,Elev,0,  arrived at dest, -2, this call is done!, Elevator call,187.7299317966884,-1,-2,3,0, Done, dt, 60.27006820331161
248.0, elevID,0,  pos,-2,  cmd, goto,10
249.0,Elev,1,  arrived at src, -1, Elevator call,109.21352909346587,-1,0,2,1
249.0,Elev,1,  arrived at src, -1, Elevator call,130.224911275492,-1,1,2,1
249.0,Elev,1,  arrived at src, -1, Elevator call,169.78458339380109,-1,0,2,1
249.0,Elev,1,  arrived at src, -1, Elevator call,171.21173315221364,-1,8,2,1
249.0,Elev,1,  arrived at src, -1, Elevator call,197.5359191292572,-1,1,2,1
249.0,Elev,1,  arrived at src, -1, Elevator call,205.9895199338651,-1,0,2,1
249.0,Elev,1,  arrived at src, -1, Elevator call,227.0798304557929,-1,5,2,1
249.0,Elev,1,  arrived at src, -1, Elevator call,231.51578817426258,-1,0,2,1
249.0, elevID,1,  pos,-1,  cmd, goto,0
252.0,Elevator call,251.10444690749756,-1,-2,1,0, got allocated to elevator, 0
252.0,Elevator call,251.23593354161653,0,9,1,1, got allocated to elevator, 1
255.0,Elevator call,254.69771525200505,3,4,1,1, got allocated to elevator, 1
258.0,Elevator call,257.7974435335086,-1,0,1,1, got allocated to elevator, 1
260.0,Elev,1,  arrived at dest, 0, this call is done!, Elevator call,109.21352909346587,-1,0,3,1, Done, dt, 150.78647090653413
260.0,Elev,1,  arrived at src, 0, Elevator call,124.42557095980362,0,9,2,1
260.0,Elev,1,  arrived at src, 0, Elevator call,137.9515274326701,0,4,2,1
260.0,Elev,1,  arrived at src, 0, Elevator call,143.91335838799415,0,6,2,1
260.0,Elev,1,  arrived at dest, 0, this call is done!, Elevator call,169.78458339380109,-1,0,3,1, Done, dt, 90.21541660619891
260.0,Elev,1,  arrived at src, 0, Elevator call,170.0099620835246,0,6,2,1
260.0,Elev,1,  arrived at src, 0, Elevator call,195.90869649656992,0,7,2,1
260.0,Elev,1,  arrived at dest, 0, this call is done!, Elevator call,205.9895199338651,-1,0,3,1, Done, dt, 54.0104800661349
260.0,Elev,1,  arrived at dest, 0, this call is done!, Elevator call,231.51578817426258,-1,0,3,1, Done, dt, 28.484211825737418
260.0,Elev,1,  arrived at src, 0, Elevator call,251.23593354161653,0,9,2,1
260.0, elevID,1,  pos,0,  cmd, goto,1
270.0, elevID,0,  pos,10,  cmd, goto,9
271.0,Elev,1,  arrived at dest, 1, this call is done!, Elevator call,130.224911275492,-1,1,3,1, Done, dt, 140.775088724508
271.0,Elev,1,  arrived at dest, 1, this call is done!, Elevator call,197.5359191292572,-1,1,3,1, Done, dt, 73.4640808707428
271.0, elevID,1,  pos,1,  cmd, goto,2
281.0, elevID,0,  pos,9,  cmd, goto,8
282.0, elevID,1,  pos,2,  cmd, goto,3
292.0, elevID,0,  pos,8,  cmd, goto,7
293.0,Elev,1,  arrived at src, 3, Elevator call,254.69771525200505,3,4,2,1
293.0, elevID,1,  pos,3,  cmd, goto,4
296.0,Elevator call,295.7943356681491,0,1,1,1, got allocated to elevator, 1
303.0, elevID,0,  pos,7,  cmd, goto,6
304.0,Elev,1,  arrived at dest, 4, this call is done!, Elevator call,137.9515274326701,0,4,3,1, Done, dt, 166.0484725673299
304.0,Elev,1,  arrived at dest, 4, this call is done!, Elevator call,254.69771525200505,3,4,3,1, Done, dt, 49.302284747994946
304.0, elevID,1,  pos,4,  cmd, goto,5
305.0,Elevator call,304.99843880775313,6,0,1,0, got allocated to elevator, 0
310.0,Elevator call,309.30053828560517,0,-1,1,0, got allocated to elevator, 0
313.0,Elevator call,312.30185564398687,0,-1,1,0, got allocated to elevator, 0
314.0,Elev,0,  arrived at src, 6, Elevator call,304.99843880775313,6,0,2,0
314.0, elevID,0,  pos,6,  cmd, goto,5
315.0,Elev,1,  arrived at dest, 5, this call is done!, Elevator call,227.0798304557929,-1,5,3,1, Done, dt, 87.92016954420711
315.0, elevID,1,  pos,5,  cmd, goto,6
317.0,Elevator call,316.03237827404377,0,-1,1,0, got allocated to elevator, 0
320.0,Elevator call,319.90520204415634,6,5,1,0, got allocated to elevator, 0
321.0,Elevator call,320.97607492210807,-1,0,1,1, got allocated to elevator, 1
322.0,Elevator call,321.37040904796595,7,-1,1,0, got allocated to elevator, 0
325.0, elevID,0,  pos,5,  cmd, goto,4
326.0,Elev,1,  arrived at dest, 6, this call is done!, Elevator call,143.91335838799415,0,6,3,1, Done, dt, 182.08664161200585
326.0,Elev,1,  arrived at dest, 6, this call is done!, Elevator call,170.0099620835246,0,6,3,1, Done, dt, 155.9900379164754
326.0, elevID,1,  pos,6,  cmd, goto,7
333.0,Elevator call,332.4267319393355,0,10,1,1, got allocated to elevator, 1
336.0, elevID,0,  pos,4,  cmd, goto,3
337.0,Elevator call,336.93043046159545,-1,0,1,1, got allocated to elevator, 1
337.0,Elev,1,  arrived at dest, 7, this call is done!, Elevator call,195.90869649656992,0,7,3,1, Done, dt, 141.09130350343008
337.0, elevID,1,  pos,7,  cmd, goto,8
347.0, elevID,0,  pos,3,  cmd, goto,2
348.0,Elev,1,  arrived at dest, 8, this call is done!, Elevator call,171.21173315221364,-1,8,3,1, Done, dt, 176.78826684778636
348.0, elevID,1,  pos,8,  cmd, goto,9
358.0, elevID,0,  pos,2,  cmd, goto,1
359.0,Elev,1,  arrived at dest, 9, this call is done!, Elevator call,124.42557095980362,0,9,3,1, Done, dt, 234.57442904019638
359.0,Elev,1,  arrived at dest, 9, this call is done!, Elevator call,251.23593354161653,0,9,3,1, Done, dt, 107.76406645838347
359.0, elevID,1,  pos,9,  cmd, goto,10
369.0, elevID,0,  pos,1,  cmd, goto,0
370.0, elevID,1,  pos,10,  cmd, goto,-2
376.0,Elevator call,375.49048095381363,1,0,1,0, got allocated to elevator, 0
380.0,Elev,0,  arrived at src, 0, Elevator call,232.95043623946805,0,-1,2,0
380.0,Elev,0,  arrived at dest, 0, this call is done!, Elevator call,304.99843880775313,6,0,3,0, Done, dt, 75.00156119224687
380.0,Elev,0,  arrived at src, 0, Elevator call,309.30053828560517,0,-1,2,0
380.0,Elev,0,  arrived at src, 0, Elevator call,312.30185564398687,0,-1,2,0
380.0,Elev,0,  arrived at src, 0, Elevator call,316.03237827404377,0,-1,2,0
380.0, elevID,0,  pos,0,  cmd, goto,-1
391.0,Elev,0,  arrived at dest, -1, this call is done!, Elevator call,232.95043623946805,0,-1,3,0, Done, dt, 158.04956376053195
391.0,Elev,0,  arrived at src, -1, Elevator call,251.10444690749756,-1,-2,2,0
391.0,Elev,0,  arrived at dest, -1, this call is done!, Elevator call,309.30053828560517,0,-1,3,0, Done, dt, 81.69946171439483
391.0,Elev,0,  arrived at dest, -1, this call is done!, Elevator call,312.30185564398687,0,-1,3,0, Done, dt, 78.69814435601313
391.0,Elev,0,  arrived at dest, -1, this call is done!, Elevator call,316.03237827404377,0,-1,3,0, Done, dt, 74.96762172595623
391.0, elevID,0,  pos,-1,  cmd, goto,-2
392.0, elevID,1,  pos,-2,  cmd, goto,-1
393.0,Elevator call,392.5160764870397,0,5,1,1, got allocated to elevator, 1
402.0,Elev,0,  arrived at dest, -2, this call is done!, Elevator call,251.10444690749756,-1,-2,3,0, Done, dt, 150.89555309250244
402.0, elevID,0,  pos,-2,  cmd, goto,10
403.0,Elev,1,  arrived at src, -1, Elevator call,257.7974435335086,-1,0,2,1
403.0,Elev,1,  arrived at src, -1, Elevator call,320.97607492210807,-1,0,2,1
403.0,Elev,1,  arrived at src, -1, Elevator call,336.93043046159545,-1,0,2,1
403.0, elevID,1,  pos,-1,  cmd, goto,0
406.0,Elevator call,405.1821140884023,-1,10,1,1, got allocated to elevator, 1
414.0,Elev,1,  arrived at dest, 0, this call is done!, Elevator call,257.7974435335086,-1,0,3,1, Done, dt, 156.2025564664914
414.0,Elev,1,  arrived at src, 0, Elevator call,295.7943356681491,0,1,2,1
414.0,Elev,1,  arrived at dest, 0, this call is done!, Elevator call,320.97607492210807,-1,0,3,1, Done, dt, 93.02392507789193
414.0,Elev,1,  arrived at src, 0, Elevator call,332.4267319393355,0,10,2,1
414.0,Elev,1,  arrived at dest, 0, this call is done!, Elevator call,336.93043046159545,-1,0,3,1, Done, dt, 77.06956953840455
414.0,Elev,1,  arrived at src, 0, Elevator call,392.5160764870397,0,5,2,1
414.0, elevID,1,  pos,0,  cmd, goto,1
424.0, elevID,0,  pos,10,  cmd, goto,9
425.0,Elev,1,  arrived at dest, 1, this call is done!, Elevator call,295.7943356681491,0,1,3,1, Done, dt, 129.20566433185093
425.0, elevID,1,  pos,1,  cmd, goto,2
427.0,Elevator call,426.8615805478589,2,0,1,0, got allocated to elevator, 0
435.0, elevID,0,  pos,9,  cmd, goto,8
436.0, elevID,1,  pos,2,  cmd, goto,3
438.0,Elevator call,437.17111576125836,1,0,1,0, got allocated to elevator, 0
446.0, elevID,0,  pos,8,  cmd, goto,7
447.0, elevID,1,  pos,3,  cmd, goto,4
457.0,Elev,0,  arrived at src, 7, Elevator call,321.37040904796595,7,-1,2,0
457.0, elevID,0,  pos,7,  cmd, goto,6
458.0, elevID,1,  pos,4,  cmd, goto,5
468.0,Elev,0,  arrived at src, 6, Elevator call,319.90520204415634,6,5,2,0
468.0, elevID,0,  pos,6,  cmd, goto,5
469.0,Elev,1,  arrived at dest, 5, this call is done!, Elevator call,392.5160764870397,0,5,3,1, Done, dt, 76.4839235129603
469.0, elevID,1,  pos,5,  cmd, goto,6
473.0,Elevator call,472.7445473930129,10,-1,1,0, got allocated to elevator, 0
479.0,Elev,0,  arrived at dest, 5, this call is done!, Elevator call,319.90520204415634,6,5,3,0, Done, dt, 159.09479795584366
479.0, elevID,0,  pos,5,  cmd, goto,4
480.0, elevID,1,  pos,6,  cmd, goto,7
490.0, elevID,0,  pos,4,  cmd, goto,3
491.0, elevID,1,  pos,7,  cmd, goto,8
501.0,Elevator call,500.3712044996745,8,-1,1,0, got allocated to elevator, 0
501.0, elevID,0,  pos,3,  cmd, goto,2
502.0, elevID,1,  pos,8,  cmd, goto,9
504.0,Elevator call,503.13847841893045,1,-1,1,0, got allocated to elevator, 0
505.0,Elevator call,504.4317942159655,0,-1,1,0, got allocated to elevator, 0
512.0,Elev,0,  arrived at src, 2, Elevator call,426.8615805478589,2,0,2,0
512.0, elevID,0,  pos,2,  cmd, goto,1
513.0, elevID,1,  pos,9,  cmd, goto,10
523.0,Elev,0,  arrived at src, 1, Elevator call,375.49048095381363,1,0,2,0
523.0,Elev,0,  arrived at src, 1, Elevator call,437.17111576125836,1,0,2,0
523.0,Elev,0,  arrived at src, 1, Elevator call,503.13847841893045,1,-1,2,0
523.0, elevID,0,  pos,1,  cmd, goto,0
524.0,Elev,1,  arrived at dest, 10, this call is done!, Elevator call,332.4267319393355,0,10,3,1, Done, dt, 191.57326806066447
524.0, elevID,1,  pos,10,  cmd, goto,-2
530.0,Elevator call,529.6277472128405,3,-1,1,0, got allocated to elevator, 0
534.0,Elev,0,  arrived at dest, 0, this call is done!, Elevator call,375.49048095381363,1,0,3,0, Done, dt, 158.50951904618637
534.0,Elev,0,  arrived at dest, 0, this call is done!, Elevator call,426.8615805478589,2,0,3,0, Done, dt, 107.13841945214108
534.0,Elev,0,  arrived at dest, 0, this call is done!, Elevator call,437.17111576125836,1,0,3,0, Done, dt, 96.82888423874164
534.0,Elev,0,  arrived at src, 0, Elevator call,504.4317942159655,0,-1,2,0
534.0, elevID,0,  pos,0,  cmd, goto,-1
538.0,Elevator call,537.7866883694313,-1,6,1,1, got allocated to elevator, 1
545.0,Elevator call,544.7880392034898,6,-1,1,0, got allocated to elevator, 0
545.0,Elev,0,  arrived at dest, -1, this call is done!, Elevator call,321.37040904796595,7,-1,3,0, Done, dt, 223.62959095203405
545.0,Elev,0,  arrived at dest, -1, this call is done!, Elevator call,503.13847841893045,1,-1,3,0, Done, dt, 41.86152158106955
545.0,Elev,0,  arrived at dest, -1, this call is done!, Elevator call,504.4317942159655,0,-1,3,0, Done, dt, 40.56820578403449
545.0, elevID,0,  pos,-1,  cmd, goto,-2
546.0, elevID,1,  pos,-2,  cmd, goto,-1
555.0,Elevator call,554.0892922920482,4,0,1,0, got allocated to elevator, 0
556.0, elevID,0,  pos,-2,  cmd, goto,10
557.0,Elev,1,  arrived at src, -1, Elevator call,405.1821140884023,-1,10,2,1
557.0,Elev,1,  arrived at src, -1, Elevator call,537.7866883694313,-1,6,2,1
557.0, elevID,1,  pos,-1,  cmd, goto,0
558.0,Elevator call,557.2441390036331,10,0,1,0, got allocated to elevator, 0
566.0,Elevator call,565.0195521745534,0,-1,1,0, got allocated to elevator, 0
568.0, elevID,1,  pos,0,  cmd, goto,1
578.0,Elev,0,  arrived at src, 10, Elevator call,472.7445473930129,10,-1,2,0
578.0,Elev,0,  arrived at src, 10, Elevator call,557.2441390036331,10,0,2,0
578.0, elevID,0,  pos,10,  cmd, goto,9
579.0, elevID,1,  pos,1,  cmd, goto,2
582.0,Elevator call,581.8703090238192,0,3,1,1, got allocated to elevator, 1
589.0, elevID,0,  pos,9,  cmd, goto,8
590.0, elevID,1,  pos,2,  cmd, goto,3
597.0,Elevator call,596.1232022872633,8,0,1,0, got allocated to elevator, 0
600.0,Elev,0,  arrived at src, 8, Elevator call,500.3712044996745,8,-1,2,0
600.0,Elev,0,  arrived at src, 8, Elevator call,596.1232022872633,8,0,2,0
600.0, elevID,0,  pos,8,  cmd, goto,7
601.0,Elevator call,600.9312879686208,1,0,1,0, got allocated to elevator, 0
601.0, elevID,1,  pos,3,  cmd, goto,4
604.0,Elevator call,603.9342326983083,7,0,1,0, got allocated to elevator, 0
611.0,Elev,0,  arrived at src, 7, Elevator call,603.9342326983083,7,0,2,0
611.0, elevID,0,  pos,7,  cmd, goto,6
612.0, elevID,1,  pos,4,  cmd, goto,5
618.0,Elevator call,617.9628338542149,0,3,1,1, got allocated to elevator, 1
620.0,Elevator call,619.6454196970012,9,0,1,0, got allocated to elevator, 0
622.0,Elev,0,  arrived at src, 6, Elevator call,544.7880392034898,6,-1,2,0
622.0, elevID,0,  pos,6,  cmd, goto,5
623.0, elevID,1,  pos,5,  cmd, goto,6
627.0,Elevator call,626.2116172047942,0,1,1,1, got allocated to elevator, 1
633.0, elevID,0,  pos,5,  cmd, goto,4
634.0,Elev,1,  arrived at dest, 6, this call is done!, Elevator call,537.7866883694313,-1,6,3,1, Done, dt, 96.21331163056868
634.0, elevID,1,  pos,6,  cmd, goto,7
644.0,Elevator call,643.8547514955396,-1,2,1,1, got allocated to elevator, 1
644.0,Elev,0,  arrived at src, 4, Elevator call,554.0892922920482,4,0,2,0
644.0, elevID,0,  pos,4,  cmd, goto,3
645.0, elevID,1,  pos,7,  cmd, goto,8
655.0,Elev,0,  arrived at src, 3, Elevator call,529.6277472128405,3,-1,2,0
655.0, elevID,0,  pos,3,  cmd, goto,2
656.0, elevID,1,  pos,8,  cmd, goto,9
661.0,Elevator call,660.0732907797126,6,10,1,1, got allocated to elevator, 1
662.0,Elevator call,661.0420820268716,-1,3,1,1, got allocated to elevator, 1
663.0,Elevator call,662.1730527520776,-1,5,1,1, got allocated to elevator, 1
666.0,Elevator call,665.1155548533167,-1,8,1,1, got allocated to elevator, 1
666.0, elevID,0,  pos,2,  cmd, goto,1
667.0,Elevator call,666.0340294605869,4,0,1,0, got allocated to elevator, 0
667.0,Elevator call,666.2411586665262,5,-1,1,0, got allocated to elevator, 0
667.0, elevID,1,  pos,9,  cmd, goto,10
673.0,Elevator call,672.677314157026,0,-1,1,0, got allocated to elevator, 0
677.0,Elev,0,  arrived at src, 1, Elevator call,600.9312879686208,1,0,2,0
677.0, elevID,0,  pos,1,  cmd, goto,0
678.0,Elevator call,677.7341948387335,0,-1,1,0, got allocated to elevator, 0
678.0,Elev,1,  arrived at dest, 10, this call is done!, Elevator call,405.1821140884023,-1,10,3,1, Done, dt, 272.8178859115977
678.0, elevID,1,  pos,10,  cmd, goto,-2
679.0,Elevator call,678.9953584914538,-1,-2,1,0, got allocated to elevator, 0
688.0,Elev,0,  arrived at dest, 0, this call is done!, Elevator call,554.0892922920482,4,0,3,0, Done, dt, 133.91070770795181
688.0,Elev,0,  arrived at dest, 0, this call is done!, Elevator call,557.2441390036331,10,0,3,0, Done, dt, 130.7558609963669
688.0,Elev,0,  arrived at src, 0, Elevator call,565.0195521745534,0,-1,2,0
688.0,Elev,0,  arrived at dest, 0, this call is done!, Elevator call,596.1232022872633,8,0,3,0, Done, dt, 91.87679771273667
688.0,Elev,0,  arrived at dest, 0, this call is done!, Elevator call,600.9312879686208,1,0,3,0, Done, dt, 87.06871203137916
688.0,Elev,0,  arrived at dest, 0, this call is done!, Elevator call,603.9342326983083,7,0,3,0, Done, dt, 84.06576730169172
688.0,Elev,0,  arrived at src, 0, Elevator call,672.677314157026,0,-1,2,0
688.0,Elev,0,  arrived at src, 0, Elevator call,677.7341948387335,0,-1,2,0
688.0, elevID,0,  pos,0,  cmd, goto,-1
696.0,Elevator call,695.2239881566923,0,10,1,1, got allocated to elevator, 1
699.0,Elev,0,  arrived at dest, -1, this call is done!, Elevator call,472.7445473930129,10,-1,3,0, Done, dt, 226.2554526069871
699.0,Elev,0,  arrived at dest, -1, this call is done!, Elevator call,500.3712044996745,8,-1,3,0, Done, dt, 198.6287955003255
699.0,Elev,0,  arrived at dest, -1, this call is done!, Elevator call,529.6277472128405,3,-1,3,0, Done, dt, 169.37225278715948
699.0,Elev,0,  arrived at dest, -1, this call is done!, Elevator call,544.7880392034898,6,-1,3,0, Done, dt, 154.2119607965102
699.0,Elev,0,  arrived at dest, -1, this call is done!, Elevator call,565.0195521745534,0,-1,3,0, Done, dt, 133.98044782544662
699.0,Elev,0,  arrived at dest, -1, this call is done!, Elevator call,672.677314157026,0,-1,3,0, Done, dt, 26.32268584297401
699.0,Elev,0,  arrived at dest, -1, this call is done!, Elevator call,677.7341948387335,0,-1,3,0, Done, dt, 21.265805161266485
699.0,Elev,0,  arrived at src, -1, Elevator call,678.9953584914538,-1,-2,2,0
699.0, elevID,0,  pos,-1,  cmd, goto,-2
700.0, elevID,1,  pos,-2,  cmd, goto,-1
707.0,Elevator call,706.1583474999188,-1,-2,1,0, got allocated to elevator, 0
710.0,Elev,0,  arrived at dest, -2, this call is done!, Elevator call,678.9953584914538,-1,-2,3,0, Done, dt, 31.00464150854623
710.0, elevID,0,  pos,-2,  cmd, goto,10
711.0,Elevator call,710.3249770041223,0,1,1,1, got allocated to elevator, 1
711.0,Elev,1,  arrived at src, -1, Elevator call,643.8547514955396,-1,2,2,1
711.0,Elev,1,  arrived at src, -1, Elevator call,661.0420820268716,-1,3,2,1
711.0,Elev,1,  arrived at src, -1, Elevator call,662.1730527520776,-1,5,2,1
711.0,Elev,1,  arrived at src, -1, Elevator call,665.1155548533167,-1,8,2,1
711.0, elevID,1,  pos,-1,  cmd, goto,0
714.0,Elevator call,713.0191971398395,1,0,1,0, got allocated to elevator, 0
714.0,Elevator call,713.2499766424826,10,-1,1,0, got allocated to elevator, 0
722.0,Elev,1,  arrived at src, 0, Elevator call,581.8703090238192,0,3,2,1
722.0,Elev,1,  arrived at src, 0, Elevator call,617.9628338542149,0,3,2,1
722.0,Elev,1,  arrived at src, 0, Elevator call,626.2116172047942,0,1,2,1
722.0,Elev,1,  arrived at src, 0, Elevator call,695.2239881566923,0,10,2,1
722.0,Elev,1,  arrived at src, 0, Elevator call,710.3249770041223,0,1,2,1
722.0, elevID,1,  pos,0,  cmd, goto,1
723.0,Elevator call,722.6161212799507,10,0,1,0, got allocated to elevator, 0
728.0,Elevator call,727.514602863032,-1,0,1,1, got allocated to elevator, 1
732.0,Elev,0,  arrived at src, 10, Elevator call,713.2499766424826,10,-1,2,0
732.0,Elev,0,  arrived at src, 10, Elevator call,722.6161212799507,10,0,2,0
732.0, elevID,0,  pos,10,  cmd, goto,9
733.0,Elevator call,732.9746341348998,6,-1,1,0, got allocated to elevator, 0
733.0,Elev,1,  arrived at dest, 1, this call is done!, Elevator call,626.2116172047942,0,1,3,1, Done, dt, 106.78838279520585
733.0,Elev,1,  arrived at dest, 1, this call is done!, Elevator call,710.3249770041223,0,1,3,1, Done, dt, 22.675022995877725
733.0, elevID,1,  pos,1,  cmd, goto,2
738.0,Elevator call,737.314720213409,1,0,1,0, got allocated to elevator, 0
743.0,Elev,0,  arrived at src, 9, Elevator call,619.6454196970012,9,0,2,0
743.0, elevID,0,  pos,9,  cmd, goto,8
744.0,Elev,1,  arrived at dest, 2, this call is done!, Elevator call,643.8547514955396,-1,2,3,1, Done, dt, 100.14524850446037
744.0, elevID,1,  pos,2,  cmd, goto,3
754.0, elevID,0,  pos,8,  cmd, goto,7
755.0,Elev,1,  arrived at dest, 3, this call is done!, Elevator call,581.8703090238192,0,3,3,1, Done, dt, 173.12969097618077
755.0,Elev,1,  arrived at dest, 3, this call is done!, Elevator call,617.9628338542149,0,3,3,1, Done, dt, 137.03716614578514
755.0,Elev,1,  arrived at dest, 3, this call is done!, Elevator call,661.0420820268716,-1,3,3,1, Done, dt, 93.95791797312836
755.0, elevID,1,  pos,3,  cmd, goto,4
765.0, elevID,0,  pos,7,  cmd, goto,6
766.0, elevID,1,  pos,4,  cmd, goto,5
776.0,Elev,0,  arrived at src, 6, Elevator call,732.9746341348998,6,-1,2,0
776.0, elevID,0,  pos,6,  cmd, goto,5
777.0,Elev,1,  arrived at dest, 5, this call is done!, Elevator call,662.1730527520776,-1,5,3,1, Done, dt, 114.82694724792236
777.0, elevID,1,  pos,5,  cmd, goto,6
780.0,Elevator call,779.399691386574,-1,5,1,1, got allocated to elevator, 1
787.0,Elev,0,  arrived at src, 5, Elevator call,666.2411586665262,5,-1,2,0
787.0, elevID,0,  pos,5,  cmd, goto,4
788.0,Elev,1,  arrived at src, 6, Elevator call,660.0732907797126,6,10,2,1
788.0, elevID,1,  pos,6,  cmd, goto,7
798.0,Elev,0,  arrived at src, 4, Elevator call,666.0340294605869,4,0,2,0
798.0, elevID,0,  pos,4,  cmd, goto,3
799.0, elevID,1,  pos,7,  cmd, goto,8
806.0,Elevator call,805.6754743307536,-1,-2,1,0, got allocated to elevator, 0
809.0, elevID,0,  pos,3,  cmd, goto,2
810.0,Elev,1,  arrived at dest, 8, this call is done!, Elevator call,665.1155548533167,-1,8,3,1, Done, dt, 144.88444514668333
810.0, elevID,1,  pos,8,  cmd, goto,9
811.0,Elevator call,810.4469089359914,2,0,1,0, got allocated to elevator, 0
817.0,Elevator call,816.1516998390152,7,-1,1,0, got allocated to elevator, 0
820.0,Elev,0,  arrived at src, 2, Elevator call,810.4469089359914,2,0,2,0
820.0, elevID,0,  pos,2,  cmd, goto,1
821.0, elevID,1,  pos,9,  cmd, goto,10
826.0,Elevator call,825.4575184586336,7,0,1,0, got allocated to elevator, 0
831.0,Elev,0,  arrived at src, 1, Elevator call,713.0191971398395,1,0,2,0
831.0,Elev,0,  arrived at src, 1, Elevator call,737.314720213409,1,0,2,0
831.0, elevID,0,  pos,1,  cmd, goto,0
832.0,Elev,1,  arrived at dest, 10, this call is done!, Elevator call,660.0732907797126,6,10,3,1, Done, dt, 171.92670922028742
832.0,Elev,1,  arrived at dest, 10, this call is done!, Elevator call,695.2239881566923,0,10,3,1, Done, dt, 136.77601184330774
832.0, elevID,1,  pos,10,  cmd, goto,-2
840.0,Elevator call,839.8525652620532,0,1,1,1, got allocated to elevator, 1
842.0,Elev,0,  arrived at dest, 0, this call is done!, Elevator call,619.6454196970012,9,0,3,0, Done, dt, 222.35458030299878
842.0,Elev,0,  arrived at dest, 0, this call is done!, Elevator call,666.0340294605869,4,0,3,0, Done, dt, 175.9659705394131
842.0,Elev,0,  arrived at dest, 0, this call is done!, Elevator call,713.0191971398395,1,0,3,0, Done, dt, 128.98080286016045
842.0,Elev,0,  arrived at dest, 0, this call is done!, Elevator call,722.6161212799507,10,0,3,0, Done, dt, 119.38387872004932
842.0,Elev,0,  arrived at dest, 0, this call is done!, Elevator call,737.314720213409,1,0,3,0, Done, dt, 104.68527978659097
842.0,Elev,0,  arrived at dest, 0, this call is done!, Elevator call,810.4469089359914,2,0,3,0, Done, dt, 31.55309106400864
842.0, elevID,0,  pos,0,  cmd, goto,-1
853.0,Elev,0,  arrived at dest, -1, this call is done!, Elevator call,666.2411586665262,5,-1,3,0, Done, dt, 186.7588413334738
853.0,Elev,0,  arrived at src, -1, Elevator call,706.1583474999188,-1,-2,2,0
853.0,Elev,0,  arrived at dest, -1, this call is done!, Elevator call,713.2499766424826,10,-1,3,0, Done, dt, 139.75002335751742
853.0,Elev,0,  arrived at dest, -1, this call is done!, Elevator call,732.9746341348998,6,-1,3,0, Done, dt, 120.02536586510018
853.0,Elev,0,  arrived at src, -1, Elevator call,805.6754743307536,-1,-2,2,0
853.0, elevID,0,  pos,-1,  cmd, goto,-2
854.0, elevID,1,  pos,-2,  cmd, goto,-1
855.0,Elevator call,854.2002278085795,6,-1,1,0, got allocated to elevator, 0
864.0,Elevator call,863.893291272948,0,-1,1,0, got allocated to elevator, 0
864.0,Elev,0,  arrived at dest, -2, this call is done!, Elevator call,706.1583474999188,-1,-2,3,0, Done, dt, 157.84165250008118
864.0,Elev,0,  arrived at dest, -2, this call is done!, Elevator call,805.6754743307536,-1,-2,3,0, Done, dt, 58.32452566924644
864.0, elevID,0,  pos,-2,  cmd, goto,10
865.0,Elev,1,  arrived at src, -1, Elevator call,727.514602863032,-1,0,2,1
865.0,Elev,1,  arrived at src, -1, Elevator call,779.399691386574,-1,5,2,1
865.0, elevID,1,  pos,-1,  cmd, goto,0
871.0,Elevator call,870.5053023797483,0,7,1,1, got allocated to elevator, 1
876.0,Elev,1,  arrived at dest, 0, this call is done!, Elevator call,727.514602863032,-1,0,3,1, Done, dt, 148.485397136968
876.0,Elev,1,  arrived at src, 0, Elevator call,839.8525652620532,0,1,2,1
876.0,Elev,1,  arrived at src, 0, Elevator call,870.5053023797483,0,7,2,1
876.0, elevID,1,  pos,0,  cmd, goto,1
886.0, elevID,0,  pos,10,  cmd, goto,9
887.0,Elevator call,886.5649993239458,-1,-2,1,0, got allocated to elevator, 0
887.0,Elev,1,  arrived at dest, 1, this call is done!, Elevator call,839.8525652620532,0,1,3,1, Done, dt, 47.14743473794681
887.0, elevID,1,  pos,1,  cmd, goto,2
893.0,Elevator call,892.5212150591021,9,-1,1,0, got allocated to elevator, 0
897.0,Elev,0,  arrived at src, 9, Elevator call,892.5212150591021,9,-1,2,0
897.0, elevID,0,  pos,9,  cmd, goto,8
898.0, elevID,1,  pos,2,  cmd, goto,3
908.0, elevID,0,  pos,8,  cmd, goto,7
909.0, elevID,1,  pos,3,  cmd, goto,4
911.0,Elevator call,910.5388559417848,6,5,1,0, got allocated to elevator, 0
916.0,Elevator call,915.9490574608818,4,-1,1,0, got allocated to elevator, 0
919.0,Elev,0,  arrived at src, 7, Elevator call,816.1516998390152,7,-1,2,0
919.0,Elev,0,  arrived at src, 7, Elevator call,825.4575184586336,7,0,2,0
919.0, elevID,0,  pos,7,  cmd, goto,6
920.0, elevID,1,  pos,4,  cmd, goto,5
930.0,Elev,0,  arrived at src, 6, Elevator call,854.2002278085795,6,-1,2,0
930.0,Elev,0,  arrived at src, 6, Elevator call,910.5388559417848,6,5,2,0
930.0, elevID,0,  pos,6,  cmd, goto,5
931.0,Elev,1,  arrived at dest, 5, this call is done!, Elevator call,779.399691386574,-1,5,3,1, Done, dt, 151.60030861342602
931.0, elevID,1,  pos,5,  cmd, goto,6
934.0,Elevator call,933.8580452488764,7,5,1,0, got allocated to elevator, 0
941.0,Elev,0,  arrived at dest, 5, this call is done!, Elevator call,910.5388559417848,6,5,3,0, Done, dt, 30.461144058215154
941.0, elevID,0,  pos,5,  cmd, goto,4
942.0, elevID,1,  pos,6,  cmd, goto,7
952.0,Elev,0,  arrived at src, 4, Elevator call,915.9490574608818,4,-1,2,0
952.0, elevID,0,  pos,4,  cmd, goto,3
953.0,Elev,1,  arrived at dest, 7, this call is done!, Elevator call,870.5053023797483,0,7,3,1, Done, dt, 82.49469762025171
953.0, elevID,1,  pos,7,  cmd, goto,8
962.0,Elevator call,961.6862855708133,6,-1,1,0, got allocated to elevator, 0
963.0, elevID,0,  pos,3,  cmd, goto,2
964.0, elevID,1,  pos,8,  cmd, goto,9
973.0,Elevator call,972.8032126022729,1,0,1,0, got allocated to elevator, 0
974.0, elevID,0,  pos,2,  cmd, goto,1
975.0, elevID,1,  pos,9,  cmd, goto,10
976.0,Elevator call,975.8361202753667,0,-1,1,0, got allocated to elevator, 0
979.0,Elevator call,978.5925148564796,10,0,1,0, got allocated to elevator, 0
979.0,Elevator call,978.6210500641439,10,-1,1,0, got allocated to elevator, 0
985.0,Elevator call,984.1840185574983,7,0,1,0, got allocated to elevator, 0
985.0,Elev,0,  arrived at src, 1, Elevator call,972.8032126022729,1,0,2,0
985.0, elevID,0,  pos,1,  cmd, goto,0
986.0, elevID,1,  pos,10,  cmd, goto,-2
996.0,Elev,0,  arrived at dest, 0, this call is done!, Elevator call,825.4575184586336,7,0,3,0, Done, dt, 170.54248154136644
996.0,Elev,0,  arrived at src, 0, Elevator call,863.893291272948,0,-1,2,0
996.0,Elev,0,  arrived at dest, 0, this call is done!, Elevator call,972.8032126022729,1,0,3,0, Done, dt, 23.19678739772712
996.0,Elev,0,  arrived at src, 0, Elevator call,975.8361202753667,0,-1,2,0
996.0, elevID,0,  pos,0,  cmd, goto,-1
1000.0,************* Simulation Ended ************
Code Owners,123456789,  Case,2,  Total waiting time: 11057.792822120187,  average waiting time per call: 110.57792822120187,  unCompleted calls,12,  certificate, -3986349979
