**** The Simulator log: stage 2
0.0,OOP_Ex0_Elevator_Simulator
0.0,Simulated Building, ex0.simulator.Builging_A [-2,10]
0) ex0.simulator.Elevator_A, Elev_0, speed: 1.0, open/close: 2.0,  start/stop: 3.0
1) ex0.simulator.Elevator_A, Elev_1, speed: 1.0, open/close: 2.0,  start/stop: 3.0
0.0,Simulated Period starTime,0.0,  endTime,1000.0,  dt,1.0
0.0,Simulated  calls,Elevetor log, size: 100
0.0,**** Simulation starts!! ****
0.0, elevID,0,  pos,-2,  cmd, goto,1
0.0, elevID,1,  pos,-2,  cmd, goto,1
5.0,Elevator call,4.374727290393253,0,-1,1,0, got allocated to elevator, 0
13.0, elevID,0,  pos,1,  cmd, goto,0
13.0, elevID,1,  pos,1,  cmd, goto,2
17.0,Elevator call,16.957882888088932,-1,0,1,0, got allocated to elevator, 0
23.0,Elevator call,22.094056301593582,0,-1,1,0, got allocated to elevator, 0
24.0,Elev,0,  arrived at src, 0, Elevator call,4.374727290393253,0,-1,2,0
24.0,Elev,0,  arrived at src, 0, Elevator call,22.094056301593582,0,-1,2,0
24.0, elevID,0,  pos,0,  cmd, goto,-1
24.0, elevID,1,  pos,2,  cmd, goto,3
35.0,Elev,0,  arrived at dest, -1, this call is done!, Elevator call,4.374727290393253,0,-1,3,0, Done, dt, 30.625272709606747
35.0,Elev,0,  arrived at src, -1, Elevator call,16.957882888088932,-1,0,2,0
35.0,Elev,0,  arrived at dest, -1, this call is done!, Elevator call,22.094056301593582,0,-1,3,0, Done, dt, 12.905943698406418
35.0, elevID,0,  pos,-1,  cmd, goto,-2
35.0, elevID,1,  pos,3,  cmd, goto,4
46.0, elevID,0,  pos,-2,  cmd, goto,10
46.0, elevID,1,  pos,4,  cmd, goto,5
57.0, elevID,1,  pos,5,  cmd, goto,6
68.0, elevID,0,  pos,10,  cmd, goto,9
68.0, elevID,1,  pos,6,  cmd, goto,7
79.0, elevID,0,  pos,9,  cmd, goto,8
79.0, elevID,1,  pos,7,  cmd, goto,8
86.0,Elevator call,85.5209666204754,3,2,1,0, got allocated to elevator, 0
90.0, elevID,0,  pos,8,  cmd, goto,7
90.0, elevID,1,  pos,8,  cmd, goto,9
92.0,Elevator call,91.21019413453945,-1,-2,1,0, got allocated to elevator, 0
101.0, elevID,0,  pos,7,  cmd, goto,6
101.0, elevID,1,  pos,9,  cmd, goto,10
105.0,Elevator call,104.13701241869234,0,4,1,0, got allocated to elevator, 0
110.0,Elevator call,109.21352909346587,-1,0,1,0, got allocated to elevator, 0
112.0, elevID,0,  pos,6,  cmd, goto,5
112.0, elevID,1,  pos,10,  cmd, goto,-2
115.0,Elevator call,114.39235096774041,3,0,1,0, got allocated to elevator, 0
123.0, elevID,0,  pos,5,  cmd, goto,4
125.0,Elevator call,124.42557095980362,0,9,1,0, got allocated to elevator, 0
131.0,Elevator call,130.02495678190564,8,10,1,0, got allocated to elevator, 0
131.0,Elevator call,130.224911275492,-1,1,1,0, got allocated to elevator, 0
134.0, elevID,0,  pos,4,  cmd, goto,3
134.0, elevID,1,  pos,-2,  cmd, goto,-1
138.0,Elevator call,137.9515274326701,0,4,1,0, got allocated to elevator, 0
144.0,Elevator call,143.91335838799415,0,6,1,0, got allocated to elevator, 0
145.0,Elev,0,  arrived at src, 3, Elevator call,85.5209666204754,3,2,2,0
145.0,Elev,0,  arrived at src, 3, Elevator call,114.39235096774041,3,0,2,0
145.0, elevID,0,  pos,3,  cmd, goto,2
145.0, elevID,1,  pos,-1,  cmd, goto,0
156.0,Elev,0,  arrived at dest, 2, this call is done!, Elevator call,85.5209666204754,3,2,3,0, Done, dt, 70.4790333795246
156.0, elevID,0,  pos,2,  cmd, goto,1
156.0, elevID,1,  pos,0,  cmd, goto,1
167.0, elevID,0,  pos,1,  cmd, goto,0
167.0, elevID,1,  pos,1,  cmd, goto,2
170.0,Elevator call,169.78458339380109,-1,0,1,0, got allocated to elevator, 0
171.0,Elevator call,170.0099620835246,0,6,1,0, got allocated to elevator, 0
172.0,Elevator call,171.21173315221364,-1,8,1,0, got allocated to elevator, 0
175.0,Elevator call,174.84385152106802,0,-1,1,0, got allocated to elevator, 0
178.0,Elev,0,  arrived at dest, 0, this call is done!, Elevator call,16.957882888088932,-1,0,3,0, Done, dt, 161.04211711191107
178.0,Elev,0,  arrived at src, 0, Elevator call,104.13701241869234,0,4,2,0
178.0,Elev,0,  arrived at dest, 0, this call is done!, Elevator call,114.39235096774041,3,0,3,0, Done, dt, 63.60764903225959
178.0,Elev,0,  arrived at src, 0, Elevator call,124.42557095980362,0,9,2,0
178.0,Elev,0,  arrived at src, 0, Elevator call,137.9515274326701,0,4,2,0
178.0,Elev,0,  arrived at src, 0, Elevator call,143.91335838799415,0,6,2,0
178.0,Elev,0,  arrived at src, 0, Elevator call,170.0099620835246,0,6,2,0
178.0,Elev,0,  arrived at src, 0, Elevator call,174.84385152106802,0,-1,2,0
178.0, elevID,0,  pos,0,  cmd, goto,-1
178.0, elevID,1,  pos,2,  cmd, goto,3
188.0,Elevator call,187.11678617348463,-1,-2,1,0, got allocated to elevator, 0
188.0,Elevator call,187.7299317966884,-1,-2,1,0, got allocated to elevator, 0
189.0,Elev,0,  arrived at src, -1, Elevator call,91.21019413453945,-1,-2,2,0
189.0,Elev,0,  arrived at src, -1, Elevator call,109.21352909346587,-1,0,2,0
189.0,Elev,0,  arrived at src, -1, Elevator call,130.224911275492,-1,1,2,0
189.0,Elev,0,  arrived at src, -1, Elevator call,169.78458339380109,-1,0,2,0
189.0,Elev,0,  arrived at src, -1, Elevator call,171.21173315221364,-1,8,2,0
189.0,Elev,0,  arrived at dest, -1, this call is done!, Elevator call,174.84385152106802,0,-1,3,0, Done, dt, 14.156148478931982
189.0,Elev,0,  arrived at src, -1, Elevator call,187.11678617348463,-1,-2,2,0
189.0,Elev,0,  arrived at src, -1, Elevator call,187.7299317966884,-1,-2,2,0
189.0, elevID,0,  pos,-1,  cmd, goto,-2
189.0, elevID,1,  pos,3,  cmd, goto,4
196.0,Elevator call,195.90869649656992,0,7,1,0, got allocated to elevator, 0
198.0,Elevator call,197.5359191292572,-1,1,1,0, got allocated to elevator, 0
200.0,Elev,0,  arrived at dest, -2, this call is done!, Elevator call,91.21019413453945,-1,-2,3,0, Done, dt, 108.78980586546055
200.0,Elev,0,  arrived at dest, -2, this call is done!, Elevator call,187.11678617348463,-1,-2,3,0, Done, dt, 12.883213826515373
200.0,Elev,0,  arrived at dest, -2, this call is done!, Elevator call,187.7299317966884,-1,-2,3,0, Done, dt, 12.27006820331161
200.0, elevID,0,  pos,-2,  cmd, goto,10
200.0, elevID,1,  pos,4,  cmd, goto,5
206.0,Elevator call,205.9895199338651,-1,0,1,0, got allocated to elevator, 0
211.0, elevID,1,  pos,5,  cmd, goto,6
222.0, elevID,0,  pos,10,  cmd, goto,9
222.0, elevID,1,  pos,6,  cmd, goto,7
228.0,Elevator call,227.0798304557929,-1,5,1,0, got allocated to elevator, 0
232.0,Elevator call,231.51578817426258,-1,0,1,0, got allocated to elevator, 0
233.0,Elevator call,232.95043623946805,0,-1,1,0, got allocated to elevator, 0
233.0,Elev,0,  arrived at dest, 9, this call is done!, Elevator call,124.42557095980362,0,9,3,0, Done, dt, 108.57442904019638
233.0, elevID,0,  pos,9,  cmd, goto,8
233.0, elevID,1,  pos,7,  cmd, goto,8
244.0,Elev,0,  arrived at src, 8, Elevator call,130.02495678190564,8,10,2,0
244.0,Elev,0,  arrived at dest, 8, this call is done!, Elevator call,171.21173315221364,-1,8,3,0, Done, dt, 72.78826684778636
244.0, elevID,0,  pos,8,  cmd, goto,7
244.0, elevID,1,  pos,8,  cmd, goto,9
252.0,Elevator call,251.10444690749756,-1,-2,1,0, got allocated to elevator, 0
252.0,Elevator call,251.23593354161653,0,9,1,0, got allocated to elevator, 0
255.0,Elevator call,254.69771525200505,3,4,1,0, got allocated to elevator, 0
255.0, elevID,0,  pos,7,  cmd, goto,6
255.0, elevID,1,  pos,9,  cmd, goto,10
258.0,Elevator call,257.7974435335086,-1,0,1,0, got allocated to elevator, 0
266.0,Elev,0,  arrived at dest, 6, this call is done!, Elevator call,143.91335838799415,0,6,3,0, Done, dt, 122.08664161200585
266.0,Elev,0,  arrived at dest, 6, this call is done!, Elevator call,170.0099620835246,0,6,3,0, Done, dt, 95.99003791647539
266.0, elevID,0,  pos,6,  cmd, goto,5
266.0, elevID,1,  pos,10,  cmd, goto,-2
277.0, elevID,0,  pos,5,  cmd, goto,4
288.0,Elev,0,  arrived at dest, 4, this call is done!, Elevator call,104.13701241869234,0,4,3,0, Done, dt, 183.86298758130766
288.0,Elev,0,  arrived at dest, 4, this call is done!, Elevator call,137.9515274326701,0,4,3,0, Done, dt, 150.0484725673299
288.0, elevID,0,  pos,4,  cmd, goto,3
288.0, elevID,1,  pos,-2,  cmd, goto,-1
296.0,Elevator call,295.7943356681491,0,1,1,0, got allocated to elevator, 0
299.0,Elev,0,  arrived at src, 3, Elevator call,254.69771525200505,3,4,2,0
299.0, elevID,0,  pos,3,  cmd, goto,2
299.0, elevID,1,  pos,-1,  cmd, goto,0
305.0,Elevator call,304.99843880775313,6,0,1,0, got allocated to elevator, 0
310.0,Elevator call,309.30053828560517,0,-1,1,0, got allocated to elevator, 0
310.0, elevID,0,  pos,2,  cmd, goto,1
310.0, elevID,1,  pos,0,  cmd, goto,1
313.0,Elevator call,312.30185564398687,0,-1,1,0, got allocated to elevator, 0
317.0,Elevator call,316.03237827404377,0,-1,1,0, got allocated to elevator, 0
320.0,Elevator call,319.90520204415634,6,5,1,0, got allocated to elevator, 0
321.0,Elevator call,320.97607492210807,-1,0,1,0, got allocated to elevator, 0
321.0,Elev,0,  arrived at dest, 1, this call is done!, Elevator call,130.224911275492,-1,1,3,0, Done, dt, 190.775088724508
321.0, elevID,0,  pos,1,  cmd, goto,0
321.0, elevID,1,  pos,1,  cmd, goto,2
322.0,Elevator call,321.37040904796595,7,-1,1,0, got allocated to elevator, 0
332.0,Elev,0,  arrived at dest, 0, this call is done!, Elevator call,109.21352909346587,-1,0,3,0, Done, dt, 222.78647090653413
332.0,Elev,0,  arrived at dest, 0, this call is done!, Elevator call,169.78458339380109,-1,0,3,0, Done, dt, 162.21541660619891
332.0,Elev,0,  arrived at src, 0, Elevator call,195.90869649656992,0,7,2,0
332.0,Elev,0,  arrived at src, 0, Elevator call,232.95043623946805,0,-1,2,0
332.0,Elev,0,  arrived at src, 0, Elevator call,251.23593354161653,0,9,2,0
332.0,Elev,0,  arrived at src, 0, Elevator call,295.7943356681491,0,1,2,0
332.0,Elev,0,  arrived at src, 0, Elevator call,309.30053828560517,0,-1,2,0
332.0,Elev,0,  arrived at src, 0, Elevator call,312.30185564398687,0,-1,2,0
332.0,Elev,0,  arrived at src, 0, Elevator call,316.03237827404377,0,-1,2,0
332.0, elevID,0,  pos,0,  cmd, goto,-1
332.0, elevID,1,  pos,2,  cmd, goto,3
333.0,Elevator call,332.4267319393355,0,10,1,0, got allocated to elevator, 0
337.0,Elevator call,336.93043046159545,-1,0,1,0, got allocated to elevator, 0
343.0,Elev,0,  arrived at src, -1, Elevator call,197.5359191292572,-1,1,2,0
343.0,Elev,0,  arrived at src, -1, Elevator call,205.9895199338651,-1,0,2,0
343.0,Elev,0,  arrived at src, -1, Elevator call,227.0798304557929,-1,5,2,0
343.0,Elev,0,  arrived at src, -1, Elevator call,231.51578817426258,-1,0,2,0
343.0,Elev,0,  arrived at dest, -1, this call is done!, Elevator call,232.95043623946805,0,-1,3,0, Done, dt, 110.04956376053195
343.0,Elev,0,  arrived at src, -1, Elevator call,251.10444690749756,-1,-2,2,0
343.0,Elev,0,  arrived at src, -1, Elevator call,257.7974435335086,-1,0,2,0
343.0,Elev,0,  arrived at dest, -1, this call is done!, Elevator call,309.30053828560517,0,-1,3,0, Done, dt, 33.69946171439483
343.0,Elev,0,  arrived at dest, -1, this call is done!, Elevator call,312.30185564398687,0,-1,3,0, Done, dt, 30.69814435601313
343.0,Elev,0,  arrived at dest, -1, this call is done!, Elevator call,316.03237827404377,0,-1,3,0, Done, dt, 26.967621725956235
343.0,Elev,0,  arrived at src, -1, Elevator call,320.97607492210807,-1,0,2,0
343.0,Elev,0,  arrived at src, -1, Elevator call,336.93043046159545,-1,0,2,0
343.0, elevID,0,  pos,-1,  cmd, goto,-2
343.0, elevID,1,  pos,3,  cmd, goto,4
354.0,Elev,0,  arrived at dest, -2, this call is done!, Elevator call,251.10444690749756,-1,-2,3,0, Done, dt, 102.89555309250244
354.0, elevID,0,  pos,-2,  cmd, goto,10
354.0, elevID,1,  pos,4,  cmd, goto,5
365.0, elevID,1,  pos,5,  cmd, goto,6
376.0,Elevator call,375.49048095381363,1,0,1,0, got allocated to elevator, 0
376.0,Elev,0,  arrived at dest, 10, this call is done!, Elevator call,130.02495678190564,8,10,3,0, Done, dt, 245.97504321809436
376.0, elevID,0,  pos,10,  cmd, goto,9
376.0, elevID,1,  pos,6,  cmd, goto,7
387.0,Elev,0,  arrived at dest, 9, this call is done!, Elevator call,251.23593354161653,0,9,3,0, Done, dt, 135.76406645838347
387.0, elevID,0,  pos,9,  cmd, goto,8
387.0, elevID,1,  pos,7,  cmd, goto,8
393.0,Elevator call,392.5160764870397,0,5,1,0, got allocated to elevator, 0
398.0, elevID,0,  pos,8,  cmd, goto,7
398.0, elevID,1,  pos,8,  cmd, goto,9
406.0,Elevator call,405.1821140884023,-1,10,1,0, got allocated to elevator, 0
409.0,Elev,0,  arrived at dest, 7, this call is done!, Elevator call,195.90869649656992,0,7,3,0, Done, dt, 213.09130350343008
409.0,Elev,0,  arrived at src, 7, Elevator call,321.37040904796595,7,-1,2,0
409.0, elevID,0,  pos,7,  cmd, goto,6
409.0, elevID,1,  pos,9,  cmd, goto,10
420.0,Elev,0,  arrived at src, 6, Elevator call,304.99843880775313,6,0,2,0
420.0,Elev,0,  arrived at src, 6, Elevator call,319.90520204415634,6,5,2,0
420.0, elevID,0,  pos,6,  cmd, goto,5
420.0, elevID,1,  pos,10,  cmd, goto,-2
427.0,Elevator call,426.8615805478589,2,0,1,0, got allocated to elevator, 0
431.0,Elev,0,  arrived at dest, 5, this call is done!, Elevator call,227.0798304557929,-1,5,3,0, Done, dt, 203.9201695442071
431.0,Elev,0,  arrived at dest, 5, this call is done!, Elevator call,319.90520204415634,6,5,3,0, Done, dt, 111.09479795584366
431.0, elevID,0,  pos,5,  cmd, goto,4
438.0,Elevator call,437.17111576125836,1,0,1,0, got allocated to elevator, 0
442.0,Elev,0,  arrived at dest, 4, this call is done!, Elevator call,254.69771525200505,3,4,3,0, Done, dt, 187.30228474799495
442.0, elevID,0,  pos,4,  cmd, goto,3
442.0, elevID,1,  pos,-2,  cmd, goto,-1
453.0, elevID,0,  pos,3,  cmd, goto,2
453.0, elevID,1,  pos,-1,  cmd, goto,0
464.0,Elev,0,  arrived at src, 2, Elevator call,426.8615805478589,2,0,2,0
464.0, elevID,0,  pos,2,  cmd, goto,1
464.0, elevID,1,  pos,0,  cmd, goto,1
473.0,Elevator call,472.7445473930129,10,-1,1,0, got allocated to elevator, 0
475.0,Elev,0,  arrived at dest, 1, this call is done!, Elevator call,197.5359191292572,-1,1,3,0, Done, dt, 277.4640808707428
475.0,Elev,0,  arrived at dest, 1, this call is done!, Elevator call,295.7943356681491,0,1,3,0, Done, dt, 179.20566433185093
475.0,Elev,0,  arrived at src, 1, Elevator call,375.49048095381363,1,0,2,0
475.0,Elev,0,  arrived at src, 1, Elevator call,437.17111576125836,1,0,2,0
475.0, elevID,0,  pos,1,  cmd, goto,0
475.0, elevID,1,  pos,1,  cmd, goto,2
486.0,Elev,0,  arrived at dest, 0, this call is done!, Elevator call,205.9895199338651,-1,0,3,0, Done, dt, 280.0104800661349
486.0,Elev,0,  arrived at dest, 0, this call is done!, Elevator call,231.51578817426258,-1,0,3,0, Done, dt, 254.48421182573742
486.0,Elev,0,  arrived at dest, 0, this call is done!, Elevator call,257.7974435335086,-1,0,3,0, Done, dt, 228.2025564664914
486.0,Elev,0,  arrived at dest, 0, this call is done!, Elevator call,304.99843880775313,6,0,3,0, Done, dt, 181.00156119224687
486.0,Elev,0,  arrived at dest, 0, this call is done!, Elevator call,320.97607492210807,-1,0,3,0, Done, dt, 165.02392507789193
486.0,Elev,0,  arrived at src, 0, Elevator call,332.4267319393355,0,10,2,0
486.0,Elev,0,  arrived at dest, 0, this call is done!, Elevator call,336.93043046159545,-1,0,3,0, Done, dt, 149.06956953840455
486.0,Elev,0,  arrived at dest, 0, this call is done!, Elevator call,375.49048095381363,1,0,3,0, Done, dt, 110.50951904618637
486.0,Elev,0,  arrived at src, 0, Elevator call,392.5160764870397,0,5,2,0
486.0,Elev,0,  arrived at dest, 0, this call is done!, Elevator call,426.8615805478589,2,0,3,0, Done, dt, 59.13841945214108
486.0,Elev,0,  arrived at dest, 0, this call is done!, Elevator call,437.17111576125836,1,0,3,0, Done, dt, 48.82888423874164
486.0, elevID,0,  pos,0,  cmd, goto,-1
486.0, elevID,1,  pos,2,  cmd, goto,3
497.0,Elev,0,  arrived at dest, -1, this call is done!, Elevator call,321.37040904796595,7,-1,3,0, Done, dt, 175.62959095203405
497.0,Elev,0,  arrived at src, -1, Elevator call,405.1821140884023,-1,10,2,0
497.0, elevID,0,  pos,-1,  cmd, goto,-2
497.0, elevID,1,  pos,3,  cmd, goto,4
501.0,Elevator call,500.3712044996745,8,-1,1,0, got allocated to elevator, 0
504.0,Elevator call,503.13847841893045,1,-1,1,0, got allocated to elevator, 0
505.0,Elevator call,504.4317942159655,0,-1,1,0, got allocated to elevator, 0
508.0, elevID,0,  pos,-2,  cmd, goto,10
508.0, elevID,1,  pos,4,  cmd, goto,5
519.0, elevID,1,  pos,5,  cmd, goto,6
530.0,Elevator call,529.6277472128405,3,-1,1,0, got allocated to elevator, 0
530.0,Elev,0,  arrived at dest, 10, this call is done!, Elevator call,332.4267319393355,0,10,3,0, Done, dt, 197.57326806066447
530.0,Elev,0,  arrived at dest, 10, this call is done!, Elevator call,405.1821140884023,-1,10,3,0, Done, dt, 124.81788591159773
530.0,Elev,0,  arrived at src, 10, Elevator call,472.7445473930129,10,-1,2,0
530.0, elevID,0,  pos,10,  cmd, goto,9
530.0, elevID,1,  pos,6,  cmd, goto,7
538.0,Elevator call,537.7866883694313,-1,6,1,0, got allocated to elevator, 0
541.0, elevID,0,  pos,9,  cmd, goto,8
541.0, elevID,1,  pos,7,  cmd, goto,8
545.0,Elevator call,544.7880392034898,6,-1,1,0, got allocated to elevator, 0
552.0,Elev,0,  arrived at src, 8, Elevator call,500.3712044996745,8,-1,2,0
552.0, elevID,0,  pos,8,  cmd, goto,7
552.0, elevID,1,  pos,8,  cmd, goto,9
555.0,Elevator call,554.0892922920482,4,0,1,0, got allocated to elevator, 0
558.0,Elevator call,557.2441390036331,10,0,1,0, got allocated to elevator, 0
563.0, elevID,0,  pos,7,  cmd, goto,6
563.0, elevID,1,  pos,9,  cmd, goto,10
566.0,Elevator call,565.0195521745534,0,-1,1,0, got allocated to elevator, 0
574.0,Elev,0,  arrived at src, 6, Elevator call,544.7880392034898,6,-1,2,0
574.0, elevID,0,  pos,6,  cmd, goto,5
574.0, elevID,1,  pos,10,  cmd, goto,-2
582.0,Elevator call,581.8703090238192,0,3,1,0, got allocated to elevator, 0
585.0,Elev,0,  arrived at dest, 5, this call is done!, Elevator call,392.5160764870397,0,5,3,0, Done, dt, 192.4839235129603
585.0, elevID,0,  pos,5,  cmd, goto,4
596.0,Elev,0,  arrived at src, 4, Elevator call,554.0892922920482,4,0,2,0
596.0, elevID,0,  pos,4,  cmd, goto,3
596.0, elevID,1,  pos,-2,  cmd, goto,-1
597.0,Elevator call,596.1232022872633,8,0,1,0, got allocated to elevator, 0
601.0,Elevator call,600.9312879686208,1,0,1,0, got allocated to elevator, 0
604.0,Elevator call,603.9342326983083,7,0,1,0, got allocated to elevator, 0
607.0,Elev,0,  arrived at src, 3, Elevator call,529.6277472128405,3,-1,2,0
607.0, elevID,0,  pos,3,  cmd, goto,2
607.0, elevID,1,  pos,-1,  cmd, goto,0
618.0,Elevator call,617.9628338542149,0,3,1,0, got allocated to elevator, 0
618.0, elevID,0,  pos,2,  cmd, goto,1
618.0, elevID,1,  pos,0,  cmd, goto,1
620.0,Elevator call,619.6454196970012,9,0,1,0, got allocated to elevator, 0
627.0,Elevator call,626.2116172047942,0,1,1,0, got allocated to elevator, 0
629.0,Elev,0,  arrived at src, 1, Elevator call,503.13847841893045,1,-1,2,0
629.0,Elev,0,  arrived at src, 1, Elevator call,600.9312879686208,1,0,2,0
629.0, elevID,0,  pos,1,  cmd, goto,0
629.0, elevID,1,  pos,1,  cmd, goto,2
640.0,Elev,0,  arrived at src, 0, Elevator call,504.4317942159655,0,-1,2,0
640.0,Elev,0,  arrived at dest, 0, this call is done!, Elevator call,554.0892922920482,4,0,3,0, Done, dt, 85.91070770795181
640.0,Elev,0,  arrived at src, 0, Elevator call,565.0195521745534,0,-1,2,0
640.0,Elev,0,  arrived at src, 0, Elevator call,581.8703090238192,0,3,2,0
640.0,Elev,0,  arrived at dest, 0, this call is done!, Elevator call,600.9312879686208,1,0,3,0, Done, dt, 39.068712031379164
640.0,Elev,0,  arrived at src, 0, Elevator call,617.9628338542149,0,3,2,0
640.0,Elev,0,  arrived at src, 0, Elevator call,626.2116172047942,0,1,2,0
640.0, elevID,0,  pos,0,  cmd, goto,-1
640.0, elevID,1,  pos,2,  cmd, goto,3
644.0,Elevator call,643.8547514955396,-1,2,1,0, got allocated to elevator, 0
651.0,Elev,0,  arrived at dest, -1, this call is done!, Elevator call,472.7445473930129,10,-1,3,0, Done, dt, 178.2554526069871
651.0,Elev,0,  arrived at dest, -1, this call is done!, Elevator call,500.3712044996745,8,-1,3,0, Done, dt, 150.6287955003255
651.0,Elev,0,  arrived at dest, -1, this call is done!, Elevator call,503.13847841893045,1,-1,3,0, Done, dt, 147.86152158106955
651.0,Elev,0,  arrived at dest, -1, this call is done!, Elevator call,504.4317942159655,0,-1,3,0, Done, dt, 146.5682057840345
651.0,Elev,0,  arrived at dest, -1, this call is done!, Elevator call,529.6277472128405,3,-1,3,0, Done, dt, 121.37225278715948
651.0,Elev,0,  arrived at src, -1, Elevator call,537.7866883694313,-1,6,2,0
651.0,Elev,0,  arrived at dest, -1, this call is done!, Elevator call,544.7880392034898,6,-1,3,0, Done, dt, 106.2119607965102
651.0,Elev,0,  arrived at dest, -1, this call is done!, Elevator call,565.0195521745534,0,-1,3,0, Done, dt, 85.98044782544662
651.0,Elev,0,  arrived at src, -1, Elevator call,643.8547514955396,-1,2,2,0
651.0, elevID,0,  pos,-1,  cmd, goto,-2
651.0, elevID,1,  pos,3,  cmd, goto,4
661.0,Elevator call,660.0732907797126,6,10,1,0, got allocated to elevator, 0
662.0,Elevator call,661.0420820268716,-1,3,1,0, got allocated to elevator, 0
662.0, elevID,0,  pos,-2,  cmd, goto,10
662.0, elevID,1,  pos,4,  cmd, goto,5
663.0,Elevator call,662.1730527520776,-1,5,1,0, got allocated to elevator, 0
666.0,Elevator call,665.1155548533167,-1,8,1,0, got allocated to elevator, 0
667.0,Elevator call,666.0340294605869,4,0,1,0, got allocated to elevator, 0
667.0,Elevator call,666.2411586665262,5,-1,1,0, got allocated to elevator, 0
673.0,Elevator call,672.677314157026,0,-1,1,0, got allocated to elevator, 0
673.0, elevID,1,  pos,5,  cmd, goto,6
678.0,Elevator call,677.7341948387335,0,-1,1,0, got allocated to elevator, 0
679.0,Elevator call,678.9953584914538,-1,-2,1,0, got allocated to elevator, 0
684.0,Elev,0,  arrived at src, 10, Elevator call,557.2441390036331,10,0,2,0
684.0, elevID,0,  pos,10,  cmd, goto,9
684.0, elevID,1,  pos,6,  cmd, goto,7
695.0,Elev,0,  arrived at src, 9, Elevator call,619.6454196970012,9,0,2,0
695.0, elevID,0,  pos,9,  cmd, goto,8
695.0, elevID,1,  pos,7,  cmd, goto,8
696.0,Elevator call,695.2239881566923,0,10,1,0, got allocated to elevator, 0
706.0,Elev,0,  arrived at src, 8, Elevator call,596.1232022872633,8,0,2,0
706.0, elevID,0,  pos,8,  cmd, goto,7
706.0, elevID,1,  pos,8,  cmd, goto,9
707.0,Elevator call,706.1583474999188,-1,-2,1,0, got allocated to elevator, 0
711.0,Elevator call,710.3249770041223,0,1,1,0, got allocated to elevator, 0
714.0,Elevator call,713.0191971398395,1,0,1,0, got allocated to elevator, 0
714.0,Elevator call,713.2499766424826,10,-1,1,0, got allocated to elevator, 0
717.0,Elev,0,  arrived at src, 7, Elevator call,603.9342326983083,7,0,2,0
717.0, elevID,0,  pos,7,  cmd, goto,6
717.0, elevID,1,  pos,9,  cmd, goto,10
723.0,Elevator call,722.6161212799507,10,0,1,0, got allocated to elevator, 0
728.0,Elevator call,727.514602863032,-1,0,1,0, got allocated to elevator, 0
728.0,Elev,0,  arrived at dest, 6, this call is done!, Elevator call,537.7866883694313,-1,6,3,0, Done, dt, 190.21331163056868
728.0,Elev,0,  arrived at src, 6, Elevator call,660.0732907797126,6,10,2,0
728.0, elevID,0,  pos,6,  cmd, goto,5
728.0, elevID,1,  pos,10,  cmd, goto,-2
733.0,Elevator call,732.9746341348998,6,-1,1,0, got allocated to elevator, 0
738.0,Elevator call,737.314720213409,1,0,1,0, got allocated to elevator, 0
739.0,Elev,0,  arrived at src, 5, Elevator call,666.2411586665262,5,-1,2,0
739.0, elevID,0,  pos,5,  cmd, goto,4
750.0,Elev,0,  arrived at src, 4, Elevator call,666.0340294605869,4,0,2,0
750.0, elevID,0,  pos,4,  cmd, goto,3
750.0, elevID,1,  pos,-2,  cmd, goto,-1
761.0,Elev,0,  arrived at dest, 3, this call is done!, Elevator call,581.8703090238192,0,3,3,0, Done, dt, 179.12969097618077
761.0,Elev,0,  arrived at dest, 3, this call is done!, Elevator call,617.9628338542149,0,3,3,0, Done, dt, 143.03716614578514
761.0, elevID,0,  pos,3,  cmd, goto,2
761.0, elevID,1,  pos,-1,  cmd, goto,0
772.0,Elev,0,  arrived at dest, 2, this call is done!, Elevator call,643.8547514955396,-1,2,3,0, Done, dt, 128.14524850446037
772.0, elevID,0,  pos,2,  cmd, goto,1
772.0, elevID,1,  pos,0,  cmd, goto,1
780.0,Elevator call,779.399691386574,-1,5,1,0, got allocated to elevator, 0
783.0,Elev,0,  arrived at dest, 1, this call is done!, Elevator call,626.2116172047942,0,1,3,0, Done, dt, 156.78838279520585
783.0,Elev,0,  arrived at src, 1, Elevator call,713.0191971398395,1,0,2,0
783.0,Elev,0,  arrived at src, 1, Elevator call,737.314720213409,1,0,2,0
783.0, elevID,0,  pos,1,  cmd, goto,0
783.0, elevID,1,  pos,1,  cmd, goto,2
794.0,Elev,0,  arrived at dest, 0, this call is done!, Elevator call,557.2441390036331,10,0,3,0, Done, dt, 236.7558609963669
794.0,Elev,0,  arrived at dest, 0, this call is done!, Elevator call,596.1232022872633,8,0,3,0, Done, dt, 197.87679771273667
794.0,Elev,0,  arrived at dest, 0, this call is done!, Elevator call,603.9342326983083,7,0,3,0, Done, dt, 190.06576730169172
794.0,Elev,0,  arrived at dest, 0, this call is done!, Elevator call,619.6454196970012,9,0,3,0, Done, dt, 174.35458030299878
794.0,Elev,0,  arrived at dest, 0, this call is done!, Elevator call,666.0340294605869,4,0,3,0, Done, dt, 127.96597053941309
794.0,Elev,0,  arrived at src, 0, Elevator call,672.677314157026,0,-1,2,0
794.0,Elev,0,  arrived at src, 0, Elevator call,677.7341948387335,0,-1,2,0
794.0,Elev,0,  arrived at src, 0, Elevator call,695.2239881566923,0,10,2,0
794.0,Elev,0,  arrived at src, 0, Elevator call,710.3249770041223,0,1,2,0
794.0,Elev,0,  arrived at dest, 0, this call is done!, Elevator call,713.0191971398395,1,0,3,0, Done, dt, 80.98080286016045
794.0,Elev,0,  arrived at dest, 0, this call is done!, Elevator call,737.314720213409,1,0,3,0, Done, dt, 56.68527978659097
794.0, elevID,0,  pos,0,  cmd, goto,-1
794.0, elevID,1,  pos,2,  cmd, goto,3
805.0,Elev,0,  arrived at src, -1, Elevator call,661.0420820268716,-1,3,2,0
805.0,Elev,0,  arrived at src, -1, Elevator call,662.1730527520776,-1,5,2,0
805.0,Elev,0,  arrived at src, -1, Elevator call,665.1155548533167,-1,8,2,0
805.0,Elev,0,  arrived at dest, -1, this call is done!, Elevator call,666.2411586665262,5,-1,3,0, Done, dt, 138.7588413334738
805.0,Elev,0,  arrived at dest, -1, this call is done!, Elevator call,672.677314157026,0,-1,3,0, Done, dt, 132.322685842974
805.0,Elev,0,  arrived at dest, -1, this call is done!, Elevator call,677.7341948387335,0,-1,3,0, Done, dt, 127.26580516126648
805.0,Elev,0,  arrived at src, -1, Elevator call,678.9953584914538,-1,-2,2,0
805.0,Elev,0,  arrived at src, -1, Elevator call,706.1583474999188,-1,-2,2,0
805.0,Elev,0,  arrived at src, -1, Elevator call,727.514602863032,-1,0,2,0
805.0,Elev,0,  arrived at src, -1, Elevator call,779.399691386574,-1,5,2,0
805.0, elevID,0,  pos,-1,  cmd, goto,-2
805.0, elevID,1,  pos,3,  cmd, goto,4
806.0,Elevator call,805.6754743307536,-1,-2,1,0, got allocated to elevator, 0
811.0,Elevator call,810.4469089359914,2,0,1,0, got allocated to elevator, 0
816.0,Elev,0,  arrived at dest, -2, this call is done!, Elevator call,678.9953584914538,-1,-2,3,0, Done, dt, 137.00464150854623
816.0,Elev,0,  arrived at dest, -2, this call is done!, Elevator call,706.1583474999188,-1,-2,3,0, Done, dt, 109.84165250008118
816.0, elevID,0,  pos,-2,  cmd, goto,10
816.0, elevID,1,  pos,4,  cmd, goto,5
817.0,Elevator call,816.1516998390152,7,-1,1,0, got allocated to elevator, 0
826.0,Elevator call,825.4575184586336,7,0,1,0, got allocated to elevator, 0
827.0, elevID,1,  pos,5,  cmd, goto,6
838.0,Elev,0,  arrived at dest, 10, this call is done!, Elevator call,660.0732907797126,6,10,3,0, Done, dt, 177.92670922028742
838.0,Elev,0,  arrived at dest, 10, this call is done!, Elevator call,695.2239881566923,0,10,3,0, Done, dt, 142.77601184330774
838.0,Elev,0,  arrived at src, 10, Elevator call,713.2499766424826,10,-1,2,0
838.0,Elev,0,  arrived at src, 10, Elevator call,722.6161212799507,10,0,2,0
838.0, elevID,0,  pos,10,  cmd, goto,9
838.0, elevID,1,  pos,6,  cmd, goto,7
840.0,Elevator call,839.8525652620532,0,1,1,0, got allocated to elevator, 0
849.0, elevID,0,  pos,9,  cmd, goto,8
849.0, elevID,1,  pos,7,  cmd, goto,8
855.0,Elevator call,854.2002278085795,6,-1,1,0, got allocated to elevator, 0
860.0,Elev,0,  arrived at dest, 8, this call is done!, Elevator call,665.1155548533167,-1,8,3,0, Done, dt, 194.88444514668333
860.0, elevID,0,  pos,8,  cmd, goto,7
860.0, elevID,1,  pos,8,  cmd, goto,9
864.0,Elevator call,863.893291272948,0,-1,1,0, got allocated to elevator, 0
871.0,Elevator call,870.5053023797483,0,7,1,0, got allocated to elevator, 0
871.0,Elev,0,  arrived at src, 7, Elevator call,816.1516998390152,7,-1,2,0
871.0,Elev,0,  arrived at src, 7, Elevator call,825.4575184586336,7,0,2,0
871.0, elevID,0,  pos,7,  cmd, goto,6
871.0, elevID,1,  pos,9,  cmd, goto,10
882.0,Elev,0,  arrived at src, 6, Elevator call,732.9746341348998,6,-1,2,0
882.0,Elev,0,  arrived at src, 6, Elevator call,854.2002278085795,6,-1,2,0
882.0, elevID,0,  pos,6,  cmd, goto,5
882.0, elevID,1,  pos,10,  cmd, goto,-2
887.0,Elevator call,886.5649993239458,-1,-2,1,0, got allocated to elevator, 0
893.0,Elevator call,892.5212150591021,9,-1,1,0, got allocated to elevator, 0
893.0,Elev,0,  arrived at dest, 5, this call is done!, Elevator call,662.1730527520776,-1,5,3,0, Done, dt, 230.82694724792236
893.0,Elev,0,  arrived at dest, 5, this call is done!, Elevator call,779.399691386574,-1,5,3,0, Done, dt, 113.60030861342602
893.0, elevID,0,  pos,5,  cmd, goto,4
904.0, elevID,0,  pos,4,  cmd, goto,3
904.0, elevID,1,  pos,-2,  cmd, goto,-1
911.0,Elevator call,910.5388559417848,6,5,1,0, got allocated to elevator, 0
915.0,Elev,0,  arrived at dest, 3, this call is done!, Elevator call,661.0420820268716,-1,3,3,0, Done, dt, 253.95791797312836
915.0, elevID,0,  pos,3,  cmd, goto,2
915.0, elevID,1,  pos,-1,  cmd, goto,0
916.0,Elevator call,915.9490574608818,4,-1,1,0, got allocated to elevator, 0
926.0,Elev,0,  arrived at src, 2, Elevator call,810.4469089359914,2,0,2,0
926.0, elevID,0,  pos,2,  cmd, goto,1
926.0, elevID,1,  pos,0,  cmd, goto,1
934.0,Elevator call,933.8580452488764,7,5,1,0, got allocated to elevator, 0
937.0,Elev,0,  arrived at dest, 1, this call is done!, Elevator call,710.3249770041223,0,1,3,0, Done, dt, 226.67502299587773
937.0, elevID,0,  pos,1,  cmd, goto,0
937.0, elevID,1,  pos,1,  cmd, goto,2
948.0,Elev,0,  arrived at dest, 0, this call is done!, Elevator call,722.6161212799507,10,0,3,0, Done, dt, 225.38387872004932
948.0,Elev,0,  arrived at dest, 0, this call is done!, Elevator call,727.514602863032,-1,0,3,0, Done, dt, 220.485397136968
948.0,Elev,0,  arrived at dest, 0, this call is done!, Elevator call,810.4469089359914,2,0,3,0, Done, dt, 137.55309106400864
948.0,Elev,0,  arrived at dest, 0, this call is done!, Elevator call,825.4575184586336,7,0,3,0, Done, dt, 122.54248154136644
948.0,Elev,0,  arrived at src, 0, Elevator call,839.8525652620532,0,1,2,0
948.0,Elev,0,  arrived at src, 0, Elevator call,863.893291272948,0,-1,2,0
948.0,Elev,0,  arrived at src, 0, Elevator call,870.5053023797483,0,7,2,0
948.0, elevID,0,  pos,0,  cmd, goto,-1
948.0, elevID,1,  pos,2,  cmd, goto,3
959.0,Elev,0,  arrived at dest, -1, this call is done!, Elevator call,713.2499766424826,10,-1,3,0, Done, dt, 245.75002335751742
959.0,Elev,0,  arrived at dest, -1, this call is done!, Elevator call,732.9746341348998,6,-1,3,0, Done, dt, 226.02536586510018
959.0,Elev,0,  arrived at src, -1, Elevator call,805.6754743307536,-1,-2,2,0
959.0,Elev,0,  arrived at dest, -1, this call is done!, Elevator call,816.1516998390152,7,-1,3,0, Done, dt, 142.84830016098476
959.0,Elev,0,  arrived at dest, -1, this call is done!, Elevator call,854.2002278085795,6,-1,3,0, Done, dt, 104.79977219142052
959.0,Elev,0,  arrived at dest, -1, this call is done!, Elevator call,863.893291272948,0,-1,3,0, Done, dt, 95.10670872705202
959.0,Elev,0,  arrived at src, -1, Elevator call,886.5649993239458,-1,-2,2,0
959.0, elevID,0,  pos,-1,  cmd, goto,-2
959.0, elevID,1,  pos,3,  cmd, goto,4
962.0,Elevator call,961.6862855708133,6,-1,1,0, got allocated to elevator, 0
970.0,Elev,0,  arrived at dest, -2, this call is done!, Elevator call,805.6754743307536,-1,-2,3,0, Done, dt, 164.32452566924644
970.0,Elev,0,  arrived at dest, -2, this call is done!, Elevator call,886.5649993239458,-1,-2,3,0, Done, dt, 83.43500067605419
970.0, elevID,0,  pos,-2,  cmd, goto,10
970.0, elevID,1,  pos,4,  cmd, goto,5
973.0,Elevator call,972.8032126022729,1,0,1,0, got allocated to elevator, 0
976.0,Elevator call,975.8361202753667,0,-1,1,0, got allocated to elevator, 0
979.0,Elevator call,978.5925148564796,10,0,1,0, got allocated to elevator, 0
979.0,Elevator call,978.6210500641439,10,-1,1,0, got allocated to elevator, 0
981.0, elevID,1,  pos,5,  cmd, goto,6
985.0,Elevator call,984.1840185574983,7,0,1,0, got allocated to elevator, 0
992.0,Elev,0,  arrived at src, 10, Elevator call,978.5925148564796,10,0,2,0
992.0,Elev,0,  arrived at src, 10, Elevator call,978.6210500641439,10,-1,2,0
992.0, elevID,0,  pos,10,  cmd, goto,9
992.0, elevID,1,  pos,6,  cmd, goto,7
1000.0,************* Simulation Ended ************
Code Owners,123456789,  Case,2,  Total waiting time: 13283.792822120191,  average waiting time per call: 132.8379282212019,  unCompleted calls,12,  certificate, -4352417021
