**** The Simulator log: stage 2
0.0,OOP_Ex0_Elevator_Simulator
0.0,Simulated Building, ex0.simulator.Builging_A [-2,10]
0) ex0.simulator.Elevator_A, Elev_0, speed: 1.0, open/close: 2.0,  start/stop: 3.0
1) ex0.simulator.Elevator_A, Elev_1, speed: 1.0, open/close: 2.0,  start/stop: 3.0
0.0,Simulated Period starTime,0.0,  endTime,1000.0,  dt,1.0
0.0,Simulated  calls,Elevetor log, size: 100
0.0,**** Simulation starts!! ****
0.0, elevID,0,  pos,-2,  cmd, goto,6
0.0, elevID,1,  pos,-2,  cmd, goto,3
5.0,Elevator call,4.374727290393253,0,-1,1,0, got allocated to elevator, 0
15.0, elevID,1,  pos,3,  cmd, goto,4
17.0,Elevator call,16.957882888088932,-1,0,1,1, got allocated to elevator, 1
18.0, elevID,0,  pos,6,  cmd, goto,5
23.0,Elevator call,22.094056301593582,0,-1,1,0, got allocated to elevator, 0
26.0, elevID,1,  pos,4,  cmd, goto,5
29.0, elevID,0,  pos,5,  cmd, goto,4
37.0, elevID,1,  pos,5,  cmd, goto,6
40.0, elevID,0,  pos,4,  cmd, goto,3
48.0, elevID,1,  pos,6,  cmd, goto,7
51.0, elevID,0,  pos,3,  cmd, goto,2
59.0, elevID,1,  pos,7,  cmd, goto,8
62.0, elevID,0,  pos,2,  cmd, goto,1
70.0, elevID,1,  pos,8,  cmd, goto,9
73.0, elevID,0,  pos,1,  cmd, goto,0
81.0, elevID,1,  pos,9,  cmd, goto,10
84.0,Elev,0,  arrived at src, 0, Elevator call,4.374727290393253,0,-1,2,0
84.0,Elev,0,  arrived at src, 0, Elevator call,22.094056301593582,0,-1,2,0
84.0, elevID,0,  pos,0,  cmd, goto,-1
86.0,Elevator call,85.5209666204754,3,2,1,0, got allocated to elevator, 0
92.0,Elevator call,91.21019413453945,-1,-2,1,0, got allocated to elevator, 0
92.0, elevID,1,  pos,10,  cmd, goto,-2
95.0,Elev,0,  arrived at dest, -1, this call is done!, Elevator call,4.374727290393253,0,-1,3,0, Done, dt, 90.62527270960675
95.0,Elev,0,  arrived at dest, -1, this call is done!, Elevator call,22.094056301593582,0,-1,3,0, Done, dt, 72.90594369840642
95.0,Elev,0,  arrived at src, -1, Elevator call,91.21019413453945,-1,-2,2,0
95.0, elevID,0,  pos,-1,  cmd, goto,-2
105.0,Elevator call,104.13701241869234,0,4,1,1, got allocated to elevator, 1
106.0,Elev,0,  arrived at dest, -2, this call is done!, Elevator call,91.21019413453945,-1,-2,3,0, Done, dt, 14.78980586546055
106.0, elevID,0,  pos,-2,  cmd, goto,10
110.0,Elevator call,109.21352909346587,-1,0,1,1, got allocated to elevator, 1
114.0, elevID,1,  pos,-2,  cmd, goto,-1
115.0,Elevator call,114.39235096774041,3,0,1,0, got allocated to elevator, 0
125.0,Elevator call,124.42557095980362,0,9,1,1, got allocated to elevator, 1
125.0,Elev,1,  arrived at src, -1, Elevator call,16.957882888088932,-1,0,2,1
125.0,Elev,1,  arrived at src, -1, Elevator call,109.21352909346587,-1,0,2,1
125.0, elevID,1,  pos,-1,  cmd, goto,0
128.0, elevID,0,  pos,10,  cmd, goto,9
131.0,Elevator call,130.02495678190564,8,10,1,1, got allocated to elevator, 1
131.0,Elevator call,130.224911275492,-1,1,1,1, got allocated to elevator, 1
136.0,Elev,1,  arrived at dest, 0, this call is done!, Elevator call,16.957882888088932,-1,0,3,1, Done, dt, 119.04211711191107
136.0,Elev,1,  arrived at src, 0, Elevator call,104.13701241869234,0,4,2,1
136.0,Elev,1,  arrived at dest, 0, this call is done!, Elevator call,109.21352909346587,-1,0,3,1, Done, dt, 26.786470906534134
136.0,Elev,1,  arrived at src, 0, Elevator call,124.42557095980362,0,9,2,1
136.0, elevID,1,  pos,0,  cmd, goto,1
138.0,Elevator call,137.9515274326701,0,4,1,1, got allocated to elevator, 1
139.0, elevID,0,  pos,9,  cmd, goto,8
144.0,Elevator call,143.91335838799415,0,6,1,1, got allocated to elevator, 1
147.0, elevID,1,  pos,1,  cmd, goto,2
150.0, elevID,0,  pos,8,  cmd, goto,7
158.0, elevID,1,  pos,2,  cmd, goto,3
161.0, elevID,0,  pos,7,  cmd, goto,6
169.0, elevID,1,  pos,3,  cmd, goto,4
170.0,Elevator call,169.78458339380109,-1,0,1,1, got allocated to elevator, 1
171.0,Elevator call,170.0099620835246,0,6,1,1, got allocated to elevator, 1
172.0,Elevator call,171.21173315221364,-1,8,1,1, got allocated to elevator, 1
172.0, elevID,0,  pos,6,  cmd, goto,5
175.0,Elevator call,174.84385152106802,0,-1,1,0, got allocated to elevator, 0
180.0,Elev,1,  arrived at dest, 4, this call is done!, Elevator call,104.13701241869234,0,4,3,1, Done, dt, 75.86298758130766
180.0, elevID,1,  pos,4,  cmd, goto,5
183.0, elevID,0,  pos,5,  cmd, goto,4
188.0,Elevator call,187.11678617348463,-1,-2,1,0, got allocated to elevator, 0
188.0,Elevator call,187.7299317966884,-1,-2,1,0, got allocated to elevator, 0
191.0, elevID,1,  pos,5,  cmd, goto,6
194.0, elevID,0,  pos,4,  cmd, goto,3
196.0,Elevator call,195.90869649656992,0,7,1,1, got allocated to elevator, 1
198.0,Elevator call,197.5359191292572,-1,1,1,1, got allocated to elevator, 1
202.0, elevID,1,  pos,6,  cmd, goto,7
205.0,Elev,0,  arrived at src, 3, Elevator call,85.5209666204754,3,2,2,0
205.0,Elev,0,  arrived at src, 3, Elevator call,114.39235096774041,3,0,2,0
205.0, elevID,0,  pos,3,  cmd, goto,2
206.0,Elevator call,205.9895199338651,-1,0,1,1, got allocated to elevator, 1
213.0, elevID,1,  pos,7,  cmd, goto,8
216.0,Elev,0,  arrived at dest, 2, this call is done!, Elevator call,85.5209666204754,3,2,3,0, Done, dt, 130.4790333795246
216.0, elevID,0,  pos,2,  cmd, goto,1
224.0,Elev,1,  arrived at src, 8, Elevator call,130.02495678190564,8,10,2,1
224.0, elevID,1,  pos,8,  cmd, goto,9
227.0, elevID,0,  pos,1,  cmd, goto,0
228.0,Elevator call,227.0798304557929,-1,5,1,1, got allocated to elevator, 1
232.0,Elevator call,231.51578817426258,-1,0,1,1, got allocated to elevator, 1
233.0,Elevator call,232.95043623946805,0,-1,1,0, got allocated to elevator, 0
235.0,Elev,1,  arrived at dest, 9, this call is done!, Elevator call,124.42557095980362,0,9,3,1, Done, dt, 110.57442904019638
235.0, elevID,1,  pos,9,  cmd, goto,10
238.0,Elev,0,  arrived at dest, 0, this call is done!, Elevator call,114.39235096774041,3,0,3,0, Done, dt, 123.60764903225959
238.0,Elev,0,  arrived at src, 0, Elevator call,174.84385152106802,0,-1,2,0
238.0,Elev,0,  arrived at src, 0, Elevator call,232.95043623946805,0,-1,2,0
238.0, elevID,0,  pos,0,  cmd, goto,-1
246.0,Elev,1,  arrived at dest, 10, this call is done!, Elevator call,130.02495678190564,8,10,3,1, Done, dt, 115.97504321809436
246.0, elevID,1,  pos,10,  cmd, goto,-2
249.0,Elev,0,  arrived at dest, -1, this call is done!, Elevator call,174.84385152106802,0,-1,3,0, Done, dt, 74.15614847893198
249.0,Elev,0,  arrived at src, -1, Elevator call,187.11678617348463,-1,-2,2,0
249.0,Elev,0,  arrived at src, -1, Elevator call,187.7299317966884,-1,-2,2,0
249.0,Elev,0,  arrived at dest, -1, this call is done!, Elevator call,232.95043623946805,0,-1,3,0, Done, dt, 16.049563760531953
249.0, elevID,0,  pos,-1,  cmd, goto,-2
252.0,Elevator call,251.10444690749756,-1,-2,1,0, got allocated to elevator, 0
252.0,Elevator call,251.23593354161653,0,9,1,1, got allocated to elevator, 1
255.0,Elevator call,254.69771525200505,3,4,1,1, got allocated to elevator, 1
258.0,Elevator call,257.7974435335086,-1,0,1,1, got allocated to elevator, 1
260.0,Elev,0,  arrived at dest, -2, this call is done!, Elevator call,187.11678617348463,-1,-2,3,0, Done, dt, 72.88321382651537
260.0,Elev,0,  arrived at dest, -2, this call is done!, Elevator call,187.7299317966884,-1,-2,3,0, Done, dt, 72.27006820331161
260.0, elevID,0,  pos,-2,  cmd, goto,10
268.0, elevID,1,  pos,-2,  cmd, goto,-1
279.0,Elev,1,  arrived at src, -1, Elevator call,130.224911275492,-1,1,2,1
279.0,Elev,1,  arrived at src, -1, Elevator call,169.78458339380109,-1,0,2,1
279.0,Elev,1,  arrived at src, -1, Elevator call,171.21173315221364,-1,8,2,1
279.0,Elev,1,  arrived at src, -1, Elevator call,197.5359191292572,-1,1,2,1
279.0,Elev,1,  arrived at src, -1, Elevator call,205.9895199338651,-1,0,2,1
279.0,Elev,1,  arrived at src, -1, Elevator call,227.0798304557929,-1,5,2,1
279.0,Elev,1,  arrived at src, -1, Elevator call,231.51578817426258,-1,0,2,1
279.0,Elev,1,  arrived at src, -1, Elevator call,257.7974435335086,-1,0,2,1
279.0, elevID,1,  pos,-1,  cmd, goto,0
282.0, elevID,0,  pos,10,  cmd, goto,9
290.0,Elev,1,  arrived at src, 0, Elevator call,137.9515274326701,0,4,2,1
290.0,Elev,1,  arrived at src, 0, Elevator call,143.91335838799415,0,6,2,1
290.0,Elev,1,  arrived at dest, 0, this call is done!, Elevator call,169.78458339380109,-1,0,3,1, Done, dt, 120.21541660619891
290.0,Elev,1,  arrived at src, 0, Elevator call,170.0099620835246,0,6,2,1
290.0,Elev,1,  arrived at src, 0, Elevator call,195.90869649656992,0,7,2,1
290.0,Elev,1,  arrived at dest, 0, this call is done!, Elevator call,205.9895199338651,-1,0,3,1, Done, dt, 84.0104800661349
290.0,Elev,1,  arrived at dest, 0, this call is done!, Elevator call,231.51578817426258,-1,0,3,1, Done, dt, 58.48421182573742
290.0,Elev,1,  arrived at src, 0, Elevator call,251.23593354161653,0,9,2,1
290.0,Elev,1,  arrived at dest, 0, this call is done!, Elevator call,257.7974435335086,-1,0,3,1, Done, dt, 32.20255646649139
290.0, elevID,1,  pos,0,  cmd, goto,1
293.0, elevID,0,  pos,9,  cmd, goto,8
296.0,Elevator call,295.7943356681491,0,1,1,1, got allocated to elevator, 1
301.0,Elev,1,  arrived at dest, 1, this call is done!, Elevator call,130.224911275492,-1,1,3,1, Done, dt, 170.775088724508
301.0,Elev,1,  arrived at dest, 1, this call is done!, Elevator call,197.5359191292572,-1,1,3,1, Done, dt, 103.4640808707428
301.0, elevID,1,  pos,1,  cmd, goto,2
304.0, elevID,0,  pos,8,  cmd, goto,7
305.0,Elevator call,304.99843880775313,6,0,1,0, got allocated to elevator, 0
310.0,Elevator call,309.30053828560517,0,-1,1,0, got allocated to elevator, 0
312.0, elevID,1,  pos,2,  cmd, goto,3
313.0,Elevator call,312.30185564398687,0,-1,1,0, got allocated to elevator, 0
315.0, elevID,0,  pos,7,  cmd, goto,6
317.0,Elevator call,316.03237827404377,0,-1,1,0, got allocated to elevator, 0
320.0,Elevator call,319.90520204415634,6,5,1,0, got allocated to elevator, 0
321.0,Elevator call,320.97607492210807,-1,0,1,1, got allocated to elevator, 1
322.0,Elevator call,321.37040904796595,7,-1,1,0, got allocated to elevator, 0
323.0,Elev,1,  arrived at src, 3, Elevator call,254.69771525200505,3,4,2,1
323.0, elevID,1,  pos,3,  cmd, goto,4
326.0,Elev,0,  arrived at src, 6, Elevator call,304.99843880775313,6,0,2,0
326.0,Elev,0,  arrived at src, 6, Elevator call,319.90520204415634,6,5,2,0
326.0, elevID,0,  pos,6,  cmd, goto,5
333.0,Elevator call,332.4267319393355,0,10,1,1, got allocated to elevator, 1
334.0,Elev,1,  arrived at dest, 4, this call is done!, Elevator call,137.9515274326701,0,4,3,1, Done, dt, 196.0484725673299
334.0,Elev,1,  arrived at dest, 4, this call is done!, Elevator call,254.69771525200505,3,4,3,1, Done, dt, 79.30228474799495
334.0, elevID,1,  pos,4,  cmd, goto,5
337.0,Elevator call,336.93043046159545,-1,0,1,1, got allocated to elevator, 1
337.0,Elev,0,  arrived at dest, 5, this call is done!, Elevator call,319.90520204415634,6,5,3,0, Done, dt, 17.09479795584366
337.0, elevID,0,  pos,5,  cmd, goto,4
345.0,Elev,1,  arrived at dest, 5, this call is done!, Elevator call,227.0798304557929,-1,5,3,1, Done, dt, 117.92016954420711
345.0, elevID,1,  pos,5,  cmd, goto,6
348.0, elevID,0,  pos,4,  cmd, goto,3
356.0,Elev,1,  arrived at dest, 6, this call is done!, Elevator call,143.91335838799415,0,6,3,1, Done, dt, 212.08664161200585
356.0,Elev,1,  arrived at dest, 6, this call is done!, Elevator call,170.0099620835246,0,6,3,1, Done, dt, 185.9900379164754
356.0, elevID,1,  pos,6,  cmd, goto,7
359.0, elevID,0,  pos,3,  cmd, goto,2
367.0,Elev,1,  arrived at dest, 7, this call is done!, Elevator call,195.90869649656992,0,7,3,1, Done, dt, 171.09130350343008
367.0, elevID,1,  pos,7,  cmd, goto,8
370.0, elevID,0,  pos,2,  cmd, goto,1
376.0,Elevator call,375.49048095381363,1,0,1,0, got allocated to elevator, 0
378.0,Elev,1,  arrived at dest, 8, this call is done!, Elevator call,171.21173315221364,-1,8,3,1, Done, dt, 206.78826684778636
378.0, elevID,1,  pos,8,  cmd, goto,9
381.0,Elev,0,  arrived at src, 1, Elevator call,375.49048095381363,1,0,2,0
381.0, elevID,0,  pos,1,  cmd, goto,0
389.0,Elev,1,  arrived at dest, 9, this call is done!, Elevator call,251.23593354161653,0,9,3,1, Done, dt, 137.76406645838347
389.0, elevID,1,  pos,9,  cmd, goto,10
392.0,Elev,0,  arrived at dest, 0, this call is done!, Elevator call,304.99843880775313,6,0,3,0, Done, dt, 87.00156119224687
392.0,Elev,0,  arrived at src, 0, Elevator call,309.30053828560517,0,-1,2,0
392.0,Elev,0,  arrived at src, 0, Elevator call,312.30185564398687,0,-1,2,0
392.0,Elev,0,  arrived at src, 0, Elevator call,316.03237827404377,0,-1,2,0
392.0,Elev,0,  arrived at dest, 0, this call is done!, Elevator call,375.49048095381363,1,0,3,0, Done, dt, 16.50951904618637
392.0, elevID,0,  pos,0,  cmd, goto,-1
393.0,Elevator call,392.5160764870397,0,5,1,1, got allocated to elevator, 1
400.0, elevID,1,  pos,10,  cmd, goto,-2
403.0,Elev,0,  arrived at src, -1, Elevator call,251.10444690749756,-1,-2,2,0
403.0,Elev,0,  arrived at dest, -1, this call is done!, Elevator call,309.30053828560517,0,-1,3,0, Done, dt, 93.69946171439483
403.0,Elev,0,  arrived at dest, -1, this call is done!, Elevator call,312.30185564398687,0,-1,3,0, Done, dt, 90.69814435601313
403.0,Elev,0,  arrived at dest, -1, this call is done!, Elevator call,316.03237827404377,0,-1,3,0, Done, dt, 86.96762172595623
403.0, elevID,0,  pos,-1,  cmd, goto,-2
406.0,Elevator call,405.1821140884023,-1,10,1,1, got allocated to elevator, 1
414.0,Elev,0,  arrived at dest, -2, this call is done!, Elevator call,251.10444690749756,-1,-2,3,0, Done, dt, 162.89555309250244
414.0, elevID,0,  pos,-2,  cmd, goto,10
422.0, elevID,1,  pos,-2,  cmd, goto,-1
427.0,Elevator call,426.8615805478589,2,0,1,0, got allocated to elevator, 0
433.0,Elev,1,  arrived at src, -1, Elevator call,320.97607492210807,-1,0,2,1
433.0,Elev,1,  arrived at src, -1, Elevator call,336.93043046159545,-1,0,2,1
433.0,Elev,1,  arrived at src, -1, Elevator call,405.1821140884023,-1,10,2,1
433.0, elevID,1,  pos,-1,  cmd, goto,0
436.0, elevID,0,  pos,10,  cmd, goto,9
438.0,Elevator call,437.17111576125836,1,0,1,0, got allocated to elevator, 0
444.0,Elev,1,  arrived at src, 0, Elevator call,295.7943356681491,0,1,2,1
444.0,Elev,1,  arrived at dest, 0, this call is done!, Elevator call,320.97607492210807,-1,0,3,1, Done, dt, 123.02392507789193
444.0,Elev,1,  arrived at src, 0, Elevator call,332.4267319393355,0,10,2,1
444.0,Elev,1,  arrived at dest, 0, this call is done!, Elevator call,336.93043046159545,-1,0,3,1, Done, dt, 107.06956953840455
444.0,Elev,1,  arrived at src, 0, Elevator call,392.5160764870397,0,5,2,1
444.0, elevID,1,  pos,0,  cmd, goto,1
447.0, elevID,0,  pos,9,  cmd, goto,8
455.0,Elev,1,  arrived at dest, 1, this call is done!, Elevator call,295.7943356681491,0,1,3,1, Done, dt, 159.20566433185093
455.0, elevID,1,  pos,1,  cmd, goto,2
458.0, elevID,0,  pos,8,  cmd, goto,7
466.0, elevID,1,  pos,2,  cmd, goto,3
469.0,Elev,0,  arrived at src, 7, Elevator call,321.37040904796595,7,-1,2,0
469.0, elevID,0,  pos,7,  cmd, goto,6
473.0,Elevator call,472.7445473930129,10,-1,1,0, got allocated to elevator, 0
477.0, elevID,1,  pos,3,  cmd, goto,4
480.0, elevID,0,  pos,6,  cmd, goto,5
488.0, elevID,1,  pos,4,  cmd, goto,5
491.0, elevID,0,  pos,5,  cmd, goto,4
499.0,Elev,1,  arrived at dest, 5, this call is done!, Elevator call,392.5160764870397,0,5,3,1, Done, dt, 106.4839235129603
499.0, elevID,1,  pos,5,  cmd, goto,6
501.0,Elevator call,500.3712044996745,8,-1,1,0, got allocated to elevator, 0
502.0, elevID,0,  pos,4,  cmd, goto,3
504.0,Elevator call,503.13847841893045,1,-1,1,0, got allocated to elevator, 0
505.0,Elevator call,504.4317942159655,0,-1,1,0, got allocated to elevator, 0
510.0, elevID,1,  pos,6,  cmd, goto,7
513.0, elevID,0,  pos,3,  cmd, goto,2
521.0, elevID,1,  pos,7,  cmd, goto,8
524.0,Elev,0,  arrived at src, 2, Elevator call,426.8615805478589,2,0,2,0
524.0, elevID,0,  pos,2,  cmd, goto,1
530.0,Elevator call,529.6277472128405,3,-1,1,0, got allocated to elevator, 0
532.0, elevID,1,  pos,8,  cmd, goto,9
535.0,Elev,0,  arrived at src, 1, Elevator call,437.17111576125836,1,0,2,0
535.0,Elev,0,  arrived at src, 1, Elevator call,503.13847841893045,1,-1,2,0
535.0, elevID,0,  pos,1,  cmd, goto,0
538.0,Elevator call,537.7866883694313,-1,6,1,1, got allocated to elevator, 1
543.0, elevID,1,  pos,9,  cmd, goto,10
545.0,Elevator call,544.7880392034898,6,-1,1,0, got allocated to elevator, 0
546.0,Elev,0,  arrived at dest, 0, this call is done!, Elevator call,426.8615805478589,2,0,3,0, Done, dt, 119.13841945214108
546.0,Elev,0,  arrived at dest, 0, this call is done!, Elevator call,437.17111576125836,1,0,3,0, Done, dt, 108.82888423874164
546.0,Elev,0,  arrived at src, 0, Elevator call,504.4317942159655,0,-1,2,0
546.0, elevID,0,  pos,0,  cmd, goto,-1
554.0,Elev,1,  arrived at dest, 10, this call is done!, Elevator call,332.4267319393355,0,10,3,1, Done, dt, 221.57326806066447
554.0,Elev,1,  arrived at dest, 10, this call is done!, Elevator call,405.1821140884023,-1,10,3,1, Done, dt, 148.81788591159773
554.0, elevID,1,  pos,10,  cmd, goto,-2
555.0,Elevator call,554.0892922920482,4,0,1,0, got allocated to elevator, 0
557.0,Elev,0,  arrived at dest, -1, this call is done!, Elevator call,321.37040904796595,7,-1,3,0, Done, dt, 235.62959095203405
557.0,Elev,0,  arrived at dest, -1, this call is done!, Elevator call,503.13847841893045,1,-1,3,0, Done, dt, 53.86152158106955
557.0,Elev,0,  arrived at dest, -1, this call is done!, Elevator call,504.4317942159655,0,-1,3,0, Done, dt, 52.56820578403449
557.0, elevID,0,  pos,-1,  cmd, goto,-2
558.0,Elevator call,557.2441390036331,10,0,1,0, got allocated to elevator, 0
566.0,Elevator call,565.0195521745534,0,-1,1,0, got allocated to elevator, 0
568.0, elevID,0,  pos,-2,  cmd, goto,10
576.0, elevID,1,  pos,-2,  cmd, goto,-1
582.0,Elevator call,581.8703090238192,0,3,1,1, got allocated to elevator, 1
587.0,Elev,1,  arrived at src, -1, Elevator call,537.7866883694313,-1,6,2,1
587.0, elevID,1,  pos,-1,  cmd, goto,0
590.0,Elev,0,  arrived at src, 10, Elevator call,472.7445473930129,10,-1,2,0
590.0,Elev,0,  arrived at src, 10, Elevator call,557.2441390036331,10,0,2,0
590.0, elevID,0,  pos,10,  cmd, goto,9
597.0,Elevator call,596.1232022872633,8,0,1,0, got allocated to elevator, 0
598.0,Elev,1,  arrived at src, 0, Elevator call,581.8703090238192,0,3,2,1
598.0, elevID,1,  pos,0,  cmd, goto,1
601.0,Elevator call,600.9312879686208,1,0,1,0, got allocated to elevator, 0
601.0, elevID,0,  pos,9,  cmd, goto,8
604.0,Elevator call,603.9342326983083,7,0,1,0, got allocated to elevator, 0
609.0, elevID,1,  pos,1,  cmd, goto,2
612.0,Elev,0,  arrived at src, 8, Elevator call,500.3712044996745,8,-1,2,0
612.0,Elev,0,  arrived at src, 8, Elevator call,596.1232022872633,8,0,2,0
612.0, elevID,0,  pos,8,  cmd, goto,7
618.0,Elevator call,617.9628338542149,0,3,1,1, got allocated to elevator, 1
620.0,Elevator call,619.6454196970012,9,0,1,0, got allocated to elevator, 0
620.0, elevID,1,  pos,2,  cmd, goto,3
623.0,Elev,0,  arrived at src, 7, Elevator call,603.9342326983083,7,0,2,0
623.0, elevID,0,  pos,7,  cmd, goto,6
627.0,Elevator call,626.2116172047942,0,1,1,1, got allocated to elevator, 1
631.0,Elev,1,  arrived at dest, 3, this call is done!, Elevator call,581.8703090238192,0,3,3,1, Done, dt, 49.12969097618077
631.0, elevID,1,  pos,3,  cmd, goto,4
634.0,Elev,0,  arrived at src, 6, Elevator call,544.7880392034898,6,-1,2,0
634.0, elevID,0,  pos,6,  cmd, goto,5
642.0, elevID,1,  pos,4,  cmd, goto,5
644.0,Elevator call,643.8547514955396,-1,2,1,1, got allocated to elevator, 1
645.0, elevID,0,  pos,5,  cmd, goto,4
653.0, elevID,1,  pos,5,  cmd, goto,6
656.0,Elev,0,  arrived at src, 4, Elevator call,554.0892922920482,4,0,2,0
656.0, elevID,0,  pos,4,  cmd, goto,3
661.0,Elevator call,660.0732907797126,6,10,1,1, got allocated to elevator, 1
662.0,Elevator call,661.0420820268716,-1,3,1,1, got allocated to elevator, 1
663.0,Elevator call,662.1730527520776,-1,5,1,1, got allocated to elevator, 1
664.0,Elev,1,  arrived at dest, 6, this call is done!, Elevator call,537.7866883694313,-1,6,3,1, Done, dt, 126.21331163056868
664.0,Elev,1,  arrived at src, 6, Elevator call,660.0732907797126,6,10,2,1
664.0, elevID,1,  pos,6,  cmd, goto,7
666.0,Elevator call,665.1155548533167,-1,8,1,1, got allocated to elevator, 1
667.0,Elevator call,666.0340294605869,4,0,1,0, got allocated to elevator, 0
667.0,Elevator call,666.2411586665262,5,-1,1,0, got allocated to elevator, 0
667.0,Elev,0,  arrived at src, 3, Elevator call,529.6277472128405,3,-1,2,0
667.0, elevID,0,  pos,3,  cmd, goto,2
673.0,Elevator call,672.677314157026,0,-1,1,0, got allocated to elevator, 0
675.0, elevID,1,  pos,7,  cmd, goto,8
678.0,Elevator call,677.7341948387335,0,-1,1,0, got allocated to elevator, 0
678.0, elevID,0,  pos,2,  cmd, goto,1
679.0,Elevator call,678.9953584914538,-1,-2,1,0, got allocated to elevator, 0
686.0, elevID,1,  pos,8,  cmd, goto,9
689.0,Elev,0,  arrived at src, 1, Elevator call,600.9312879686208,1,0,2,0
689.0, elevID,0,  pos,1,  cmd, goto,0
696.0,Elevator call,695.2239881566923,0,10,1,1, got allocated to elevator, 1
697.0, elevID,1,  pos,9,  cmd, goto,10
700.0,Elev,0,  arrived at dest, 0, this call is done!, Elevator call,554.0892922920482,4,0,3,0, Done, dt, 145.91070770795181
700.0,Elev,0,  arrived at dest, 0, this call is done!, Elevator call,557.2441390036331,10,0,3,0, Done, dt, 142.7558609963669
700.0,Elev,0,  arrived at src, 0, Elevator call,565.0195521745534,0,-1,2,0
700.0,Elev,0,  arrived at dest, 0, this call is done!, Elevator call,596.1232022872633,8,0,3,0, Done, dt, 103.87679771273667
700.0,Elev,0,  arrived at dest, 0, this call is done!, Elevator call,600.9312879686208,1,0,3,0, Done, dt, 99.06871203137916
700.0,Elev,0,  arrived at dest, 0, this call is done!, Elevator call,603.9342326983083,7,0,3,0, Done, dt, 96.06576730169172
700.0,Elev,0,  arrived at src, 0, Elevator call,672.677314157026,0,-1,2,0
700.0,Elev,0,  arrived at src, 0, Elevator call,677.7341948387335,0,-1,2,0
700.0, elevID,0,  pos,0,  cmd, goto,-1
707.0,Elevator call,706.1583474999188,-1,-2,1,0, got allocated to elevator, 0
708.0,Elev,1,  arrived at dest, 10, this call is done!, Elevator call,660.0732907797126,6,10,3,1, Done, dt, 47.92670922028742
708.0, elevID,1,  pos,10,  cmd, goto,-2
711.0,Elevator call,710.3249770041223,0,1,1,1, got allocated to elevator, 1
711.0,Elev,0,  arrived at dest, -1, this call is done!, Elevator call,472.7445473930129,10,-1,3,0, Done, dt, 238.2554526069871
711.0,Elev,0,  arrived at dest, -1, this call is done!, Elevator call,500.3712044996745,8,-1,3,0, Done, dt, 210.6287955003255
711.0,Elev,0,  arrived at dest, -1, this call is done!, Elevator call,529.6277472128405,3,-1,3,0, Done, dt, 181.37225278715948
711.0,Elev,0,  arrived at dest, -1, this call is done!, Elevator call,544.7880392034898,6,-1,3,0, Done, dt, 166.2119607965102
711.0,Elev,0,  arrived at dest, -1, this call is done!, Elevator call,565.0195521745534,0,-1,3,0, Done, dt, 145.98044782544662
711.0,Elev,0,  arrived at dest, -1, this call is done!, Elevator call,672.677314157026,0,-1,3,0, Done, dt, 38.32268584297401
711.0,Elev,0,  arrived at dest, -1, this call is done!, Elevator call,677.7341948387335,0,-1,3,0, Done, dt, 33.265805161266485
711.0,Elev,0,  arrived at src, -1, Elevator call,678.9953584914538,-1,-2,2,0
711.0,Elev,0,  arrived at src, -1, Elevator call,706.1583474999188,-1,-2,2,0
711.0, elevID,0,  pos,-1,  cmd, goto,-2
714.0,Elevator call,713.0191971398395,1,0,1,0, got allocated to elevator, 0
714.0,Elevator call,713.2499766424826,10,-1,1,0, got allocated to elevator, 0
722.0,Elev,0,  arrived at dest, -2, this call is done!, Elevator call,678.9953584914538,-1,-2,3,0, Done, dt, 43.00464150854623
722.0,Elev,0,  arrived at dest, -2, this call is done!, Elevator call,706.1583474999188,-1,-2,3,0, Done, dt, 15.841652500081182
722.0, elevID,0,  pos,-2,  cmd, goto,10
723.0,Elevator call,722.6161212799507,10,0,1,0, got allocated to elevator, 0
728.0,Elevator call,727.514602863032,-1,0,1,1, got allocated to elevator, 1
730.0, elevID,1,  pos,-2,  cmd, goto,-1
733.0,Elevator call,732.9746341348998,6,-1,1,0, got allocated to elevator, 0
738.0,Elevator call,737.314720213409,1,0,1,0, got allocated to elevator, 0
741.0,Elev,1,  arrived at src, -1, Elevator call,643.8547514955396,-1,2,2,1
741.0,Elev,1,  arrived at src, -1, Elevator call,661.0420820268716,-1,3,2,1
741.0,Elev,1,  arrived at src, -1, Elevator call,662.1730527520776,-1,5,2,1
741.0,Elev,1,  arrived at src, -1, Elevator call,665.1155548533167,-1,8,2,1
741.0,Elev,1,  arrived at src, -1, Elevator call,727.514602863032,-1,0,2,1
741.0, elevID,1,  pos,-1,  cmd, goto,0
744.0,Elev,0,  arrived at src, 10, Elevator call,713.2499766424826,10,-1,2,0
744.0,Elev,0,  arrived at src, 10, Elevator call,722.6161212799507,10,0,2,0
744.0, elevID,0,  pos,10,  cmd, goto,9
752.0,Elev,1,  arrived at src, 0, Elevator call,617.9628338542149,0,3,2,1
752.0,Elev,1,  arrived at src, 0, Elevator call,626.2116172047942,0,1,2,1
752.0,Elev,1,  arrived at src, 0, Elevator call,695.2239881566923,0,10,2,1
752.0,Elev,1,  arrived at src, 0, Elevator call,710.3249770041223,0,1,2,1
752.0,Elev,1,  arrived at dest, 0, this call is done!, Elevator call,727.514602863032,-1,0,3,1, Done, dt, 24.485397136968004
752.0, elevID,1,  pos,0,  cmd, goto,1
755.0,Elev,0,  arrived at src, 9, Elevator call,619.6454196970012,9,0,2,0
755.0, elevID,0,  pos,9,  cmd, goto,8
763.0,Elev,1,  arrived at dest, 1, this call is done!, Elevator call,626.2116172047942,0,1,3,1, Done, dt, 136.78838279520585
763.0,Elev,1,  arrived at dest, 1, this call is done!, Elevator call,710.3249770041223,0,1,3,1, Done, dt, 52.675022995877725
763.0, elevID,1,  pos,1,  cmd, goto,2
766.0, elevID,0,  pos,8,  cmd, goto,7
774.0,Elev,1,  arrived at dest, 2, this call is done!, Elevator call,643.8547514955396,-1,2,3,1, Done, dt, 130.14524850446037
774.0, elevID,1,  pos,2,  cmd, goto,3
777.0, elevID,0,  pos,7,  cmd, goto,6
780.0,Elevator call,779.399691386574,-1,5,1,1, got allocated to elevator, 1
785.0,Elev,1,  arrived at dest, 3, this call is done!, Elevator call,617.9628338542149,0,3,3,1, Done, dt, 167.03716614578514
785.0,Elev,1,  arrived at dest, 3, this call is done!, Elevator call,661.0420820268716,-1,3,3,1, Done, dt, 123.95791797312836
785.0, elevID,1,  pos,3,  cmd, goto,4
788.0,Elev,0,  arrived at src, 6, Elevator call,732.9746341348998,6,-1,2,0
788.0, elevID,0,  pos,6,  cmd, goto,5
796.0, elevID,1,  pos,4,  cmd, goto,5
799.0,Elev,0,  arrived at src, 5, Elevator call,666.2411586665262,5,-1,2,0
799.0, elevID,0,  pos,5,  cmd, goto,4
806.0,Elevator call,805.6754743307536,-1,-2,1,0, got allocated to elevator, 0
807.0,Elev,1,  arrived at dest, 5, this call is done!, Elevator call,662.1730527520776,-1,5,3,1, Done, dt, 144.82694724792236
807.0, elevID,1,  pos,5,  cmd, goto,6
810.0,Elev,0,  arrived at src, 4, Elevator call,666.0340294605869,4,0,2,0
810.0, elevID,0,  pos,4,  cmd, goto,3
811.0,Elevator call,810.4469089359914,2,0,1,0, got allocated to elevator, 0
817.0,Elevator call,816.1516998390152,7,-1,1,0, got allocated to elevator, 0
818.0, elevID,1,  pos,6,  cmd, goto,7
821.0, elevID,0,  pos,3,  cmd, goto,2
826.0,Elevator call,825.4575184586336,7,0,1,0, got allocated to elevator, 0
829.0, elevID,1,  pos,7,  cmd, goto,8
832.0,Elev,0,  arrived at src, 2, Elevator call,810.4469089359914,2,0,2,0
832.0, elevID,0,  pos,2,  cmd, goto,1
840.0,Elevator call,839.8525652620532,0,1,1,1, got allocated to elevator, 1
840.0,Elev,1,  arrived at dest, 8, this call is done!, Elevator call,665.1155548533167,-1,8,3,1, Done, dt, 174.88444514668333
840.0, elevID,1,  pos,8,  cmd, goto,9
843.0,Elev,0,  arrived at src, 1, Elevator call,713.0191971398395,1,0,2,0
843.0,Elev,0,  arrived at src, 1, Elevator call,737.314720213409,1,0,2,0
843.0, elevID,0,  pos,1,  cmd, goto,0
851.0, elevID,1,  pos,9,  cmd, goto,10
854.0,Elev,0,  arrived at dest, 0, this call is done!, Elevator call,619.6454196970012,9,0,3,0, Done, dt, 234.35458030299878
854.0,Elev,0,  arrived at dest, 0, this call is done!, Elevator call,666.0340294605869,4,0,3,0, Done, dt, 187.9659705394131
854.0,Elev,0,  arrived at dest, 0, this call is done!, Elevator call,713.0191971398395,1,0,3,0, Done, dt, 140.98080286016045
854.0,Elev,0,  arrived at dest, 0, this call is done!, Elevator call,722.6161212799507,10,0,3,0, Done, dt, 131.38387872004932
854.0,Elev,0,  arrived at dest, 0, this call is done!, Elevator call,737.314720213409,1,0,3,0, Done, dt, 116.68527978659097
854.0,Elev,0,  arrived at dest, 0, this call is done!, Elevator call,810.4469089359914,2,0,3,0, Done, dt, 43.55309106400864
854.0, elevID,0,  pos,0,  cmd, goto,-1
855.0,Elevator call,854.2002278085795,6,-1,1,0, got allocated to elevator, 0
862.0,Elev,1,  arrived at dest, 10, this call is done!, Elevator call,695.2239881566923,0,10,3,1, Done, dt, 166.77601184330774
862.0, elevID,1,  pos,10,  cmd, goto,-2
864.0,Elevator call,863.893291272948,0,-1,1,0, got allocated to elevator, 0
865.0,Elev,0,  arrived at dest, -1, this call is done!, Elevator call,666.2411586665262,5,-1,3,0, Done, dt, 198.7588413334738
865.0,Elev,0,  arrived at dest, -1, this call is done!, Elevator call,713.2499766424826,10,-1,3,0, Done, dt, 151.75002335751742
865.0,Elev,0,  arrived at dest, -1, this call is done!, Elevator call,732.9746341348998,6,-1,3,0, Done, dt, 132.02536586510018
865.0,Elev,0,  arrived at src, -1, Elevator call,805.6754743307536,-1,-2,2,0
865.0, elevID,0,  pos,-1,  cmd, goto,-2
871.0,Elevator call,870.5053023797483,0,7,1,1, got allocated to elevator, 1
876.0,Elev,0,  arrived at dest, -2, this call is done!, Elevator call,805.6754743307536,-1,-2,3,0, Done, dt, 70.32452566924644
876.0, elevID,0,  pos,-2,  cmd, goto,10
884.0, elevID,1,  pos,-2,  cmd, goto,-1
887.0,Elevator call,886.5649993239458,-1,-2,1,0, got allocated to elevator, 0
893.0,Elevator call,892.5212150591021,9,-1,1,0, got allocated to elevator, 0
895.0,Elev,1,  arrived at src, -1, Elevator call,779.399691386574,-1,5,2,1
895.0, elevID,1,  pos,-1,  cmd, goto,0
898.0, elevID,0,  pos,10,  cmd, goto,9
906.0,Elev,1,  arrived at src, 0, Elevator call,839.8525652620532,0,1,2,1
906.0,Elev,1,  arrived at src, 0, Elevator call,870.5053023797483,0,7,2,1
906.0, elevID,1,  pos,0,  cmd, goto,1
909.0,Elev,0,  arrived at src, 9, Elevator call,892.5212150591021,9,-1,2,0
909.0, elevID,0,  pos,9,  cmd, goto,8
911.0,Elevator call,910.5388559417848,6,5,1,0, got allocated to elevator, 0
916.0,Elevator call,915.9490574608818,4,-1,1,0, got allocated to elevator, 0
917.0,Elev,1,  arrived at dest, 1, this call is done!, Elevator call,839.8525652620532,0,1,3,1, Done, dt, 77.14743473794681
917.0, elevID,1,  pos,1,  cmd, goto,2
920.0, elevID,0,  pos,8,  cmd, goto,7
928.0, elevID,1,  pos,2,  cmd, goto,3
931.0,Elev,0,  arrived at src, 7, Elevator call,816.1516998390152,7,-1,2,0
931.0,Elev,0,  arrived at src, 7, Elevator call,825.4575184586336,7,0,2,0
931.0, elevID,0,  pos,7,  cmd, goto,6
934.0,Elevator call,933.8580452488764,7,5,1,0, got allocated to elevator, 0
939.0, elevID,1,  pos,3,  cmd, goto,4
942.0,Elev,0,  arrived at src, 6, Elevator call,854.2002278085795,6,-1,2,0
942.0,Elev,0,  arrived at src, 6, Elevator call,910.5388559417848,6,5,2,0
942.0, elevID,0,  pos,6,  cmd, goto,5
950.0, elevID,1,  pos,4,  cmd, goto,5
953.0,Elev,0,  arrived at dest, 5, this call is done!, Elevator call,910.5388559417848,6,5,3,0, Done, dt, 42.461144058215154
953.0, elevID,0,  pos,5,  cmd, goto,4
961.0,Elev,1,  arrived at dest, 5, this call is done!, Elevator call,779.399691386574,-1,5,3,1, Done, dt, 181.60030861342602
961.0, elevID,1,  pos,5,  cmd, goto,6
962.0,Elevator call,961.6862855708133,6,-1,1,0, got allocated to elevator, 0
964.0,Elev,0,  arrived at src, 4, Elevator call,915.9490574608818,4,-1,2,0
964.0, elevID,0,  pos,4,  cmd, goto,3
972.0, elevID,1,  pos,6,  cmd, goto,7
973.0,Elevator call,972.8032126022729,1,0,1,0, got allocated to elevator, 0
975.0, elevID,0,  pos,3,  cmd, goto,2
976.0,Elevator call,975.8361202753667,0,-1,1,0, got allocated to elevator, 0
979.0,Elevator call,978.5925148564796,10,0,1,0, got allocated to elevator, 0
979.0,Elevator call,978.6210500641439,10,-1,1,0, got allocated to elevator, 0
983.0,Elev,1,  arrived at dest, 7, this call is done!, Elevator call,870.5053023797483,0,7,3,1, Done, dt, 112.49469762025171
983.0, elevID,1,  pos,7,  cmd, goto,8
985.0,Elevator call,984.1840185574983,7,0,1,0, got allocated to elevator, 0
986.0, elevID,0,  pos,2,  cmd, goto,1
994.0, elevID,1,  pos,8,  cmd, goto,9
997.0,Elev,0,  arrived at src, 1, Elevator call,972.8032126022729,1,0,2,0
997.0, elevID,0,  pos,1,  cmd, goto,0
1000.0,************* Simulation Ended ************
Code Owners,123456789,  Case,2,  Total waiting time: 10969.792822120187,  average waiting time per call: 109.69792822120188,  unCompleted calls,14,  certificate, -3551725839
